# JRE version: OpenJDK Runtime Environment (17.0.7) (build 17.0.7+0-17.0.7b1000.6-10550314)
# Java VM: OpenJDK 64-Bit Server VM (17.0.7+0-17.0.7b1000.6-10550314, mixed mode, tiered, compressed oops, compressed class ptrs, g1 gc, linux-amd64)
GC Precious Log:
 CPUs: 6 total, 6 available
 Memory: 7792M
 Large Page Support: Disabled
 NUMA Support: Disabled
 Compressed Oops: Enabled (Zero based)
 Heap Region Size: 4M
 Heap Min Capacity: 8M
 Heap Initial Capacity: 124M
 Heap Max Capacity: 4608M
 Pre-touch: Disabled
 Parallel Workers: 6
 Concurrent Workers: 2
 Concurrent Refinement Workers: 6
 Periodic GC: Disabled
Heap:
 garbage-first heap   total 294912K, used 228287K [0x00000006e0000000, 0x0000000800000000)
  region size 4096K, 20 young (81920K), 2 survivors (8192K)
 Metaspace       used 105176K, committed 105856K, reserved 1179648K
  class space    used 14025K, committed 14336K, reserved 1048576K
GC Heap History (20 events):
Event: 5.158 GC heap after
{Heap after GC invocations=21 (full 0):
 garbage-first heap   total 204800K, used 79812K [0x00000006e0000000, 0x0000000800000000)
  region size 4096K, 2 young (8192K), 2 survivors (8192K)
 Metaspace       used 76098K, committed 76672K, reserved 1179648K
  class space    used 10390K, committed 10688K, reserved 1048576K
}
Event: 5.662 GC heap before
{Heap before GC invocations=21 (full 0):
 garbage-first heap   total 204800K, used 153540K [0x00000006e0000000, 0x0000000800000000)
  region size 4096K, 20 young (81920K), 2 survivors (8192K)
 Metaspace       used 81564K, committed 82176K, reserved 1179648K
  class space    used 11182K, committed 11456K, reserved 1048576K
}
Event: 5.671 GC heap after
{Heap after GC invocations=22 (full 0):
 garbage-first heap   total 204800K, used 83590K [0x00000006e0000000, 0x0000000800000000)
  region size 4096K, 2 young (8192K), 2 survivors (8192K)
 Metaspace       used 81564K, committed 82176K, reserved 1179648K
  class space    used 11182K, committed 11456K, reserved 1048576K
}
Event: 6.158 GC heap before
{Heap before GC invocations=22 (full 0):
 garbage-first heap   total 204800K, used 161414K [0x00000006e0000000, 0x0000000800000000)
  region size 4096K, 21 young (86016K), 2 survivors (8192K)
 Metaspace       used 88008K, committed 88640K, reserved 1179648K
  class space    used 12113K, committed 12416K, reserved 1048576K
}
Event: 6.164 GC heap after
{Heap after GC invocations=23 (full 0):
 garbage-first heap   total 245760K, used 88873K [0x00000006e0000000, 0x0000000800000000)
  region size 4096K, 3 young (12288K), 3 survivors (12288K)
 Metaspace       used 88008K, committed 88640K, reserved 1179648K
  class space    used 12113K, committed 12416K, reserved 1048576K
}
Event: 6.707 GC heap before
{Heap before GC invocations=23 (full 0):
 garbage-first heap   total 245760K, used 191273K [0x00000006e0000000, 0x0000000800000000)
  region size 4096K, 28 young (114688K), 3 survivors (12288K)
 Metaspace       used 92845K, committed 93504K, reserved 1179648K
  class space    used 12796K, committed 13120K, reserved 1048576K
}
Event: 6.720 GC heap after
{Heap after GC invocations=24 (full 0):
 garbage-first heap   total 245760K, used 101614K [0x00000006e0000000, 0x0000000800000000)
  region size 4096K, 4 young (16384K), 4 survivors (16384K)
 Metaspace       used 92845K, committed 93504K, reserved 1179648K
  class space    used 12796K, committed 13120K, reserved 1048576K
}
Event: 6.999 GC heap before
{Heap before GC invocations=24 (full 0):
 garbage-first heap   total 245760K, used 183534K [0x00000006e0000000, 0x0000000800000000)
  region size 4096K, 25 young (102400K), 4 survivors (16384K)
 Metaspace       used 93518K, committed 94144K, reserved 1179648K
  class space    used 12841K, committed 13120K, reserved 1048576K
}
Event: 7.010 GC heap after
{Heap after GC invocations=25 (full 0):
 garbage-first heap   total 245760K, used 108790K [0x00000006e0000000, 0x0000000800000000)
  region size 4096K, 3 young (12288K), 3 survivors (12288K)
 Metaspace       used 93518K, committed 94144K, reserved 1179648K
  class space    used 12841K, committed 13120K, reserved 1048576K
}
Event: 7.514 GC heap before
{Heap before GC invocations=25 (full 0):
 garbage-first heap   total 245760K, used 190710K [0x00000006e0000000, 0x0000000800000000)
  region size 4096K, 23 young (94208K), 3 survivors (12288K)
 Metaspace       used 96523K, committed 97152K, reserved 1179648K
  class space    used 13162K, committed 13440K, reserved 1048576K
}
Event: 7.524 GC heap after
{Heap after GC invocations=26 (full 0):
 garbage-first heap   total 245760K, used 121934K [0x00000006e0000000, 0x0000000800000000)
  region size 4096K, 3 young (12288K), 3 survivors (12288K)
 Metaspace       used 96523K, committed 97152K, reserved 1179648K
  class space    used 13162K, committed 13440K, reserved 1048576K
}
Event: 7.901 GC heap before
{Heap before GC invocations=26 (full 0):
 garbage-first heap   total 245760K, used 187470K [0x00000006e0000000, 0x0000000800000000)
  region size 4096K, 20 young (81920K), 3 survivors (12288K)
 Metaspace       used 98413K, committed 99072K, reserved 1179648K
  class space    used 13411K, committed 13696K, reserved 1048576K
}
Event: 7.915 GC heap after
{Heap after GC invocations=27 (full 0):
 garbage-first heap   total 294912K, used 138338K [0x00000006e0000000, 0x0000000800000000)
  region size 4096K, 3 young (12288K), 3 survivors (12288K)
 Metaspace       used 98413K, committed 99072K, reserved 1179648K
  class space    used 13411K, committed 13696K, reserved 1048576K
}
Event: 8.481 GC heap before
{Heap before GC invocations=27 (full 0):
 garbage-first heap   total 294912K, used 216162K [0x00000006e0000000, 0x0000000800000000)
  region size 4096K, 23 young (94208K), 3 survivors (12288K)
 Metaspace       used 100123K, committed 100864K, reserved 1179648K
  class space    used 13559K, committed 13952K, reserved 1048576K
}
Event: 8.493 GC heap after
{Heap after GC invocations=28 (full 0):
 garbage-first heap   total 294912K, used 142006K [0x00000006e0000000, 0x0000000800000000)
  region size 4096K, 1 young (4096K), 1 survivors (4096K)
 Metaspace       used 100123K, committed 100864K, reserved 1179648K
  class space    used 13559K, committed 13952K, reserved 1048576K
}
Event: 8.708 GC heap before
{Heap before GC invocations=28 (full 0):
 garbage-first heap   total 294912K, used 174774K [0x00000006e0000000, 0x0000000800000000)
  region size 4096K, 11 young (45056K), 1 survivors (4096K)
 Metaspace       used 100375K, committed 101120K, reserved 1179648K
  class space    used 13575K, committed 13952K, reserved 1048576K
}
Event: 8.713 GC heap after
{Heap after GC invocations=29 (full 0):
 garbage-first heap   total 294912K, used 147429K [0x00000006e0000000, 0x0000000800000000)
  region size 4096K, 2 young (8192K), 2 survivors (8192K)
 Metaspace       used 100375K, committed 101120K, reserved 1179648K
  class space    used 13575K, committed 13952K, reserved 1048576K
}
Event: 9.142 GC heap before
{Heap before GC invocations=30 (full 0):
 garbage-first heap   total 294912K, used 237541K [0x00000006e0000000, 0x0000000800000000)
  region size 4096K, 22 young (90112K), 2 survivors (8192K)
 Metaspace       used 102349K, committed 103040K, reserved 1179648K
  class space    used 13763K, committed 14080K, reserved 1048576K
}
Event: 9.150 GC heap after
{Heap after GC invocations=31 (full 0):
 garbage-first heap   total 294912K, used 154559K [0x00000006e0000000, 0x0000000800000000)
  region size 4096K, 3 young (12288K), 3 survivors (12288K)
 Metaspace       used 102349K, committed 103040K, reserved 1179648K
  class space    used 13763K, committed 14080K, reserved 1048576K
}
Event: 9.384 GC heap before
{Heap before GC invocations=31 (full 0):
 garbage-first heap   total 294912K, used 224191K [0x00000006e0000000, 0x0000000800000000)
  region size 4096K, 21 young (86016K), 3 survivors (12288K)
 Metaspace       used 105176K, committed 105856K, reserved 1179648K
  class space    used 14025K, committed 14336K, reserved 1048576K
}

