# JRE version: OpenJDK Runtime Environment (17.0.7) (build 17.0.7+0-17.0.7b1000.6-10550314)
# Java VM: OpenJDK 64-Bit Server VM (17.0.7+0-17.0.7b1000.6-10550314, mixed mode, tiered, compressed oops, compressed class ptrs, g1 gc, linux-amd64)
GC Precious Log:
 CPUs: 6 total, 6 available
 Memory: 7792M
 Large Page Support: Disabled
 NUMA Support: Disabled
 Compressed Oops: Enabled (Zero based)
 Heap Region Size: 4M
 Heap Min Capacity: 8M
 Heap Initial Capacity: 124M
 Heap Max Capacity: 4608M
 Pre-touch: Disabled
 Parallel Workers: 6
 Concurrent Workers: 2
 Concurrent Refinement Workers: 6
 Periodic GC: Disabled
Heap:
 garbage-first heap   total 397312K, used 174944K [0x00000006e0000000, 0x0000000800000000)
  region size 4096K, 4 young (16384K), 1 survivors (4096K)
 Metaspace       used 134748K, committed 135680K, reserved 1179648K
  class space    used 17914K, committed 18368K, reserved 1048576K
GC Heap History (20 events):
Event: 157.574 GC heap before
{Heap before GC invocations=65 (full 0):
 garbage-first heap   total 397312K, used 287752K [0x00000006e0000000, 0x0000000800000000)
  region size 4096K, 37 young (151552K), 1 survivors (4096K)
 Metaspace       used 115996K, committed 116864K, reserved 1179648K
  class space    used 15596K, committed 16000K, reserved 1048576K
}
Event: 157.584 GC heap after
{Heap after GC invocations=66 (full 0):
 garbage-first heap   total 397312K, used 161394K [0x00000006e0000000, 0x0000000800000000)
  region size 4096K, 5 young (20480K), 5 survivors (20480K)
 Metaspace       used 115996K, committed 116864K, reserved 1179648K
  class space    used 15596K, committed 16000K, reserved 1048576K
}
Event: 162.397 GC heap before
{Heap before GC invocations=66 (full 0):
 garbage-first heap   total 397312K, used 296562K [0x00000006e0000000, 0x0000000800000000)
  region size 4096K, 39 young (159744K), 5 survivors (20480K)
 Metaspace       used 116852K, committed 117760K, reserved 1179648K
  class space    used 15636K, committed 16064K, reserved 1048576K
}
Event: 162.413 GC heap after
{Heap after GC invocations=67 (full 0):
 garbage-first heap   total 397312K, used 180160K [0x00000006e0000000, 0x0000000800000000)
  region size 4096K, 5 young (20480K), 5 survivors (20480K)
 Metaspace       used 116852K, committed 117760K, reserved 1179648K
  class space    used 15636K, committed 16064K, reserved 1048576K
}
Event: 163.063 GC heap before
{Heap before GC invocations=67 (full 0):
 garbage-first heap   total 397312K, used 217024K [0x00000006e0000000, 0x0000000800000000)
  region size 4096K, 15 young (61440K), 5 survivors (20480K)
 Metaspace       used 116988K, committed 117824K, reserved 1179648K
  class space    used 15639K, committed 16064K, reserved 1048576K
}
Event: 163.073 GC heap after
{Heap after GC invocations=68 (full 0):
 garbage-first heap   total 397312K, used 187414K [0x00000006e0000000, 0x0000000800000000)
  region size 4096K, 2 young (8192K), 2 survivors (8192K)
 Metaspace       used 116988K, committed 117824K, reserved 1179648K
  class space    used 15639K, committed 16064K, reserved 1048576K
}
Event: 164.565 GC heap before
{Heap before GC invocations=69 (full 0):
 garbage-first heap   total 397312K, used 326678K [0x00000006e0000000, 0x0000000800000000)
  region size 4096K, 33 young (135168K), 2 survivors (8192K)
 Metaspace       used 119732K, committed 120576K, reserved 1179648K
  class space    used 15874K, committed 16256K, reserved 1048576K
}
Event: 164.573 GC heap after
{Heap after GC invocations=70 (full 0):
 garbage-first heap   total 397312K, used 200471K [0x00000006e0000000, 0x0000000800000000)
  region size 4096K, 5 young (20480K), 5 survivors (20480K)
 Metaspace       used 119732K, committed 120576K, reserved 1179648K
  class space    used 15874K, committed 16256K, reserved 1048576K
}
Event: 164.578 GC heap before
{Heap before GC invocations=70 (full 0):
 garbage-first heap   total 397312K, used 200471K [0x00000006e0000000, 0x0000000800000000)
  region size 4096K, 6 young (24576K), 5 survivors (20480K)
 Metaspace       used 119746K, committed 120576K, reserved 1179648K
  class space    used 15874K, committed 16256K, reserved 1048576K
}
Event: 164.592 GC heap after
{Heap after GC invocations=71 (full 0):
 garbage-first heap   total 397312K, used 194188K [0x00000006e0000000, 0x0000000800000000)
  region size 4096K, 1 young (4096K), 1 survivors (4096K)
 Metaspace       used 119746K, committed 120576K, reserved 1179648K
  class space    used 15874K, committed 16256K, reserved 1048576K
}
Event: 165.325 GC heap before
{Heap before GC invocations=71 (full 0):
 garbage-first heap   total 397312K, used 304780K [0x00000006e0000000, 0x0000000800000000)
  region size 4096K, 29 young (118784K), 1 survivors (4096K)
 Metaspace       used 120540K, committed 121408K, reserved 1179648K
  class space    used 15898K, committed 16320K, reserved 1048576K
}
Event: 165.328 GC heap after
{Heap after GC invocations=72 (full 0):
 garbage-first heap   total 397312K, used 195437K [0x00000006e0000000, 0x0000000800000000)
  region size 4096K, 1 young (4096K), 1 survivors (4096K)
 Metaspace       used 120540K, committed 121408K, reserved 1179648K
  class space    used 15898K, committed 16320K, reserved 1048576K
}
Event: 169.654 GC heap before
{Heap before GC invocations=72 (full 0):
 garbage-first heap   total 397312K, used 310125K [0x00000006e0000000, 0x0000000800000000)
  region size 4096K, 30 young (122880K), 1 survivors (4096K)
 Metaspace       used 122422K, committed 123392K, reserved 1179648K
  class space    used 16138K, committed 16640K, reserved 1048576K
}
Event: 169.669 GC heap after
{Heap after GC invocations=73 (full 0):
 garbage-first heap   total 397312K, used 198410K [0x00000006e0000000, 0x0000000800000000)
  region size 4096K, 2 young (8192K), 2 survivors (8192K)
 Metaspace       used 122422K, committed 123392K, reserved 1179648K
  class space    used 16138K, committed 16640K, reserved 1048576K
}
Event: 176.462 GC heap before
{Heap before GC invocations=73 (full 0):
 garbage-first heap   total 397312K, used 317194K [0x00000006e0000000, 0x0000000800000000)
  region size 4096K, 32 young (131072K), 2 survivors (8192K)
 Metaspace       used 124572K, committed 125504K, reserved 1179648K
  class space    used 16414K, committed 16896K, reserved 1048576K
}
Event: 176.469 GC heap after
{Heap after GC invocations=74 (full 0):
 garbage-first heap   total 397312K, used 209962K [0x00000006e0000000, 0x0000000800000000)
  region size 4096K, 4 young (16384K), 4 survivors (16384K)
 Metaspace       used 124572K, committed 125504K, reserved 1179648K
  class space    used 16414K, committed 16896K, reserved 1048576K
}
Event: 193.572 GC heap before
{Heap before GC invocations=75 (full 0):
 garbage-first heap   total 397312K, used 304170K [0x00000006e0000000, 0x0000000800000000)
  region size 4096K, 31 young (126976K), 4 survivors (16384K)
 Metaspace       used 132340K, committed 133312K, reserved 1179648K
  class space    used 17498K, committed 17984K, reserved 1048576K
}
Event: 193.583 GC heap after
{Heap after GC invocations=76 (full 0):
 garbage-first heap   total 397312K, used 203885K [0x00000006e0000000, 0x0000000800000000)
  region size 4096K, 2 young (8192K), 2 survivors (8192K)
 Metaspace       used 132340K, committed 133312K, reserved 1179648K
  class space    used 17498K, committed 17984K, reserved 1048576K
}
Event: 194.630 GC heap before
{Heap before GC invocations=76 (full 0):
 garbage-first heap   total 397312K, used 212077K [0x00000006e0000000, 0x0000000800000000)
  region size 4096K, 4 young (16384K), 2 survivors (8192K)
 Metaspace       used 133696K, committed 134656K, reserved 1179648K
  class space    used 17747K, committed 18240K, reserved 1048576K
}
Event: 194.643 GC heap after
{Heap after GC invocations=77 (full 0):
 garbage-first heap   total 397312K, used 170848K [0x00000006e0000000, 0x0000000800000000)
  region size 4096K, 1 young (4096K), 1 survivors (4096K)
 Metaspace       used 133696K, committed 134656K, reserved 1179648K
  class space    used 17747K, committed 18240K, reserved 1048576K
}

