# JRE version: OpenJDK Runtime Environment (17.0.7) (build 17.0.7+0-17.0.7b1000.6-10550314)
# Java VM: OpenJDK 64-Bit Server VM (17.0.7+0-17.0.7b1000.6-10550314, mixed mode, tiered, compressed oops, compressed class ptrs, g1 gc, linux-amd64)
GC Precious Log:
 CPUs: 6 total, 6 available
 Memory: 7792M
 Large Page Support: Disabled
 NUMA Support: Disabled
 Compressed Oops: Enabled (Zero based)
 Heap Region Size: 4M
 Heap Min Capacity: 8M
 Heap Initial Capacity: 124M
 Heap Max Capacity: 4608M
 Pre-touch: Disabled
 Parallel Workers: 6
 Concurrent Workers: 2
 Concurrent Refinement Workers: 6
 Periodic GC: Disabled
Heap:
 garbage-first heap   total 1302528K, used 1016429K [0x00000006e0000000, 0x0000000800000000)
  region size 4096K, 168 young (688128K), 6 survivors (24576K)
 Metaspace       used 143121K, committed 144192K, reserved 1179648K
  class space    used 18734K, committed 19200K, reserved 1048576K
GC Heap History (20 events):
Event: 32.799 GC heap after
{Heap after GC invocations=45 (full 0):
 garbage-first heap   total 380928K, used 198889K [0x00000006e0000000, 0x0000000800000000)
  region size 4096K, 3 young (12288K), 3 survivors (12288K)
 Metaspace       used 132280K, committed 133120K, reserved 1179648K
  class space    used 17455K, committed 17856K, reserved 1048576K
}
Event: 33.295 GC heap before
{Heap before GC invocations=45 (full 0):
 garbage-first heap   total 380928K, used 309481K [0x00000006e0000000, 0x0000000800000000)
  region size 4096K, 30 young (122880K), 3 survivors (12288K)
 Metaspace       used 134304K, committed 135232K, reserved 1179648K
  class space    used 17726K, committed 18176K, reserved 1048576K
}
Event: 33.319 GC heap after
{Heap after GC invocations=46 (full 0):
 garbage-first heap   total 380928K, used 201275K [0x00000006e0000000, 0x0000000800000000)
  region size 4096K, 3 young (12288K), 3 survivors (12288K)
 Metaspace       used 134304K, committed 135232K, reserved 1179648K
  class space    used 17726K, committed 18176K, reserved 1048576K
}
Event: 33.641 GC heap before
{Heap before GC invocations=46 (full 0):
 garbage-first heap   total 380928K, used 311867K [0x00000006e0000000, 0x0000000800000000)
  region size 4096K, 31 young (126976K), 3 survivors (12288K)
 Metaspace       used 136442K, committed 137344K, reserved 1179648K
  class space    used 18043K, committed 18496K, reserved 1048576K
}
Event: 33.652 GC heap after
{Heap after GC invocations=47 (full 0):
 garbage-first heap   total 520192K, used 203813K [0x00000006e0000000, 0x0000000800000000)
  region size 4096K, 3 young (12288K), 3 survivors (12288K)
 Metaspace       used 136442K, committed 137344K, reserved 1179648K
  class space    used 18043K, committed 18496K, reserved 1048576K
}
Event: 36.227 GC heap before
{Heap before GC invocations=47 (full 0):
 garbage-first heap   total 520192K, used 441381K [0x00000006e0000000, 0x0000000800000000)
  region size 4096K, 59 young (241664K), 3 survivors (12288K)
 Metaspace       used 139489K, committed 140416K, reserved 1179648K
  class space    used 18438K, committed 18880K, reserved 1048576K
}
Event: 36.272 GC heap after
{Heap after GC invocations=48 (full 0):
 garbage-first heap   total 520192K, used 253461K [0x00000006e0000000, 0x0000000800000000)
  region size 4096K, 8 young (32768K), 8 survivors (32768K)
 Metaspace       used 139489K, committed 140416K, reserved 1179648K
  class space    used 18438K, committed 18880K, reserved 1048576K
}
Event: 36.829 GC heap before
{Heap before GC invocations=48 (full 0):
 garbage-first heap   total 520192K, used 400917K [0x00000006e0000000, 0x0000000800000000)
  region size 4096K, 45 young (184320K), 8 survivors (32768K)
 Metaspace       used 139913K, committed 140864K, reserved 1179648K
  class space    used 18475K, committed 18944K, reserved 1048576K
}
Event: 36.899 GC heap after
{Heap after GC invocations=49 (full 0):
 garbage-first heap   total 520192K, used 324678K [0x00000006e0000000, 0x0000000800000000)
  region size 4096K, 6 young (24576K), 6 survivors (24576K)
 Metaspace       used 139913K, committed 140864K, reserved 1179648K
  class space    used 18475K, committed 18944K, reserved 1048576K
}
Event: 37.205 GC heap before
{Heap before GC invocations=49 (full 0):
 garbage-first heap   total 520192K, used 398406K [0x00000006e0000000, 0x0000000800000000)
  region size 4096K, 24 young (98304K), 6 survivors (24576K)
 Metaspace       used 140414K, committed 141312K, reserved 1179648K
  class space    used 18566K, committed 19008K, reserved 1048576K
}
Event: 37.229 GC heap after
{Heap after GC invocations=50 (full 0):
 garbage-first heap   total 520192K, used 343346K [0x00000006e0000000, 0x0000000800000000)
  region size 4096K, 3 young (12288K), 3 survivors (12288K)
 Metaspace       used 140414K, committed 141312K, reserved 1179648K
  class space    used 18566K, committed 19008K, reserved 1048576K
}
Event: 37.719 GC heap before
{Heap before GC invocations=51 (full 0):
 garbage-first heap   total 651264K, used 408882K [0x00000006e0000000, 0x0000000800000000)
  region size 4096K, 20 young (81920K), 3 survivors (12288K)
 Metaspace       used 140483K, committed 141440K, reserved 1179648K
  class space    used 18569K, committed 19008K, reserved 1048576K
}
Event: 37.755 GC heap after
{Heap after GC invocations=52 (full 0):
 garbage-first heap   total 651264K, used 352096K [0x00000006e0000000, 0x0000000800000000)
  region size 4096K, 2 young (8192K), 2 survivors (8192K)
 Metaspace       used 140483K, committed 141440K, reserved 1179648K
  class space    used 18569K, committed 19008K, reserved 1048576K
}
Event: 37.854 GC heap before
{Heap before GC invocations=52 (full 0):
 garbage-first heap   total 651264K, used 372576K [0x00000006e0000000, 0x0000000800000000)
  region size 4096K, 7 young (28672K), 2 survivors (8192K)
 Metaspace       used 140483K, committed 141440K, reserved 1179648K
  class space    used 18569K, committed 19008K, reserved 1048576K
}
Event: 37.904 GC heap after
{Heap after GC invocations=53 (full 0):
 garbage-first heap   total 1302528K, used 314394K [0x00000006e0000000, 0x0000000800000000)
  region size 4096K, 1 young (4096K), 1 survivors (4096K)
 Metaspace       used 140483K, committed 141440K, reserved 1179648K
  class space    used 18569K, committed 19008K, reserved 1048576K
}
Event: 55.624 GC heap before
{Heap before GC invocations=53 (full 0):
 garbage-first heap   total 1302528K, used 846874K [0x00000006e0000000, 0x0000000800000000)
  region size 4096K, 128 young (524288K), 1 survivors (4096K)
 Metaspace       used 141748K, committed 142720K, reserved 1179648K
  class space    used 18665K, committed 19136K, reserved 1048576K
}
Event: 55.662 GC heap after
{Heap after GC invocations=54 (full 0):
 garbage-first heap   total 1302528K, used 355948K [0x00000006e0000000, 0x0000000800000000)
  region size 4096K, 12 young (49152K), 12 survivors (49152K)
 Metaspace       used 141748K, committed 142720K, reserved 1179648K
  class space    used 18665K, committed 19136K, reserved 1048576K
}
Event: 57.002 GC heap before
{Heap before GC invocations=54 (full 0):
 garbage-first heap   total 1302528K, used 970348K [0x00000006e0000000, 0x0000000800000000)
  region size 4096K, 160 young (655360K), 12 survivors (49152K)
 Metaspace       used 142260K, committed 143296K, reserved 1179648K
  class space    used 18667K, committed 19136K, reserved 1048576K
}
Event: 57.036 GC heap after
{Heap after GC invocations=55 (full 0):
 garbage-first heap   total 1302528K, used 352877K [0x00000006e0000000, 0x0000000800000000)
  region size 4096K, 5 young (20480K), 5 survivors (20480K)
 Metaspace       used 142260K, committed 143296K, reserved 1179648K
  class space    used 18667K, committed 19136K, reserved 1048576K
}
Event: 64.524 GC heap before
{Heap before GC invocations=55 (full 0):
 garbage-first heap   total 1302528K, used 1016429K [0x00000006e0000000, 0x0000000800000000)
  region size 4096K, 167 young (684032K), 5 survivors (20480K)
 Metaspace       used 143121K, committed 144192K, reserved 1179648K
  class space    used 18734K, committed 19200K, reserved 1048576K
}

