# JRE version: OpenJDK Runtime Environment (17.0.7) (build 17.0.7+0-17.0.7b1000.6-10550314)
# Java VM: OpenJDK 64-Bit Server VM (17.0.7+0-17.0.7b1000.6-10550314, mixed mode, tiered, compressed oops, compressed class ptrs, g1 gc, linux-amd64)
GC Precious Log:
 CPUs: 6 total, 6 available
 Memory: 7792M
 Large Page Support: Disabled
 NUMA Support: Disabled
 Compressed Oops: Enabled (Zero based)
 Heap Region Size: 4M
 Heap Min Capacity: 8M
 Heap Initial Capacity: 124M
 Heap Max Capacity: 4608M
 Pre-touch: Disabled
 Parallel Workers: 6
 Concurrent Workers: 2
 Concurrent Refinement Workers: 6
 Periodic GC: Disabled
Heap:
 garbage-first heap   total 1015808K, used 732335K [0x00000006e0000000, 0x0000000800000000)
  region size 4096K, 108 young (442368K), 13 survivors (53248K)
 Metaspace       used 150020K, committed 150976K, reserved 1245184K
  class space    used 19640K, committed 20096K, reserved 1048576K
GC Heap History (20 events):
Event: 47.910 GC heap after
{Heap after GC invocations=61 (full 0):
 garbage-first heap   total 516096K, used 153473K [0x00000006e0000000, 0x0000000800000000)
  region size 4096K, 3 young (12288K), 3 survivors (12288K)
 Metaspace       used 113643K, committed 114432K, reserved 1179648K
  class space    used 14985K, committed 15360K, reserved 1048576K
}
Event: 61.109 GC heap before
{Heap before GC invocations=61 (full 0):
 garbage-first heap   total 516096K, used 403329K [0x00000006e0000000, 0x0000000800000000)
  region size 4096K, 65 young (266240K), 3 survivors (12288K)
 Metaspace       used 120124K, committed 120896K, reserved 1179648K
  class space    used 15841K, committed 16192K, reserved 1048576K
}
Event: 61.124 GC heap after
{Heap after GC invocations=62 (full 0):
 garbage-first heap   total 516096K, used 168059K [0x00000006e0000000, 0x0000000800000000)
  region size 4096K, 6 young (24576K), 6 survivors (24576K)
 Metaspace       used 120124K, committed 120896K, reserved 1179648K
  class space    used 15841K, committed 16192K, reserved 1048576K
}
Event: 74.299 GC heap before
{Heap before GC invocations=62 (full 0):
 garbage-first heap   total 516096K, used 409723K [0x00000006e0000000, 0x0000000800000000)
  region size 4096K, 65 young (266240K), 6 survivors (24576K)
 Metaspace       used 135025K, committed 135936K, reserved 1179648K
  class space    used 17900K, committed 18304K, reserved 1048576K
}
Event: 74.316 GC heap after
{Heap after GC invocations=63 (full 0):
 garbage-first heap   total 516096K, used 178805K [0x00000006e0000000, 0x0000000800000000)
  region size 4096K, 7 young (28672K), 7 survivors (28672K)
 Metaspace       used 135025K, committed 135936K, reserved 1179648K
  class space    used 17900K, committed 18304K, reserved 1048576K
}
Event: 75.248 GC heap before
{Heap before GC invocations=63 (full 0):
 garbage-first heap   total 516096K, used 412277K [0x00000006e0000000, 0x0000000800000000)
  region size 4096K, 64 young (262144K), 7 survivors (28672K)
 Metaspace       used 135986K, committed 136832K, reserved 1179648K
  class space    used 17958K, committed 18368K, reserved 1048576K
}
Event: 75.260 GC heap after
{Heap after GC invocations=64 (full 0):
 garbage-first heap   total 516096K, used 178826K [0x00000006e0000000, 0x0000000800000000)
  region size 4096K, 4 young (16384K), 4 survivors (16384K)
 Metaspace       used 135986K, committed 136832K, reserved 1179648K
  class space    used 17958K, committed 18368K, reserved 1048576K
}
Event: 80.002 GC heap before
{Heap before GC invocations=64 (full 0):
 garbage-first heap   total 516096K, used 428682K [0x00000006e0000000, 0x0000000800000000)
  region size 4096K, 63 young (258048K), 4 survivors (16384K)
 Metaspace       used 138708K, committed 139584K, reserved 1179648K
  class space    used 18327K, committed 18752K, reserved 1048576K
}
Event: 80.029 GC heap after
{Heap after GC invocations=65 (full 0):
 garbage-first heap   total 516096K, used 214045K [0x00000006e0000000, 0x0000000800000000)
  region size 4096K, 8 young (32768K), 8 survivors (32768K)
 Metaspace       used 138708K, committed 139584K, reserved 1179648K
  class space    used 18327K, committed 18752K, reserved 1048576K
}
Event: 80.564 GC heap before
{Heap before GC invocations=65 (full 0):
 garbage-first heap   total 516096K, used 402461K [0x00000006e0000000, 0x0000000800000000)
  region size 4096K, 55 young (225280K), 8 survivors (32768K)
 Metaspace       used 139203K, committed 140096K, reserved 1179648K
  class space    used 18369K, committed 18816K, reserved 1048576K
}
Event: 80.635 GC heap after
{Heap after GC invocations=66 (full 0):
 garbage-first heap   total 524288K, used 298342K [0x00000006e0000000, 0x0000000800000000)
  region size 4096K, 7 young (28672K), 7 survivors (28672K)
 Metaspace       used 139203K, committed 140096K, reserved 1179648K
  class space    used 18369K, committed 18816K, reserved 1048576K
}
Event: 81.098 GC heap before
{Heap before GC invocations=66 (full 0):
 garbage-first heap   total 524288K, used 392550K [0x00000006e0000000, 0x0000000800000000)
  region size 4096K, 30 young (122880K), 7 survivors (28672K)
 Metaspace       used 139783K, committed 140672K, reserved 1179648K
  class space    used 18462K, committed 18880K, reserved 1048576K
}
Event: 81.133 GC heap after
{Heap after GC invocations=67 (full 0):
 garbage-first heap   total 524288K, used 316239K [0x00000006e0000000, 0x0000000800000000)
  region size 4096K, 4 young (16384K), 4 survivors (16384K)
 Metaspace       used 139783K, committed 140672K, reserved 1179648K
  class space    used 18462K, committed 18880K, reserved 1048576K
}
Event: 81.669 GC heap before
{Heap before GC invocations=68 (full 0):
 garbage-first heap   total 573440K, used 394063K [0x00000006e0000000, 0x0000000800000000)
  region size 4096K, 25 young (102400K), 4 survivors (16384K)
 Metaspace       used 139805K, committed 140672K, reserved 1179648K
  class space    used 18462K, committed 18880K, reserved 1048576K
}
Event: 81.687 GC heap after
{Heap after GC invocations=69 (full 0):
 garbage-first heap   total 573440K, used 319232K [0x00000006e0000000, 0x0000000800000000)
  region size 4096K, 2 young (8192K), 2 survivors (8192K)
 Metaspace       used 139805K, committed 140672K, reserved 1179648K
  class space    used 18462K, committed 18880K, reserved 1048576K
}
Event: 81.882 GC heap before
{Heap before GC invocations=69 (full 0):
 garbage-first heap   total 573440K, used 335616K [0x00000006e0000000, 0x0000000800000000)
  region size 4096K, 7 young (28672K), 2 survivors (8192K)
 Metaspace       used 139805K, committed 140672K, reserved 1179648K
  class space    used 18462K, committed 18880K, reserved 1048576K
}
Event: 81.894 GC heap after
{Heap after GC invocations=70 (full 0):
 garbage-first heap   total 573440K, used 299520K [0x00000006e0000000, 0x0000000800000000)
  region size 4096K, 1 young (4096K), 1 survivors (4096K)
 Metaspace       used 139805K, committed 140672K, reserved 1179648K
  class space    used 18462K, committed 18880K, reserved 1048576K
}
Event: 82.549 GC heap before
{Heap before GC invocations=70 (full 0):
 garbage-first heap   total 573440K, used 438784K [0x00000006e0000000, 0x0000000800000000)
  region size 4096K, 33 young (135168K), 1 survivors (4096K)
 Metaspace       used 139936K, committed 140864K, reserved 1179648K
  class space    used 18470K, committed 18944K, reserved 1048576K
}
Event: 82.558 GC heap after
{Heap after GC invocations=71 (full 0):
 garbage-first heap   total 1015808K, used 330927K [0x00000006e0000000, 0x0000000800000000)
  region size 4096K, 5 young (20480K), 5 survivors (20480K)
 Metaspace       used 139936K, committed 140864K, reserved 1179648K
  class space    used 18470K, committed 18944K, reserved 1048576K
}
Event: 90.539 GC heap before
{Heap before GC invocations=71 (full 0):
 garbage-first heap   total 1015808K, used 728239K [0x00000006e0000000, 0x0000000800000000)
  region size 4096K, 100 young (409600K), 5 survivors (20480K)
 Metaspace       used 150020K, committed 150976K, reserved 1245184K
  class space    used 19640K, committed 20096K, reserved 1048576K
}

