# JRE version: OpenJDK Runtime Environment (17.0.7) (build 17.0.7+0-17.0.7b1000.6-10550314)
# Java VM: OpenJDK 64-Bit Server VM (17.0.7+0-17.0.7b1000.6-10550314, mixed mode, tiered, compressed oops, compressed class ptrs, g1 gc, linux-amd64)
GC Precious Log:
 CPUs: 6 total, 6 available
 Memory: 7792M
 Large Page Support: Disabled
 NUMA Support: Disabled
 Compressed Oops: Enabled (Zero based)
 Heap Region Size: 4M
 Heap Min Capacity: 8M
 Heap Initial Capacity: 124M
 Heap Max Capacity: 4608M
 Pre-touch: Disabled
 Parallel Workers: 6
 Concurrent Workers: 2
 Concurrent Refinement Workers: 6
 Periodic GC: Disabled
Heap:
 garbage-first heap   total 626688K, used 532448K [0x00000006e0000000, 0x0000000800000000)
  region size 4096K, 80 young (327680K), 2 survivors (8192K)
 Metaspace       used 135802K, committed 136640K, reserved 1179648K
  class space    used 18025K, committed 18432K, reserved 1048576K
GC Heap History (20 events):
Event: 68.044 GC heap before
{Heap before GC invocations=64 (full 0):
 garbage-first heap   total 286720K, used 211951K [0x00000006e0000000, 0x0000000800000000)
  region size 4096K, 14 young (57344K), 3 survivors (12288K)
 Metaspace       used 121126K, committed 121856K, reserved 1179648K
  class space    used 16324K, committed 16640K, reserved 1048576K
}
Event: 68.056 GC heap after
{Heap after GC invocations=65 (full 0):
 garbage-first heap   total 286720K, used 176076K [0x00000006e0000000, 0x0000000800000000)
  region size 4096K, 2 young (8192K), 2 survivors (8192K)
 Metaspace       used 121126K, committed 121856K, reserved 1179648K
  class space    used 16324K, committed 16640K, reserved 1048576K
}
Event: 68.922 GC heap before
{Heap before GC invocations=65 (full 0):
 garbage-first heap   total 286720K, used 229324K [0x00000006e0000000, 0x0000000800000000)
  region size 4096K, 15 young (61440K), 2 survivors (8192K)
 Metaspace       used 122094K, committed 122816K, reserved 1179648K
  class space    used 16483K, committed 16832K, reserved 1048576K
}
Event: 68.932 GC heap after
{Heap after GC invocations=66 (full 0):
 garbage-first heap   total 286720K, used 185013K [0x00000006e0000000, 0x0000000800000000)
  region size 4096K, 2 young (8192K), 2 survivors (8192K)
 Metaspace       used 122094K, committed 122816K, reserved 1179648K
  class space    used 16483K, committed 16832K, reserved 1048576K
}
Event: 69.412 GC heap before
{Heap before GC invocations=67 (full 0):
 garbage-first heap   total 323584K, used 225973K [0x00000006e0000000, 0x0000000800000000)
  region size 4096K, 12 young (49152K), 2 survivors (8192K)
 Metaspace       used 123719K, committed 124416K, reserved 1179648K
  class space    used 16708K, committed 17024K, reserved 1048576K
}
Event: 69.420 GC heap after
{Heap after GC invocations=68 (full 0):
 garbage-first heap   total 323584K, used 190398K [0x00000006e0000000, 0x0000000800000000)
  region size 4096K, 2 young (8192K), 2 survivors (8192K)
 Metaspace       used 123719K, committed 124416K, reserved 1179648K
  class space    used 16708K, committed 17024K, reserved 1048576K
}
Event: 70.369 GC heap before
{Heap before GC invocations=68 (full 0):
 garbage-first heap   total 323584K, used 251838K [0x00000006e0000000, 0x0000000800000000)
  region size 4096K, 18 young (73728K), 2 survivors (8192K)
 Metaspace       used 126381K, committed 127104K, reserved 1179648K
  class space    used 16996K, committed 17344K, reserved 1048576K
}
Event: 70.379 GC heap after
{Heap after GC invocations=69 (full 0):
 garbage-first heap   total 323584K, used 194279K [0x00000006e0000000, 0x0000000800000000)
  region size 4096K, 3 young (12288K), 3 survivors (12288K)
 Metaspace       used 126381K, committed 127104K, reserved 1179648K
  class space    used 16996K, committed 17344K, reserved 1048576K
}
Event: 70.777 GC heap before
{Heap before GC invocations=70 (full 0):
 garbage-first heap   total 368640K, used 255719K [0x00000006e0000000, 0x0000000800000000)
  region size 4096K, 18 young (73728K), 3 survivors (12288K)
 Metaspace       used 128826K, committed 129536K, reserved 1179648K
  class space    used 17307K, committed 17664K, reserved 1048576K
}
Event: 70.785 GC heap after
{Heap after GC invocations=71 (full 0):
 garbage-first heap   total 368640K, used 195400K [0x00000006e0000000, 0x0000000800000000)
  region size 4096K, 2 young (8192K), 2 survivors (8192K)
 Metaspace       used 128826K, committed 129536K, reserved 1179648K
  class space    used 17307K, committed 17664K, reserved 1048576K
}
Event: 70.813 GC heap before
{Heap before GC invocations=71 (full 0):
 garbage-first heap   total 368640K, used 203592K [0x00000006e0000000, 0x0000000800000000)
  region size 4096K, 4 young (16384K), 2 survivors (8192K)
 Metaspace       used 128904K, committed 129600K, reserved 1179648K
  class space    used 17309K, committed 17664K, reserved 1048576K
}
Event: 70.820 GC heap after
{Heap after GC invocations=72 (full 0):
 garbage-first heap   total 368640K, used 194169K [0x00000006e0000000, 0x0000000800000000)
  region size 4096K, 1 young (4096K), 1 survivors (4096K)
 Metaspace       used 128904K, committed 129600K, reserved 1179648K
  class space    used 17309K, committed 17664K, reserved 1048576K
}
Event: 71.084 GC heap before
{Heap before GC invocations=72 (full 0):
 garbage-first heap   total 368640K, used 292473K [0x00000006e0000000, 0x0000000800000000)
  region size 4096K, 25 young (102400K), 1 survivors (4096K)
 Metaspace       used 129562K, committed 130240K, reserved 1179648K
  class space    used 17338K, committed 17664K, reserved 1048576K
}
Event: 71.088 GC heap after
{Heap after GC invocations=73 (full 0):
 garbage-first heap   total 626688K, used 194769K [0x00000006e0000000, 0x0000000800000000)
  region size 4096K, 1 young (4096K), 1 survivors (4096K)
 Metaspace       used 129562K, committed 130240K, reserved 1179648K
  class space    used 17338K, committed 17664K, reserved 1048576K
}
Event: 73.110 GC heap before
{Heap before GC invocations=74 (full 0):
 garbage-first heap   total 626688K, used 526545K [0x00000006e0000000, 0x0000000800000000)
  region size 4096K, 82 young (335872K), 1 survivors (4096K)
 Metaspace       used 130959K, committed 131648K, reserved 1179648K
  class space    used 17412K, committed 17728K, reserved 1048576K
}
Event: 73.118 GC heap after
{Heap after GC invocations=75 (full 0):
 garbage-first heap   total 626688K, used 198115K [0x00000006e0000000, 0x0000000800000000)
  region size 4096K, 2 young (8192K), 2 survivors (8192K)
 Metaspace       used 130959K, committed 131648K, reserved 1179648K
  class space    used 17412K, committed 17728K, reserved 1048576K
}
Event: 73.173 GC heap before
{Heap before GC invocations=75 (full 0):
 garbage-first heap   total 626688K, used 218595K [0x00000006e0000000, 0x0000000800000000)
  region size 4096K, 7 young (28672K), 2 survivors (8192K)
 Metaspace       used 130965K, committed 131648K, reserved 1179648K
  class space    used 17412K, committed 17728K, reserved 1048576K
}
Event: 73.182 GC heap after
{Heap after GC invocations=76 (full 0):
 garbage-first heap   total 626688K, used 197833K [0x00000006e0000000, 0x0000000800000000)
  region size 4096K, 1 young (4096K), 1 survivors (4096K)
 Metaspace       used 130965K, committed 131648K, reserved 1179648K
  class space    used 17412K, committed 17728K, reserved 1048576K
}
Event: 75.721 GC heap before
{Heap before GC invocations=76 (full 0):
 garbage-first heap   total 626688K, used 521417K [0x00000006e0000000, 0x0000000800000000)
  region size 4096K, 80 young (327680K), 1 survivors (4096K)
 Metaspace       used 133703K, committed 134464K, reserved 1179648K
  class space    used 17751K, committed 18112K, reserved 1048576K
}
Event: 75.729 GC heap after
{Heap after GC invocations=77 (full 0):
 garbage-first heap   total 626688K, used 204768K [0x00000006e0000000, 0x0000000800000000)
  region size 4096K, 2 young (8192K), 2 survivors (8192K)
 Metaspace       used 133703K, committed 134464K, reserved 1179648K
  class space    used 17751K, committed 18112K, reserved 1048576K
}

