# JRE version: OpenJDK Runtime Environment (17.0.7) (build 17.0.7+0-17.0.7b1000.6-10550314)
# Java VM: OpenJDK 64-Bit Server VM (17.0.7+0-17.0.7b1000.6-10550314, mixed mode, tiered, compressed oops, compressed class ptrs, g1 gc, linux-amd64)
GC Precious Log:
 CPUs: 6 total, 6 available
 Memory: 7792M
 Large Page Support: Disabled
 NUMA Support: Disabled
 Compressed Oops: Enabled (Zero based)
 Heap Region Size: 4M
 Heap Min Capacity: 8M
 Heap Initial Capacity: 124M
 Heap Max Capacity: 4608M
 Pre-touch: Disabled
 Parallel Workers: 6
 Concurrent Workers: 2
 Concurrent Refinement Workers: 6
 Periodic GC: Disabled
Heap:
 garbage-first heap   total 184320K, used 149199K [0x00000006e0000000, 0x0000000800000000)
  region size 4096K, 10 young (40960K), 2 survivors (8192K)
 Metaspace       used 92594K, committed 93248K, reserved 1179648K
  class space    used 12773K, committed 13056K, reserved 1048576K
GC Heap History (20 events):
Event: 23.622 GC heap after
{Heap after GC invocations=37 (full 0):
 garbage-first heap   total 151552K, used 88643K [0x00000006e0000000, 0x0000000800000000)
  region size 4096K, 2 young (8192K), 2 survivors (8192K)
 Metaspace       used 87499K, committed 88128K, reserved 1179648K
  class space    used 12043K, committed 12352K, reserved 1048576K
}
Event: 24.040 GC heap before
{Heap before GC invocations=37 (full 0):
 garbage-first heap   total 151552K, used 121411K [0x00000006e0000000, 0x0000000800000000)
  region size 4096K, 10 young (40960K), 2 survivors (8192K)
 Metaspace       used 88784K, committed 89472K, reserved 1179648K
  class space    used 12225K, committed 12544K, reserved 1048576K
}
Event: 24.046 GC heap after
{Heap after GC invocations=38 (full 0):
 garbage-first heap   total 151552K, used 92367K [0x00000006e0000000, 0x0000000800000000)
  region size 4096K, 2 young (8192K), 2 survivors (8192K)
 Metaspace       used 88784K, committed 89472K, reserved 1179648K
  class space    used 12225K, committed 12544K, reserved 1048576K
}
Event: 24.239 GC heap before
{Heap before GC invocations=38 (full 0):
 garbage-first heap   total 151552K, used 125135K [0x00000006e0000000, 0x0000000800000000)
  region size 4096K, 10 young (40960K), 2 survivors (8192K)
 Metaspace       used 89198K, committed 89856K, reserved 1179648K
  class space    used 12301K, committed 12608K, reserved 1048576K
}
Event: 24.247 GC heap after
{Heap after GC invocations=39 (full 0):
 garbage-first heap   total 151552K, used 97526K [0x00000006e0000000, 0x0000000800000000)
  region size 4096K, 2 young (8192K), 2 survivors (8192K)
 Metaspace       used 89198K, committed 89856K, reserved 1179648K
  class space    used 12301K, committed 12608K, reserved 1048576K
}
Event: 24.575 GC heap before
{Heap before GC invocations=39 (full 0):
 garbage-first heap   total 151552K, used 122102K [0x00000006e0000000, 0x0000000800000000)
  region size 4096K, 8 young (32768K), 2 survivors (8192K)
 Metaspace       used 91105K, committed 91776K, reserved 1179648K
  class space    used 12626K, committed 12928K, reserved 1048576K
}
Event: 24.580 GC heap after
{Heap after GC invocations=40 (full 0):
 garbage-first heap   total 151552K, used 101988K [0x00000006e0000000, 0x0000000800000000)
  region size 4096K, 1 young (4096K), 1 survivors (4096K)
 Metaspace       used 91105K, committed 91776K, reserved 1179648K
  class space    used 12626K, committed 12928K, reserved 1048576K
}
Event: 25.066 GC heap before
{Heap before GC invocations=40 (full 0):
 garbage-first heap   total 151552K, used 122468K [0x00000006e0000000, 0x0000000800000000)
  region size 4096K, 6 young (24576K), 1 survivors (4096K)
 Metaspace       used 91573K, committed 92224K, reserved 1179648K
  class space    used 12717K, committed 12992K, reserved 1048576K
}
Event: 25.070 GC heap after
{Heap after GC invocations=41 (full 0):
 garbage-first heap   total 151552K, used 105767K [0x00000006e0000000, 0x0000000800000000)
  region size 4096K, 1 young (4096K), 1 survivors (4096K)
 Metaspace       used 91573K, committed 92224K, reserved 1179648K
  class space    used 12717K, committed 12992K, reserved 1048576K
}
Event: 25.304 GC heap before
{Heap before GC invocations=41 (full 0):
 garbage-first heap   total 151552K, used 118055K [0x00000006e0000000, 0x0000000800000000)
  region size 4096K, 5 young (20480K), 1 survivors (4096K)
 Metaspace       used 91671K, committed 92416K, reserved 1179648K
  class space    used 12720K, committed 13056K, reserved 1048576K
}
Event: 25.308 GC heap after
{Heap after GC invocations=42 (full 0):
 garbage-first heap   total 151552K, used 107266K [0x00000006e0000000, 0x0000000800000000)
  region size 4096K, 1 young (4096K), 1 survivors (4096K)
 Metaspace       used 91671K, committed 92416K, reserved 1179648K
  class space    used 12720K, committed 13056K, reserved 1048576K
}
Event: 25.488 GC heap before
{Heap before GC invocations=42 (full 0):
 garbage-first heap   total 151552K, used 123650K [0x00000006e0000000, 0x0000000800000000)
  region size 4096K, 5 young (20480K), 1 survivors (4096K)
 Metaspace       used 91759K, committed 92480K, reserved 1179648K
  class space    used 12720K, committed 13056K, reserved 1048576K
}
Event: 25.490 GC heap after
{Heap after GC invocations=43 (full 0):
 garbage-first heap   total 184320K, used 108412K [0x00000006e0000000, 0x0000000800000000)
  region size 4096K, 1 young (4096K), 1 survivors (4096K)
 Metaspace       used 91759K, committed 92480K, reserved 1179648K
  class space    used 12720K, committed 13056K, reserved 1048576K
}
Event: 26.357 GC heap before
{Heap before GC invocations=43 (full 0):
 garbage-first heap   total 184320K, used 141180K [0x00000006e0000000, 0x0000000800000000)
  region size 4096K, 10 young (40960K), 1 survivors (4096K)
 Metaspace       used 92049K, committed 92736K, reserved 1179648K
  class space    used 12725K, committed 13056K, reserved 1048576K
}
Event: 26.362 GC heap after
{Heap after GC invocations=44 (full 0):
 garbage-first heap   total 184320K, used 111398K [0x00000006e0000000, 0x0000000800000000)
  region size 4096K, 2 young (8192K), 2 survivors (8192K)
 Metaspace       used 92049K, committed 92736K, reserved 1179648K
  class space    used 12725K, committed 13056K, reserved 1048576K
}
Event: 26.928 GC heap before
{Heap before GC invocations=44 (full 0):
 garbage-first heap   total 184320K, used 140070K [0x00000006e0000000, 0x0000000800000000)
  region size 4096K, 10 young (40960K), 2 survivors (8192K)
 Metaspace       used 92301K, committed 92928K, reserved 1179648K
  class space    used 12757K, committed 13056K, reserved 1048576K
}
Event: 26.933 GC heap after
{Heap after GC invocations=45 (full 0):
 garbage-first heap   total 184320K, used 113748K [0x00000006e0000000, 0x0000000800000000)
  region size 4096K, 1 young (4096K), 1 survivors (4096K)
 Metaspace       used 92301K, committed 92928K, reserved 1179648K
  class space    used 12757K, committed 13056K, reserved 1048576K
}
Event: 27.144 GC heap before
{Heap before GC invocations=45 (full 0):
 garbage-first heap   total 184320K, used 146516K [0x00000006e0000000, 0x0000000800000000)
  region size 4096K, 9 young (36864K), 1 survivors (4096K)
 Metaspace       used 92437K, committed 93120K, reserved 1179648K
  class space    used 12759K, committed 13056K, reserved 1048576K
}
Event: 27.148 GC heap after
{Heap after GC invocations=46 (full 0):
 garbage-first heap   total 184320K, used 116431K [0x00000006e0000000, 0x0000000800000000)
  region size 4096K, 2 young (8192K), 2 survivors (8192K)
 Metaspace       used 92437K, committed 93120K, reserved 1179648K
  class space    used 12759K, committed 13056K, reserved 1048576K
}
Event: 27.490 GC heap before
{Heap before GC invocations=46 (full 0):
 garbage-first heap   total 184320K, used 145103K [0x00000006e0000000, 0x0000000800000000)
  region size 4096K, 10 young (40960K), 2 survivors (8192K)
 Metaspace       used 92594K, committed 93248K, reserved 1179648K
  class space    used 12773K, committed 13056K, reserved 1048576K
}

