# JRE version: OpenJDK Runtime Environment (17.0.7) (build 17.0.7+0-17.0.7b1000.6-10550314)
# Java VM: OpenJDK 64-Bit Server VM (17.0.7+0-17.0.7b1000.6-10550314, mixed mode, tiered, compressed oops, compressed class ptrs, g1 gc, linux-amd64)
GC Precious Log:
 CPUs: 6 total, 6 available
 Memory: 7792M
 Large Page Support: Disabled
 NUMA Support: Disabled
 Compressed Oops: Enabled (Zero based)
 Heap Region Size: 4M
 Heap Min Capacity: 8M
 Heap Initial Capacity: 124M
 Heap Max Capacity: 4608M
 Pre-touch: Disabled
 Parallel Workers: 6
 Concurrent Workers: 2
 Concurrent Refinement Workers: 6
 Periodic GC: Disabled
Heap:
 garbage-first heap   total 458752K, used 340689K [0x00000006e0000000, 0x0000000800000000)
  region size 4096K, 61 young (249856K), 4 survivors (16384K)
 Metaspace       used 99018K, committed 99712K, reserved 1179648K
  class space    used 13612K, committed 13952K, reserved 1048576K
GC Heap History (20 events):
Event: 4.288 GC heap after
{Heap after GC invocations=19 (full 0):
 garbage-first heap   total 188416K, used 66233K [0x00000006e0000000, 0x0000000800000000)
  region size 4096K, 2 young (8192K), 2 survivors (8192K)
 Metaspace       used 68971K, committed 69504K, reserved 1114112K
  class space    used 9229K, committed 9472K, reserved 1048576K
}
Event: 4.629 GC heap before
{Heap before GC invocations=19 (full 0):
 garbage-first heap   total 188416K, used 139961K [0x00000006e0000000, 0x0000000800000000)
  region size 4096K, 19 young (77824K), 2 survivors (8192K)
 Metaspace       used 71479K, committed 72000K, reserved 1114112K
  class space    used 9564K, committed 9792K, reserved 1048576K
}
Event: 4.634 GC heap after
{Heap after GC invocations=20 (full 0):
 garbage-first heap   total 188416K, used 76847K [0x00000006e0000000, 0x0000000800000000)
  region size 4096K, 3 young (12288K), 3 survivors (12288K)
 Metaspace       used 71479K, committed 72000K, reserved 1114112K
  class space    used 9564K, committed 9792K, reserved 1048576K
}
Event: 4.982 GC heap before
{Heap before GC invocations=20 (full 0):
 garbage-first heap   total 188416K, used 138287K [0x00000006e0000000, 0x0000000800000000)
  region size 4096K, 19 young (77824K), 3 survivors (12288K)
 Metaspace       used 76057K, committed 76544K, reserved 1179648K
  class space    used 10354K, committed 10560K, reserved 1048576K
}
Event: 4.990 GC heap after
{Heap after GC invocations=21 (full 0):
 garbage-first heap   total 188416K, used 79833K [0x00000006e0000000, 0x0000000800000000)
  region size 4096K, 1 young (4096K), 1 survivors (4096K)
 Metaspace       used 76057K, committed 76544K, reserved 1179648K
  class space    used 10354K, committed 10560K, reserved 1048576K
}
Event: 5.413 GC heap before
{Heap before GC invocations=21 (full 0):
 garbage-first heap   total 188416K, used 141273K [0x00000006e0000000, 0x0000000800000000)
  region size 4096K, 16 young (65536K), 1 survivors (4096K)
 Metaspace       used 80776K, committed 81280K, reserved 1179648K
  class space    used 11044K, committed 11264K, reserved 1048576K
}
Event: 5.420 GC heap after
{Heap after GC invocations=22 (full 0):
 garbage-first heap   total 229376K, used 82820K [0x00000006e0000000, 0x0000000800000000)
  region size 4096K, 2 young (8192K), 2 survivors (8192K)
 Metaspace       used 80776K, committed 81280K, reserved 1179648K
  class space    used 11044K, committed 11264K, reserved 1048576K
}
Event: 5.492 GC heap before
{Heap before GC invocations=22 (full 0):
 garbage-first heap   total 229376K, used 91012K [0x00000006e0000000, 0x0000000800000000)
  region size 4096K, 5 young (20480K), 2 survivors (8192K)
 Metaspace       used 81410K, committed 81920K, reserved 1179648K
  class space    used 11138K, committed 11392K, reserved 1048576K
}
Event: 5.497 GC heap after
{Heap after GC invocations=23 (full 0):
 garbage-first heap   total 229376K, used 83785K [0x00000006e0000000, 0x0000000800000000)
  region size 4096K, 2 young (8192K), 2 survivors (8192K)
 Metaspace       used 81410K, committed 81920K, reserved 1179648K
  class space    used 11138K, committed 11392K, reserved 1048576K
}
Event: 6.085 GC heap before
{Heap before GC invocations=24 (full 0):
 garbage-first heap   total 229376K, used 173897K [0x00000006e0000000, 0x0000000800000000)
  region size 4096K, 24 young (98304K), 2 survivors (8192K)
 Metaspace       used 88211K, committed 88832K, reserved 1179648K
  class space    used 12125K, committed 12416K, reserved 1048576K
}
Event: 6.091 GC heap after
{Heap after GC invocations=25 (full 0):
 garbage-first heap   total 229376K, used 89351K [0x00000006e0000000, 0x0000000800000000)
  region size 4096K, 3 young (12288K), 3 survivors (12288K)
 Metaspace       used 88211K, committed 88832K, reserved 1179648K
  class space    used 12125K, committed 12416K, reserved 1048576K
}
Event: 6.106 GC heap before
{Heap before GC invocations=25 (full 0):
 garbage-first heap   total 229376K, used 93447K [0x00000006e0000000, 0x0000000800000000)
  region size 4096K, 4 young (16384K), 3 survivors (12288K)
 Metaspace       used 88212K, committed 88832K, reserved 1179648K
  class space    used 12125K, committed 12416K, reserved 1048576K
}
Event: 6.114 GC heap after
{Heap after GC invocations=26 (full 0):
 garbage-first heap   total 229376K, used 90238K [0x00000006e0000000, 0x0000000800000000)
  region size 4096K, 1 young (4096K), 1 survivors (4096K)
 Metaspace       used 88212K, committed 88832K, reserved 1179648K
  class space    used 12125K, committed 12416K, reserved 1048576K
}
Event: 6.551 GC heap before
{Heap before GC invocations=26 (full 0):
 garbage-first heap   total 229376K, used 176254K [0x00000006e0000000, 0x0000000800000000)
  region size 4096K, 22 young (90112K), 1 survivors (4096K)
 Metaspace       used 90928K, committed 91648K, reserved 1179648K
  class space    used 12595K, committed 12928K, reserved 1048576K
}
Event: 6.558 GC heap after
{Heap after GC invocations=27 (full 0):
 garbage-first heap   total 229376K, used 102144K [0x00000006e0000000, 0x0000000800000000)
  region size 4096K, 3 young (12288K), 3 survivors (12288K)
 Metaspace       used 90928K, committed 91648K, reserved 1179648K
  class space    used 12595K, committed 12928K, reserved 1048576K
}
Event: 6.851 GC heap before
{Heap before GC invocations=28 (full 0):
 garbage-first heap   total 229376K, used 175872K [0x00000006e0000000, 0x0000000800000000)
  region size 4096K, 22 young (90112K), 3 survivors (12288K)
 Metaspace       used 91282K, committed 91968K, reserved 1179648K
  class space    used 12601K, committed 12928K, reserved 1048576K
}
Event: 6.859 GC heap after
{Heap after GC invocations=29 (full 0):
 garbage-first heap   total 229376K, used 108198K [0x00000006e0000000, 0x0000000800000000)
  region size 4096K, 2 young (8192K), 2 survivors (8192K)
 Metaspace       used 91282K, committed 91968K, reserved 1179648K
  class space    used 12601K, committed 12928K, reserved 1048576K
}
Event: 6.876 GC heap before
{Heap before GC invocations=29 (full 0):
 garbage-first heap   total 229376K, used 112294K [0x00000006e0000000, 0x0000000800000000)
  region size 4096K, 3 young (12288K), 2 survivors (8192K)
 Metaspace       used 91315K, committed 92032K, reserved 1179648K
  class space    used 12607K, committed 12928K, reserved 1048576K
}
Event: 6.882 GC heap after
{Heap after GC invocations=30 (full 0):
 garbage-first heap   total 458752K, used 107217K [0x00000006e0000000, 0x0000000800000000)
  region size 4096K, 1 young (4096K), 1 survivors (4096K)
 Metaspace       used 91315K, committed 92032K, reserved 1179648K
  class space    used 12607K, committed 12928K, reserved 1048576K
}
Event: 8.008 GC heap before
{Heap before GC invocations=30 (full 0):
 garbage-first heap   total 458752K, used 336593K [0x00000006e0000000, 0x0000000800000000)
  region size 4096K, 58 young (237568K), 1 survivors (4096K)
 Metaspace       used 99018K, committed 99712K, reserved 1179648K
  class space    used 13612K, committed 13952K, reserved 1048576K
}

