# JRE version: OpenJDK Runtime Environment (17.0.7) (build 17.0.7+0-17.0.7b1000.6-10550314)
# Java VM: OpenJDK 64-Bit Server VM (17.0.7+0-17.0.7b1000.6-10550314, mixed mode, tiered, compressed oops, compressed class ptrs, g1 gc, linux-amd64)
GC Precious Log:
 CPUs: 6 total, 6 available
 Memory: 7792M
 Large Page Support: Disabled
 NUMA Support: Disabled
 Compressed Oops: Enabled (Zero based)
 Heap Region Size: 4M
 Heap Min Capacity: 8M
 Heap Initial Capacity: 124M
 Heap Max Capacity: 4608M
 Pre-touch: Disabled
 Parallel Workers: 6
 Concurrent Workers: 2
 Concurrent Refinement Workers: 6
 Periodic GC: Disabled
Heap:
 garbage-first heap   total 327680K, used 214372K [0x00000006e0000000, 0x0000000800000000)
  region size 4096K, 34 young (139264K), 1 survivors (4096K)
 Metaspace       used 90696K, committed 91328K, reserved 1179648K
  class space    used 12528K, committed 12800K, reserved 1048576K
GC Heap History (20 events):
Event: 3.429 GC heap before
{Heap before GC invocations=15 (full 0):
 garbage-first heap   total 143360K, used 101563K [0x00000006e0000000, 0x0000000800000000)
  region size 4096K, 15 young (61440K), 3 survivors (12288K)
 Metaspace       used 57173K, committed 57664K, reserved 1114112K
  class space    used 7687K, committed 7936K, reserved 1048576K
}
Event: 3.433 GC heap after
{Heap after GC invocations=16 (full 0):
 garbage-first heap   total 143360K, used 56801K [0x00000006e0000000, 0x0000000800000000)
  region size 4096K, 2 young (8192K), 2 survivors (8192K)
 Metaspace       used 57173K, committed 57664K, reserved 1114112K
  class space    used 7687K, committed 7936K, reserved 1048576K
}
Event: 3.753 GC heap before
{Heap before GC invocations=16 (full 0):
 garbage-first heap   total 143360K, used 101857K [0x00000006e0000000, 0x0000000800000000)
  region size 4096K, 13 young (53248K), 2 survivors (8192K)
 Metaspace       used 62844K, committed 63424K, reserved 1114112K
  class space    used 8435K, committed 8704K, reserved 1048576K
}
Event: 3.756 GC heap after
{Heap after GC invocations=17 (full 0):
 garbage-first heap   total 143360K, used 58746K [0x00000006e0000000, 0x0000000800000000)
  region size 4096K, 2 young (8192K), 2 survivors (8192K)
 Metaspace       used 62844K, committed 63424K, reserved 1114112K
  class space    used 8435K, committed 8704K, reserved 1048576K
}
Event: 4.024 GC heap before
{Heap before GC invocations=17 (full 0):
 garbage-first heap   total 143360K, used 99706K [0x00000006e0000000, 0x0000000800000000)
  region size 4096K, 13 young (53248K), 2 survivors (8192K)
 Metaspace       used 65461K, committed 66048K, reserved 1114112K
  class space    used 8779K, committed 9088K, reserved 1048576K
}
Event: 4.030 GC heap after
{Heap after GC invocations=18 (full 0):
 garbage-first heap   total 143360K, used 62715K [0x00000006e0000000, 0x0000000800000000)
  region size 4096K, 2 young (8192K), 2 survivors (8192K)
 Metaspace       used 65461K, committed 66048K, reserved 1114112K
  class space    used 8779K, committed 9088K, reserved 1048576K
}
Event: 4.276 GC heap before
{Heap before GC invocations=18 (full 0):
 garbage-first heap   total 143360K, used 95483K [0x00000006e0000000, 0x0000000800000000)
  region size 4096K, 11 young (45056K), 2 survivors (8192K)
 Metaspace       used 69240K, committed 69760K, reserved 1114112K
  class space    used 9268K, committed 9472K, reserved 1048576K
}
Event: 4.283 GC heap after
{Heap after GC invocations=19 (full 0):
 garbage-first heap   total 172032K, used 65611K [0x00000006e0000000, 0x0000000800000000)
  region size 4096K, 1 young (4096K), 1 survivors (4096K)
 Metaspace       used 69240K, committed 69760K, reserved 1114112K
  class space    used 9268K, committed 9472K, reserved 1048576K
}
Event: 4.576 GC heap before
{Heap before GC invocations=20 (full 0):
 garbage-first heap   total 172032K, used 127051K [0x00000006e0000000, 0x0000000800000000)
  region size 4096K, 15 young (61440K), 1 survivors (4096K)
 Metaspace       used 71231K, committed 71744K, reserved 1114112K
  class space    used 9555K, committed 9792K, reserved 1048576K
}
Event: 4.581 GC heap after
{Heap after GC invocations=21 (full 0):
 garbage-first heap   total 172032K, used 74003K [0x00000006e0000000, 0x0000000800000000)
  region size 4096K, 2 young (8192K), 2 survivors (8192K)
 Metaspace       used 71231K, committed 71744K, reserved 1114112K
  class space    used 9555K, committed 9792K, reserved 1048576K
}
Event: 4.614 GC heap before
{Heap before GC invocations=21 (full 0):
 garbage-first heap   total 172032K, used 78099K [0x00000006e0000000, 0x0000000800000000)
  region size 4096K, 3 young (12288K), 2 survivors (8192K)
 Metaspace       used 71321K, committed 71936K, reserved 1114112K
  class space    used 9561K, committed 9856K, reserved 1048576K
}
Event: 4.620 GC heap after
{Heap after GC invocations=22 (full 0):
 garbage-first heap   total 172032K, used 76092K [0x00000006e0000000, 0x0000000800000000)
  region size 4096K, 1 young (4096K), 1 survivors (4096K)
 Metaspace       used 71321K, committed 71936K, reserved 1114112K
  class space    used 9561K, committed 9856K, reserved 1048576K
}
Event: 4.874 GC heap before
{Heap before GC invocations=22 (full 0):
 garbage-first heap   total 172032K, used 121148K [0x00000006e0000000, 0x0000000800000000)
  region size 4096K, 13 young (53248K), 1 survivors (4096K)
 Metaspace       used 73925K, committed 74496K, reserved 1114112K
  class space    used 9907K, committed 10176K, reserved 1048576K
}
Event: 4.878 GC heap after
{Heap after GC invocations=23 (full 0):
 garbage-first heap   total 172032K, used 78301K [0x00000006e0000000, 0x0000000800000000)
  region size 4096K, 1 young (4096K), 1 survivors (4096K)
 Metaspace       used 73925K, committed 74496K, reserved 1114112K
  class space    used 9907K, committed 10176K, reserved 1048576K
}
Event: 5.199 GC heap before
{Heap before GC invocations=24 (full 0):
 garbage-first heap   total 172032K, used 131549K [0x00000006e0000000, 0x0000000800000000)
  region size 4096K, 14 young (57344K), 1 survivors (4096K)
 Metaspace       used 78132K, committed 78656K, reserved 1179648K
  class space    used 10697K, committed 10944K, reserved 1048576K
}
Event: 5.204 GC heap after
{Heap after GC invocations=25 (full 0):
 garbage-first heap   total 172032K, used 80559K [0x00000006e0000000, 0x0000000800000000)
  region size 4096K, 2 young (8192K), 2 survivors (8192K)
 Metaspace       used 78132K, committed 78656K, reserved 1179648K
  class space    used 10697K, committed 10944K, reserved 1048576K
}
Event: 5.227 GC heap before
{Heap before GC invocations=25 (full 0):
 garbage-first heap   total 172032K, used 84655K [0x00000006e0000000, 0x0000000800000000)
  region size 4096K, 3 young (12288K), 2 survivors (8192K)
 Metaspace       used 78445K, committed 78976K, reserved 1179648K
  class space    used 10734K, committed 11008K, reserved 1048576K
}
Event: 5.232 GC heap after
{Heap after GC invocations=26 (full 0):
 garbage-first heap   total 172032K, used 80293K [0x00000006e0000000, 0x0000000800000000)
  region size 4096K, 1 young (4096K), 1 survivors (4096K)
 Metaspace       used 78445K, committed 78976K, reserved 1179648K
  class space    used 10734K, committed 11008K, reserved 1048576K
}
Event: 13.647 GC heap before
{Heap before GC invocations=26 (full 0):
 garbage-first heap   total 172032K, used 129445K [0x00000006e0000000, 0x0000000800000000)
  region size 4096K, 13 young (53248K), 1 survivors (4096K)
 Metaspace       used 82213K, committed 82816K, reserved 1179648K
  class space    used 11369K, committed 11648K, reserved 1048576K
}
Event: 13.657 GC heap after
{Heap after GC invocations=27 (full 0):
 garbage-first heap   total 344064K, used 83300K [0x00000006e0000000, 0x0000000800000000)
  region size 4096K, 1 young (4096K), 1 survivors (4096K)
 Metaspace       used 82213K, committed 82816K, reserved 1179648K
  class space    used 11369K, committed 11648K, reserved 1048576K
}

