# JRE version: OpenJDK Runtime Environment (17.0.7) (build 17.0.7+0-17.0.7b1000.6-10550314)
# Java VM: OpenJDK 64-Bit Server VM (17.0.7+0-17.0.7b1000.6-10550314, mixed mode, tiered, compressed oops, compressed class ptrs, g1 gc, linux-amd64)
GC Precious Log:
 CPUs: 6 total, 6 available
 Memory: 7792M
 Large Page Support: Disabled
 NUMA Support: Disabled
 Compressed Oops: Enabled (Zero based)
 Heap Region Size: 4M
 Heap Min Capacity: 8M
 Heap Initial Capacity: 124M
 Heap Max Capacity: 4608M
 Pre-touch: Disabled
 Parallel Workers: 6
 Concurrent Workers: 2
 Concurrent Refinement Workers: 6
 Periodic GC: Disabled
Heap:
 garbage-first heap   total 184320K, used 140238K [0x00000006e0000000, 0x0000000800000000)
  region size 4096K, 17 young (69632K), 2 survivors (8192K)
 Metaspace       used 78844K, committed 79424K, reserved 1179648K
  class space    used 10796K, committed 11072K, reserved 1048576K
GC Heap History (20 events):
Event: 9.453 GC heap after
{Heap after GC invocations=17 (full 0):
 garbage-first heap   total 118784K, used 56833K [0x00000006e0000000, 0x0000000800000000)
  region size 4096K, 1 young (4096K), 1 survivors (4096K)
 Metaspace       used 58212K, committed 58752K, reserved 1114112K
  class space    used 7796K, committed 8064K, reserved 1048576K
}
Event: 9.843 GC heap before
{Heap before GC invocations=17 (full 0):
 garbage-first heap   total 118784K, used 65025K [0x00000006e0000000, 0x0000000800000000)
  region size 4096K, 4 young (16384K), 1 survivors (4096K)
 Metaspace       used 59600K, committed 60096K, reserved 1114112K
  class space    used 7974K, committed 8192K, reserved 1048576K
}
Event: 9.845 GC heap after
{Heap after GC invocations=18 (full 0):
 garbage-first heap   total 118784K, used 57022K [0x00000006e0000000, 0x0000000800000000)
  region size 4096K, 1 young (4096K), 1 survivors (4096K)
 Metaspace       used 59600K, committed 60096K, reserved 1114112K
  class space    used 7974K, committed 8192K, reserved 1048576K
}
Event: 11.288 GC heap before
{Heap before GC invocations=19 (full 0):
 garbage-first heap   total 118784K, used 85694K [0x00000006e0000000, 0x0000000800000000)
  region size 4096K, 9 young (36864K), 1 survivors (4096K)
 Metaspace       used 63185K, committed 63680K, reserved 1114112K
  class space    used 8496K, committed 8704K, reserved 1048576K
}
Event: 11.291 GC heap after
{Heap after GC invocations=20 (full 0):
 garbage-first heap   total 118784K, used 61401K [0x00000006e0000000, 0x0000000800000000)
  region size 4096K, 2 young (8192K), 2 survivors (8192K)
 Metaspace       used 63185K, committed 63680K, reserved 1114112K
  class space    used 8496K, committed 8704K, reserved 1048576K
}
Event: 12.907 GC heap before
{Heap before GC invocations=20 (full 0):
 garbage-first heap   total 118784K, used 85977K [0x00000006e0000000, 0x0000000800000000)
  region size 4096K, 9 young (36864K), 2 survivors (8192K)
 Metaspace       used 64696K, committed 65216K, reserved 1114112K
  class space    used 8691K, committed 8960K, reserved 1048576K
}
Event: 12.912 GC heap after
{Heap after GC invocations=21 (full 0):
 garbage-first heap   total 118784K, used 62261K [0x00000006e0000000, 0x0000000800000000)
  region size 4096K, 1 young (4096K), 1 survivors (4096K)
 Metaspace       used 64696K, committed 65216K, reserved 1114112K
  class space    used 8691K, committed 8960K, reserved 1048576K
}
Event: 13.418 GC heap before
{Heap before GC invocations=22 (full 0):
 garbage-first heap   total 118784K, used 90933K [0x00000006e0000000, 0x0000000800000000)
  region size 4096K, 8 young (32768K), 1 survivors (4096K)
 Metaspace       used 66812K, committed 67328K, reserved 1114112K
  class space    used 8975K, committed 9216K, reserved 1048576K
}
Event: 13.423 GC heap after
{Heap after GC invocations=23 (full 0):
 garbage-first heap   total 118784K, used 63536K [0x00000006e0000000, 0x0000000800000000)
  region size 4096K, 1 young (4096K), 1 survivors (4096K)
 Metaspace       used 66812K, committed 67328K, reserved 1114112K
  class space    used 8975K, committed 9216K, reserved 1048576K
}
Event: 14.292 GC heap before
{Heap before GC invocations=23 (full 0):
 garbage-first heap   total 118784K, used 79920K [0x00000006e0000000, 0x0000000800000000)
  region size 4096K, 6 young (24576K), 1 survivors (4096K)
 Metaspace       used 69582K, committed 70080K, reserved 1114112K
  class space    used 9342K, committed 9600K, reserved 1048576K
}
Event: 14.298 GC heap after
{Heap after GC invocations=24 (full 0):
 garbage-first heap   total 118784K, used 65640K [0x00000006e0000000, 0x0000000800000000)
  region size 4096K, 1 young (4096K), 1 survivors (4096K)
 Metaspace       used 69582K, committed 70080K, reserved 1114112K
  class space    used 9342K, committed 9600K, reserved 1048576K
}
Event: 14.628 GC heap before
{Heap before GC invocations=25 (full 0):
 garbage-first heap   total 131072K, used 94312K [0x00000006e0000000, 0x0000000800000000)
  region size 4096K, 7 young (28672K), 1 survivors (4096K)
 Metaspace       used 71090K, committed 71680K, reserved 1114112K
  class space    used 9540K, committed 9792K, reserved 1048576K
}
Event: 14.632 GC heap after
{Heap after GC invocations=26 (full 0):
 garbage-first heap   total 131072K, used 71765K [0x00000006e0000000, 0x0000000800000000)
  region size 4096K, 1 young (4096K), 1 survivors (4096K)
 Metaspace       used 71090K, committed 71680K, reserved 1114112K
  class space    used 9540K, committed 9792K, reserved 1048576K
}
Event: 14.754 GC heap before
{Heap before GC invocations=26 (full 0):
 garbage-first heap   total 131072K, used 100437K [0x00000006e0000000, 0x0000000800000000)
  region size 4096K, 8 young (32768K), 1 survivors (4096K)
 Metaspace       used 71324K, committed 71872K, reserved 1114112K
  class space    used 9578K, committed 9856K, reserved 1048576K
}
Event: 14.759 GC heap after
{Heap after GC invocations=27 (full 0):
 garbage-first heap   total 131072K, used 74176K [0x00000006e0000000, 0x0000000800000000)
  region size 4096K, 1 young (4096K), 1 survivors (4096K)
 Metaspace       used 71324K, committed 71872K, reserved 1114112K
  class space    used 9578K, committed 9856K, reserved 1048576K
}
Event: 14.981 GC heap before
{Heap before GC invocations=28 (full 0):
 garbage-first heap   total 151552K, used 98752K [0x00000006e0000000, 0x0000000800000000)
  region size 4096K, 7 young (28672K), 1 survivors (4096K)
 Metaspace       used 71660K, committed 72256K, reserved 1114112K
  class space    used 9610K, committed 9920K, reserved 1048576K
}
Event: 14.987 GC heap after
{Heap after GC invocations=29 (full 0):
 garbage-first heap   total 151552K, used 77466K [0x00000006e0000000, 0x0000000800000000)
  region size 4096K, 1 young (4096K), 1 survivors (4096K)
 Metaspace       used 71660K, committed 72256K, reserved 1114112K
  class space    used 9610K, committed 9920K, reserved 1048576K
}
Event: 15.773 GC heap before
{Heap before GC invocations=29 (full 0):
 garbage-first heap   total 151552K, used 118426K [0x00000006e0000000, 0x0000000800000000)
  region size 4096K, 11 young (45056K), 1 survivors (4096K)
 Metaspace       used 74573K, committed 75136K, reserved 1114112K
  class space    used 10030K, committed 10304K, reserved 1048576K
}
Event: 15.779 GC heap after
{Heap after GC invocations=30 (full 0):
 garbage-first heap   total 184320K, used 78798K [0x00000006e0000000, 0x0000000800000000)
  region size 4096K, 2 young (8192K), 2 survivors (8192K)
 Metaspace       used 74573K, committed 75136K, reserved 1114112K
  class space    used 10030K, committed 10304K, reserved 1048576K
}
Event: 16.627 GC heap before
{Heap before GC invocations=31 (full 0):
 garbage-first heap   total 184320K, used 140238K [0x00000006e0000000, 0x0000000800000000)
  region size 4096K, 17 young (69632K), 2 survivors (8192K)
 Metaspace       used 78844K, committed 79424K, reserved 1179648K
  class space    used 10796K, committed 11072K, reserved 1048576K
}

