# JRE version: OpenJDK Runtime Environment (17.0.7) (build 17.0.7+0-17.0.7b1000.6-10550314)
# Java VM: OpenJDK 64-Bit Server VM (17.0.7+0-17.0.7b1000.6-10550314, mixed mode, tiered, compressed oops, compressed class ptrs, g1 gc, linux-amd64)
GC Precious Log:
 CPUs: 6 total, 6 available
 Memory: 7792M
 Large Page Support: Disabled
 NUMA Support: Disabled
 Compressed Oops: Enabled (Zero based)
 Heap Region Size: 4M
 Heap Min Capacity: 8M
 Heap Initial Capacity: 124M
 Heap Max Capacity: 4608M
 Pre-touch: Disabled
 Parallel Workers: 6
 Concurrent Workers: 2
 Concurrent Refinement Workers: 6
 Periodic GC: Disabled
Heap:
 garbage-first heap   total 778240K, used 416880K [0x00000006e0000000, 0x0000000800000000)
  region size 4096K, 30 young (122880K), 7 survivors (28672K)
 Metaspace       used 138839K, committed 139840K, reserved 1179648K
  class space    used 18140K, committed 18624K, reserved 1048576K
GC Heap History (20 events):
Event: 144.414 GC heap before
{Heap before GC invocations=58 (full 0):
 garbage-first heap   total 675840K, used 519680K [0x00000006e0000000, 0x0000000800000000)
  region size 4096K, 46 young (188416K), 3 survivors (12288K)
 Metaspace       used 137759K, committed 138688K, reserved 1179648K
  class space    used 18099K, committed 18560K, reserved 1048576K
}
Event: 144.420 GC heap after
{Heap after GC invocations=59 (full 0):
 garbage-first heap   total 675840K, used 331264K [0x00000006e0000000, 0x0000000800000000)
  region size 4096K, 3 young (12288K), 3 survivors (12288K)
 Metaspace       used 137759K, committed 138688K, reserved 1179648K
  class space    used 18099K, committed 18560K, reserved 1048576K
}
Event: 144.893 GC heap before
{Heap before GC invocations=59 (full 0):
 garbage-first heap   total 675840K, used 351744K [0x00000006e0000000, 0x0000000800000000)
  region size 4096K, 8 young (32768K), 3 survivors (12288K)
 Metaspace       used 137897K, committed 138816K, reserved 1179648K
  class space    used 18114K, committed 18560K, reserved 1048576K
}
Event: 144.909 GC heap after
{Heap after GC invocations=60 (full 0):
 garbage-first heap   total 675840K, used 303689K [0x00000006e0000000, 0x0000000800000000)
  region size 4096K, 1 young (4096K), 1 survivors (4096K)
 Metaspace       used 137897K, committed 138816K, reserved 1179648K
  class space    used 18114K, committed 18560K, reserved 1048576K
}
Event: 146.432 GC heap before
{Heap before GC invocations=60 (full 0):
 garbage-first heap   total 675840K, used 524873K [0x00000006e0000000, 0x0000000800000000)
  region size 4096K, 56 young (229376K), 1 survivors (4096K)
 Metaspace       used 138155K, committed 139200K, reserved 1179648K
  class space    used 18118K, committed 18624K, reserved 1048576K
}
Event: 146.450 GC heap after
{Heap after GC invocations=61 (full 0):
 garbage-first heap   total 675840K, used 335052K [0x00000006e0000000, 0x0000000800000000)
  region size 4096K, 7 young (28672K), 7 survivors (28672K)
 Metaspace       used 138155K, committed 139200K, reserved 1179648K
  class space    used 18118K, committed 18624K, reserved 1048576K
}
Event: 146.510 GC heap before
{Heap before GC invocations=61 (full 0):
 garbage-first heap   total 675840K, used 351436K [0x00000006e0000000, 0x0000000800000000)
  region size 4096K, 13 young (53248K), 7 survivors (28672K)
 Metaspace       used 138170K, committed 139200K, reserved 1179648K
  class space    used 18118K, committed 18624K, reserved 1048576K
}
Event: 146.528 GC heap after
{Heap after GC invocations=62 (full 0):
 garbage-first heap   total 675840K, used 345131K [0x00000006e0000000, 0x0000000800000000)
  region size 4096K, 3 young (12288K), 3 survivors (12288K)
 Metaspace       used 138170K, committed 139200K, reserved 1179648K
  class space    used 18118K, committed 18624K, reserved 1048576K
}
Event: 146.796 GC heap before
{Heap before GC invocations=63 (full 0):
 garbage-first heap   total 675840K, used 463915K [0x00000006e0000000, 0x0000000800000000)
  region size 4096K, 50 young (204800K), 3 survivors (12288K)
 Metaspace       used 138371K, committed 139392K, reserved 1179648K
  class space    used 18118K, committed 18624K, reserved 1048576K
}
Event: 146.802 GC heap after
{Heap after GC invocations=64 (full 0):
 garbage-first heap   total 675840K, used 260907K [0x00000006e0000000, 0x0000000800000000)
  region size 4096K, 3 young (12288K), 3 survivors (12288K)
 Metaspace       used 138371K, committed 139392K, reserved 1179648K
  class space    used 18118K, committed 18624K, reserved 1048576K
}
Event: 146.862 GC heap before
{Heap before GC invocations=64 (full 0):
 garbage-first heap   total 675840K, used 277291K [0x00000006e0000000, 0x0000000800000000)
  region size 4096K, 8 young (32768K), 3 survivors (12288K)
 Metaspace       used 138398K, committed 139456K, reserved 1179648K
  class space    used 18119K, committed 18624K, reserved 1048576K
}
Event: 146.875 GC heap after
{Heap after GC invocations=65 (full 0):
 garbage-first heap   total 843776K, used 198428K [0x00000006e0000000, 0x0000000800000000)
  region size 4096K, 1 young (4096K), 1 survivors (4096K)
 Metaspace       used 138398K, committed 139456K, reserved 1179648K
  class space    used 18119K, committed 18624K, reserved 1048576K
}
Event: 149.048 GC heap before
{Heap before GC invocations=65 (full 0):
 garbage-first heap   total 843776K, used 632604K [0x00000006e0000000, 0x0000000800000000)
  region size 4096K, 108 young (442368K), 1 survivors (4096K)
 Metaspace       used 138698K, committed 139712K, reserved 1179648K
  class space    used 18139K, committed 18624K, reserved 1048576K
}
Event: 149.055 GC heap after
{Heap after GC invocations=66 (full 0):
 garbage-first heap   total 843776K, used 204964K [0x00000006e0000000, 0x0000000800000000)
  region size 4096K, 3 young (12288K), 3 survivors (12288K)
 Metaspace       used 138698K, committed 139712K, reserved 1179648K
  class space    used 18139K, committed 18624K, reserved 1048576K
}
Event: 153.719 GC heap before
{Heap before GC invocations=67 (full 0):
 garbage-first heap   total 778240K, used 659620K [0x00000006e0000000, 0x0000000800000000)
  region size 4096K, 114 young (466944K), 3 survivors (12288K)
 Metaspace       used 138792K, committed 139776K, reserved 1179648K
  class space    used 18140K, committed 18624K, reserved 1048576K
}
Event: 153.764 GC heap after
{Heap after GC invocations=68 (full 0):
 garbage-first heap   total 778240K, used 293857K [0x00000006e0000000, 0x0000000800000000)
  region size 4096K, 15 young (61440K), 15 survivors (61440K)
 Metaspace       used 138792K, committed 139776K, reserved 1179648K
  class space    used 18140K, committed 18624K, reserved 1048576K
}
Event: 153.779 GC heap before
{Heap before GC invocations=68 (full 0):
 garbage-first heap   total 778240K, used 297953K [0x00000006e0000000, 0x0000000800000000)
  region size 4096K, 16 young (65536K), 15 survivors (61440K)
 Metaspace       used 138795K, committed 139776K, reserved 1179648K
  class space    used 18140K, committed 18624K, reserved 1048576K
}
Event: 153.812 GC heap after
{Heap after GC invocations=69 (full 0):
 garbage-first heap   total 778240K, used 282736K [0x00000006e0000000, 0x0000000800000000)
  region size 4096K, 1 young (4096K), 1 survivors (4096K)
 Metaspace       used 138795K, committed 139776K, reserved 1179648K
  class space    used 18140K, committed 18624K, reserved 1048576K
}
Event: 154.670 GC heap before
{Heap before GC invocations=69 (full 0):
 garbage-first heap   total 778240K, used 487536K [0x00000006e0000000, 0x0000000800000000)
  region size 4096K, 53 young (217088K), 1 survivors (4096K)
 Metaspace       used 138819K, committed 139776K, reserved 1179648K
  class space    used 18140K, committed 18624K, reserved 1048576K
}
Event: 154.687 GC heap after
{Heap after GC invocations=70 (full 0):
 garbage-first heap   total 778240K, used 306288K [0x00000006e0000000, 0x0000000800000000)
  region size 4096K, 7 young (28672K), 7 survivors (28672K)
 Metaspace       used 138819K, committed 139776K, reserved 1179648K
  class space    used 18140K, committed 18624K, reserved 1048576K
}

