# JRE version: OpenJDK Runtime Environment (17.0.7) (build 17.0.7+0-17.0.7b1000.6-10550314)
# Java VM: OpenJDK 64-Bit Server VM (17.0.7+0-17.0.7b1000.6-10550314, mixed mode, tiered, compressed oops, compressed class ptrs, g1 gc, linux-amd64)
GC Precious Log:
 CPUs: 6 total, 6 available
 Memory: 7792M
 Large Page Support: Disabled
 NUMA Support: Disabled
 Compressed Oops: Enabled (Zero based)
 Heap Region Size: 4M
 Heap Min Capacity: 8M
 Heap Initial Capacity: 124M
 Heap Max Capacity: 4608M
 Pre-touch: Disabled
 Parallel Workers: 6
 Concurrent Workers: 2
 Concurrent Refinement Workers: 6
 Periodic GC: Disabled
Heap:
 garbage-first heap   total 389120K, used 255117K [0x00000006e0000000, 0x0000000800000000)
  region size 4096K, 16 young (65536K), 2 survivors (8192K)
 Metaspace       used 138246K, committed 139264K, reserved 1179648K
  class space    used 18579K, committed 19072K, reserved 1048576K
GC Heap History (20 events):
Event: 59.397 GC heap before
{Heap before GC invocations=63 (full 0):
 garbage-first heap   total 323584K, used 249492K [0x00000006e0000000, 0x0000000800000000)
  region size 4096K, 21 young (86016K), 2 survivors (8192K)
 Metaspace       used 118907K, committed 119744K, reserved 1179648K
  class space    used 16025K, committed 16384K, reserved 1048576K
}
Event: 59.406 GC heap after
{Heap after GC invocations=64 (full 0):
 garbage-first heap   total 323584K, used 179853K [0x00000006e0000000, 0x0000000800000000)
  region size 4096K, 3 young (12288K), 3 survivors (12288K)
 Metaspace       used 118907K, committed 119744K, reserved 1179648K
  class space    used 16025K, committed 16384K, reserved 1048576K
}
Event: 62.322 GC heap before
{Heap before GC invocations=64 (full 0):
 garbage-first heap   total 323584K, used 253581K [0x00000006e0000000, 0x0000000800000000)
  region size 4096K, 22 young (90112K), 3 survivors (12288K)
 Metaspace       used 127482K, committed 128320K, reserved 1179648K
  class space    used 17273K, committed 17664K, reserved 1048576K
}
Event: 62.329 GC heap after
{Heap after GC invocations=65 (full 0):
 garbage-first heap   total 323584K, used 182718K [0x00000006e0000000, 0x0000000800000000)
  region size 4096K, 2 young (8192K), 2 survivors (8192K)
 Metaspace       used 127482K, committed 128320K, reserved 1179648K
  class space    used 17273K, committed 17664K, reserved 1048576K
}
Event: 62.727 GC heap before
{Heap before GC invocations=65 (full 0):
 garbage-first heap   total 323584K, used 264638K [0x00000006e0000000, 0x0000000800000000)
  region size 4096K, 22 young (90112K), 2 survivors (8192K)
 Metaspace       used 128479K, committed 129344K, reserved 1179648K
  class space    used 17367K, committed 17728K, reserved 1048576K
}
Event: 62.731 GC heap after
{Heap after GC invocations=66 (full 0):
 garbage-first heap   total 323584K, used 183069K [0x00000006e0000000, 0x0000000800000000)
  region size 4096K, 1 young (4096K), 1 survivors (4096K)
 Metaspace       used 128479K, committed 129344K, reserved 1179648K
  class space    used 17367K, committed 17728K, reserved 1048576K
}
Event: 62.994 GC heap before
{Heap before GC invocations=66 (full 0):
 garbage-first heap   total 323584K, used 273181K [0x00000006e0000000, 0x0000000800000000)
  region size 4096K, 23 young (94208K), 1 survivors (4096K)
 Metaspace       used 128846K, committed 129728K, reserved 1179648K
  class space    used 17415K, committed 17792K, reserved 1048576K
}
Event: 62.998 GC heap after
{Heap after GC invocations=67 (full 0):
 garbage-first heap   total 323584K, used 182738K [0x00000006e0000000, 0x0000000800000000)
  region size 4096K, 1 young (4096K), 1 survivors (4096K)
 Metaspace       used 128846K, committed 129728K, reserved 1179648K
  class space    used 17415K, committed 17792K, reserved 1048576K
}
Event: 64.533 GC heap before
{Heap before GC invocations=67 (full 0):
 garbage-first heap   total 323584K, used 268754K [0x00000006e0000000, 0x0000000800000000)
  region size 4096K, 23 young (94208K), 1 survivors (4096K)
 Metaspace       used 132705K, committed 133568K, reserved 1179648K
  class space    used 17976K, committed 18368K, reserved 1048576K
}
Event: 64.541 GC heap after
{Heap after GC invocations=68 (full 0):
 garbage-first heap   total 323584K, used 189664K [0x00000006e0000000, 0x0000000800000000)
  region size 4096K, 3 young (12288K), 3 survivors (12288K)
 Metaspace       used 132705K, committed 133568K, reserved 1179648K
  class space    used 17976K, committed 18368K, reserved 1048576K
}
Event: 170.647 GC heap before
{Heap before GC invocations=68 (full 0):
 garbage-first heap   total 323584K, used 267488K [0x00000006e0000000, 0x0000000800000000)
  region size 4096K, 23 young (94208K), 3 survivors (12288K)
 Metaspace       used 136195K, committed 137088K, reserved 1179648K
  class space    used 18434K, committed 18816K, reserved 1048576K
}
Event: 170.661 GC heap after
{Heap after GC invocations=69 (full 0):
 garbage-first heap   total 323584K, used 189215K [0x00000006e0000000, 0x0000000800000000)
  region size 4096K, 2 young (8192K), 2 survivors (8192K)
 Metaspace       used 136195K, committed 137088K, reserved 1179648K
  class space    used 18434K, committed 18816K, reserved 1048576K
}
Event: 171.219 GC heap before
{Heap before GC invocations=69 (full 0):
 garbage-first heap   total 323584K, used 267039K [0x00000006e0000000, 0x0000000800000000)
  region size 4096K, 21 young (86016K), 2 survivors (8192K)
 Metaspace       used 136804K, committed 137728K, reserved 1179648K
  class space    used 18448K, committed 18880K, reserved 1048576K
}
Event: 171.238 GC heap after
{Heap after GC invocations=70 (full 0):
 garbage-first heap   total 323584K, used 195953K [0x00000006e0000000, 0x0000000800000000)
  region size 4096K, 3 young (12288K), 3 survivors (12288K)
 Metaspace       used 136804K, committed 137728K, reserved 1179648K
  class space    used 18448K, committed 18880K, reserved 1048576K
}
Event: 221.611 GC heap before
{Heap before GC invocations=70 (full 0):
 garbage-first heap   total 323584K, used 269681K [0x00000006e0000000, 0x0000000800000000)
  region size 4096K, 21 young (86016K), 3 survivors (12288K)
 Metaspace       used 137536K, committed 138432K, reserved 1179648K
  class space    used 18539K, committed 19008K, reserved 1048576K
}
Event: 221.626 GC heap after
{Heap after GC invocations=71 (full 0):
 garbage-first heap   total 323584K, used 201327K [0x00000006e0000000, 0x0000000800000000)
  region size 4096K, 2 young (8192K), 2 survivors (8192K)
 Metaspace       used 137536K, committed 138432K, reserved 1179648K
  class space    used 18539K, committed 19008K, reserved 1048576K
}
Event: 222.009 GC heap before
{Heap before GC invocations=71 (full 0):
 garbage-first heap   total 323584K, used 266863K [0x00000006e0000000, 0x0000000800000000)
  region size 4096K, 18 young (73728K), 2 survivors (8192K)
 Metaspace       used 137795K, committed 138752K, reserved 1179648K
  class space    used 18545K, committed 19008K, reserved 1048576K
}
Event: 222.023 GC heap after
{Heap after GC invocations=72 (full 0):
 garbage-first heap   total 323584K, used 206138K [0x00000006e0000000, 0x0000000800000000)
  region size 4096K, 3 young (12288K), 3 survivors (12288K)
 Metaspace       used 137795K, committed 138752K, reserved 1179648K
  class space    used 18545K, committed 19008K, reserved 1048576K
}
Event: 227.485 GC heap before
{Heap before GC invocations=72 (full 0):
 garbage-first heap   total 323584K, used 267578K [0x00000006e0000000, 0x0000000800000000)
  region size 4096K, 18 young (73728K), 3 survivors (12288K)
 Metaspace       used 137984K, committed 138944K, reserved 1179648K
  class space    used 18563K, committed 19008K, reserved 1048576K
}
Event: 227.495 GC heap after
{Heap after GC invocations=73 (full 0):
 garbage-first heap   total 389120K, used 201869K [0x00000006e0000000, 0x0000000800000000)
  region size 4096K, 2 young (8192K), 2 survivors (8192K)
 Metaspace       used 137984K, committed 138944K, reserved 1179648K
  class space    used 18563K, committed 19008K, reserved 1048576K
}

