# JRE version: OpenJDK Runtime Environment (17.0.7) (build 17.0.7+0-17.0.7b1000.6-10550314)
# Java VM: OpenJDK 64-Bit Server VM (17.0.7+0-17.0.7b1000.6-10550314, mixed mode, tiered, compressed oops, compressed class ptrs, g1 gc, linux-amd64)
GC Precious Log:
 CPUs: 6 total, 6 available
 Memory: 7792M
 Large Page Support: Disabled
 NUMA Support: Disabled
 Compressed Oops: Enabled (Zero based)
 Heap Region Size: 4M
 Heap Min Capacity: 8M
 Heap Initial Capacity: 124M
 Heap Max Capacity: 4608M
 Pre-touch: Disabled
 Parallel Workers: 6
 Concurrent Workers: 2
 Concurrent Refinement Workers: 6
 Periodic GC: Disabled
Heap:
 garbage-first heap   total 491520K, used 125439K [0x00000006e0000000, 0x0000000800000000)
  region size 4096K, 7 young (28672K), 6 survivors (24576K)
 Metaspace       used 106282K, committed 106944K, reserved 1179648K
  class space    used 14487K, committed 14784K, reserved 1048576K
GC Heap History (20 events):
Event: 3.426 GC heap before
{Heap before GC invocations=16 (full 0):
 garbage-first heap   total 122880K, used 91970K [0x00000006e0000000, 0x0000000800000000)
  region size 4096K, 11 young (45056K), 2 survivors (8192K)
 Metaspace       used 59659K, committed 60160K, reserved 1114112K
  class space    used 7986K, committed 8192K, reserved 1048576K
}
Event: 3.430 GC heap after
{Heap after GC invocations=17 (full 0):
 garbage-first heap   total 122880K, used 57107K [0x00000006e0000000, 0x0000000800000000)
  region size 4096K, 1 young (4096K), 1 survivors (4096K)
 Metaspace       used 59659K, committed 60160K, reserved 1114112K
  class space    used 7986K, committed 8192K, reserved 1048576K
}
Event: 3.697 GC heap before
{Heap before GC invocations=17 (full 0):
 garbage-first heap   total 122880K, used 89875K [0x00000006e0000000, 0x0000000800000000)
  region size 4096K, 10 young (40960K), 1 survivors (4096K)
 Metaspace       used 63301K, committed 63936K, reserved 1114112K
  class space    used 8498K, committed 8832K, reserved 1048576K
}
Event: 3.703 GC heap after
{Heap after GC invocations=18 (full 0):
 garbage-first heap   total 245760K, used 63816K [0x00000006e0000000, 0x0000000800000000)
  region size 4096K, 2 young (8192K), 2 survivors (8192K)
 Metaspace       used 63301K, committed 63936K, reserved 1114112K
  class space    used 8498K, committed 8832K, reserved 1048576K
}
Event: 4.422 GC heap before
{Heap before GC invocations=19 (full 0):
 garbage-first heap   total 245760K, used 170312K [0x00000006e0000000, 0x0000000800000000)
  region size 4096K, 27 young (110592K), 2 survivors (8192K)
 Metaspace       used 71161K, committed 71680K, reserved 1114112K
  class space    used 9553K, committed 9792K, reserved 1048576K
}
Event: 4.428 GC heap after
{Heap after GC invocations=20 (full 0):
 garbage-first heap   total 245760K, used 72348K [0x00000006e0000000, 0x0000000800000000)
  region size 4096K, 3 young (12288K), 3 survivors (12288K)
 Metaspace       used 71161K, committed 71680K, reserved 1114112K
  class space    used 9553K, committed 9792K, reserved 1048576K
}
Event: 4.446 GC heap before
{Heap before GC invocations=20 (full 0):
 garbage-first heap   total 245760K, used 76444K [0x00000006e0000000, 0x0000000800000000)
  region size 4096K, 4 young (16384K), 3 survivors (12288K)
 Metaspace       used 71172K, committed 71680K, reserved 1114112K
  class space    used 9554K, committed 9792K, reserved 1048576K
}
Event: 4.453 GC heap after
{Heap after GC invocations=21 (full 0):
 garbage-first heap   total 245760K, used 73187K [0x00000006e0000000, 0x0000000800000000)
  region size 4096K, 1 young (4096K), 1 survivors (4096K)
 Metaspace       used 71172K, committed 71680K, reserved 1114112K
  class space    used 9554K, committed 9792K, reserved 1048576K
}
Event: 4.983 GC heap before
{Heap before GC invocations=21 (full 0):
 garbage-first heap   total 245760K, used 179683K [0x00000006e0000000, 0x0000000800000000)
  region size 4096K, 27 young (110592K), 1 survivors (4096K)
 Metaspace       used 76713K, committed 77248K, reserved 1179648K
  class space    used 10493K, committed 10752K, reserved 1048576K
}
Event: 4.987 GC heap after
{Heap after GC invocations=22 (full 0):
 garbage-first heap   total 245760K, used 78531K [0x00000006e0000000, 0x0000000800000000)
  region size 4096K, 2 young (8192K), 2 survivors (8192K)
 Metaspace       used 76713K, committed 77248K, reserved 1179648K
  class space    used 10493K, committed 10752K, reserved 1048576K
}
Event: 5.738 GC heap before
{Heap before GC invocations=22 (full 0):
 garbage-first heap   total 245760K, used 185027K [0x00000006e0000000, 0x0000000800000000)
  region size 4096K, 28 young (114688K), 2 survivors (8192K)
 Metaspace       used 86010K, committed 86656K, reserved 1179648K
  class space    used 11808K, committed 12096K, reserved 1048576K
}
Event: 5.750 GC heap after
{Heap after GC invocations=23 (full 0):
 garbage-first heap   total 245760K, used 84567K [0x00000006e0000000, 0x0000000800000000)
  region size 4096K, 4 young (16384K), 4 survivors (16384K)
 Metaspace       used 86010K, committed 86656K, reserved 1179648K
  class space    used 11808K, committed 12096K, reserved 1048576K
}
Event: 6.293 GC heap before
{Heap before GC invocations=23 (full 0):
 garbage-first heap   total 245760K, used 186967K [0x00000006e0000000, 0x0000000800000000)
  region size 4096K, 29 young (118784K), 4 survivors (16384K)
 Metaspace       used 90080K, committed 90688K, reserved 1179648K
  class space    used 12510K, committed 12800K, reserved 1048576K
}
Event: 6.303 GC heap after
{Heap after GC invocations=24 (full 0):
 garbage-first heap   total 245760K, used 95647K [0x00000006e0000000, 0x0000000800000000)
  region size 4096K, 4 young (16384K), 4 survivors (16384K)
 Metaspace       used 90080K, committed 90688K, reserved 1179648K
  class space    used 12510K, committed 12800K, reserved 1048576K
}
Event: 6.674 GC heap before
{Heap before GC invocations=24 (full 0):
 garbage-first heap   total 245760K, used 185759K [0x00000006e0000000, 0x0000000800000000)
  region size 4096K, 27 young (110592K), 4 survivors (16384K)
 Metaspace       used 91333K, committed 91968K, reserved 1179648K
  class space    used 12629K, committed 12928K, reserved 1048576K
}
Event: 6.685 GC heap after
{Heap after GC invocations=25 (full 0):
 garbage-first heap   total 245760K, used 105713K [0x00000006e0000000, 0x0000000800000000)
  region size 4096K, 3 young (12288K), 3 survivors (12288K)
 Metaspace       used 91333K, committed 91968K, reserved 1179648K
  class space    used 12629K, committed 12928K, reserved 1048576K
}
Event: 6.956 GC heap before
{Heap before GC invocations=25 (full 0):
 garbage-first heap   total 245760K, used 187633K [0x00000006e0000000, 0x0000000800000000)
  region size 4096K, 24 young (98304K), 3 survivors (12288K)
 Metaspace       used 91847K, committed 92416K, reserved 1179648K
  class space    used 12667K, committed 12928K, reserved 1048576K
}
Event: 6.966 GC heap after
{Heap after GC invocations=26 (full 0):
 garbage-first heap   total 491520K, used 111806K [0x00000006e0000000, 0x0000000800000000)
  region size 4096K, 3 young (12288K), 3 survivors (12288K)
 Metaspace       used 91847K, committed 92416K, reserved 1179648K
  class space    used 12667K, committed 12928K, reserved 1048576K
}
Event: 8.082 GC heap before
{Heap before GC invocations=26 (full 0):
 garbage-first heap   total 491520K, used 308414K [0x00000006e0000000, 0x0000000800000000)
  region size 4096K, 53 young (217088K), 3 survivors (12288K)
 Metaspace       used 105889K, committed 106560K, reserved 1179648K
  class space    used 14457K, committed 14784K, reserved 1048576K
}
Event: 8.098 GC heap after
{Heap after GC invocations=27 (full 0):
 garbage-first heap   total 491520K, used 125439K [0x00000006e0000000, 0x0000000800000000)
  region size 4096K, 6 young (24576K), 6 survivors (24576K)
 Metaspace       used 105889K, committed 106560K, reserved 1179648K
  class space    used 14457K, committed 14784K, reserved 1048576K
}

