# JRE version: OpenJDK Runtime Environment (17.0.7) (build 17.0.7+0-17.0.7b1000.6-10550314)
# Java VM: OpenJDK 64-Bit Server VM (17.0.7+0-17.0.7b1000.6-10550314, mixed mode, tiered, compressed oops, compressed class ptrs, g1 gc, linux-amd64)
GC Precious Log:
 CPUs: 6 total, 6 available
 Memory: 7792M
 Large Page Support: Disabled
 NUMA Support: Disabled
 Compressed Oops: Enabled (Zero based)
 Heap Region Size: 4M
 Heap Min Capacity: 8M
 Heap Initial Capacity: 124M
 Heap Max Capacity: 4608M
 Pre-touch: Disabled
 Parallel Workers: 6
 Concurrent Workers: 2
 Concurrent Refinement Workers: 6
 Periodic GC: Disabled
Heap:
 garbage-first heap   total 184320K, used 72313K [0x00000006e0000000, 0x0000000800000000)
  region size 4096K, 3 young (12288K), 2 survivors (8192K)
 Metaspace       used 70590K, committed 71168K, reserved 1114112K
  class space    used 9458K, committed 9728K, reserved 1048576K
GC Heap History (20 events):
Event: 2.065 GC heap before
{Heap before GC invocations=8 (full 0):
 garbage-first heap   total 98304K, used 30810K [0x00000006e0000000, 0x0000000800000000)
  region size 4096K, 4 young (16384K), 1 survivors (4096K)
 Metaspace       used 35832K, committed 36096K, reserved 1114112K
  class space    used 5005K, committed 5120K, reserved 1048576K
}
Event: 2.068 GC heap after
{Heap after GC invocations=9 (full 0):
 garbage-first heap   total 98304K, used 23966K [0x00000006e0000000, 0x0000000800000000)
  region size 4096K, 1 young (4096K), 1 survivors (4096K)
 Metaspace       used 35832K, committed 36096K, reserved 1114112K
  class space    used 5005K, committed 5120K, reserved 1048576K
}
Event: 2.433 GC heap before
{Heap before GC invocations=10 (full 0):
 garbage-first heap   total 98304K, used 64926K [0x00000006e0000000, 0x0000000800000000)
  region size 4096K, 11 young (45056K), 1 survivors (4096K)
 Metaspace       used 41346K, committed 41728K, reserved 1114112K
  class space    used 5553K, committed 5696K, reserved 1048576K
}
Event: 2.446 GC heap after
{Heap after GC invocations=11 (full 0):
 garbage-first heap   total 98304K, used 27943K [0x00000006e0000000, 0x0000000800000000)
  region size 4096K, 2 young (8192K), 2 survivors (8192K)
 Metaspace       used 41346K, committed 41728K, reserved 1114112K
  class space    used 5553K, committed 5696K, reserved 1048576K
}
Event: 2.782 GC heap before
{Heap before GC invocations=12 (full 0):
 garbage-first heap   total 98304K, used 60711K [0x00000006e0000000, 0x0000000800000000)
  region size 4096K, 11 young (45056K), 2 survivors (8192K)
 Metaspace       used 46031K, committed 46400K, reserved 1114112K
  class space    used 6186K, committed 6336K, reserved 1048576K
}
Event: 2.794 GC heap after
{Heap after GC invocations=13 (full 0):
 garbage-first heap   total 98304K, used 30544K [0x00000006e0000000, 0x0000000800000000)
  region size 4096K, 1 young (4096K), 1 survivors (4096K)
 Metaspace       used 46031K, committed 46400K, reserved 1114112K
  class space    used 6186K, committed 6336K, reserved 1048576K
}
Event: 3.029 GC heap before
{Heap before GC invocations=13 (full 0):
 garbage-first heap   total 98304K, used 71504K [0x00000006e0000000, 0x0000000800000000)
  region size 4096K, 11 young (45056K), 1 survivors (4096K)
 Metaspace       used 49060K, committed 49472K, reserved 1114112K
  class space    used 6575K, committed 6784K, reserved 1048576K
}
Event: 3.034 GC heap after
{Heap after GC invocations=14 (full 0):
 garbage-first heap   total 151552K, used 32509K [0x00000006e0000000, 0x0000000800000000)
  region size 4096K, 2 young (8192K), 2 survivors (8192K)
 Metaspace       used 49060K, committed 49472K, reserved 1114112K
  class space    used 6575K, committed 6784K, reserved 1048576K
}
Event: 3.627 GC heap before
{Heap before GC invocations=14 (full 0):
 garbage-first heap   total 151552K, used 110333K [0x00000006e0000000, 0x0000000800000000)
  region size 4096K, 21 young (86016K), 2 survivors (8192K)
 Metaspace       used 53653K, committed 54080K, reserved 1114112K
  class space    used 7194K, committed 7360K, reserved 1048576K
}
Event: 3.639 GC heap after
{Heap after GC invocations=15 (full 0):
 garbage-first heap   total 151552K, used 53324K [0x00000006e0000000, 0x0000000800000000)
  region size 4096K, 3 young (12288K), 3 survivors (12288K)
 Metaspace       used 53653K, committed 54080K, reserved 1114112K
  class space    used 7194K, committed 7360K, reserved 1048576K
}
Event: 3.928 GC heap before
{Heap before GC invocations=15 (full 0):
 garbage-first heap   total 151552K, used 98380K [0x00000006e0000000, 0x0000000800000000)
  region size 4096K, 15 young (61440K), 3 survivors (12288K)
 Metaspace       used 58427K, committed 58944K, reserved 1114112K
  class space    used 7828K, committed 8064K, reserved 1048576K
}
Event: 3.936 GC heap after
{Heap after GC invocations=16 (full 0):
 garbage-first heap   total 151552K, used 57431K [0x00000006e0000000, 0x0000000800000000)
  region size 4096K, 1 young (4096K), 1 survivors (4096K)
 Metaspace       used 58427K, committed 58944K, reserved 1114112K
  class space    used 7828K, committed 8064K, reserved 1048576K
}
Event: 4.396 GC heap before
{Heap before GC invocations=16 (full 0):
 garbage-first heap   total 151552K, used 102487K [0x00000006e0000000, 0x0000000800000000)
  region size 4096K, 13 young (53248K), 1 survivors (4096K)
 Metaspace       used 63260K, committed 63808K, reserved 1114112K
  class space    used 8492K, committed 8704K, reserved 1048576K
}
Event: 4.400 GC heap after
{Heap after GC invocations=17 (full 0):
 garbage-first heap   total 151552K, used 64469K [0x00000006e0000000, 0x0000000800000000)
  region size 4096K, 2 young (8192K), 2 survivors (8192K)
 Metaspace       used 63260K, committed 63808K, reserved 1114112K
  class space    used 8492K, committed 8704K, reserved 1048576K
}
Event: 4.698 GC heap before
{Heap before GC invocations=17 (full 0):
 garbage-first heap   total 151552K, used 105429K [0x00000006e0000000, 0x0000000800000000)
  region size 4096K, 13 young (53248K), 2 survivors (8192K)
 Metaspace       used 66546K, committed 67072K, reserved 1114112K
  class space    used 8935K, committed 9152K, reserved 1048576K
}
Event: 4.702 GC heap after
{Heap after GC invocations=18 (full 0):
 garbage-first heap   total 151552K, used 65483K [0x00000006e0000000, 0x0000000800000000)
  region size 4096K, 1 young (4096K), 1 survivors (4096K)
 Metaspace       used 66546K, committed 67072K, reserved 1114112K
  class space    used 8935K, committed 9152K, reserved 1048576K
}
Event: 4.885 GC heap before
{Heap before GC invocations=18 (full 0):
 garbage-first heap   total 151552K, used 85963K [0x00000006e0000000, 0x0000000800000000)
  region size 4096K, 7 young (28672K), 1 survivors (4096K)
 Metaspace       used 69636K, committed 70208K, reserved 1114112K
  class space    used 9337K, committed 9600K, reserved 1048576K
}
Event: 4.890 GC heap after
{Heap after GC invocations=19 (full 0):
 garbage-first heap   total 184320K, used 67537K [0x00000006e0000000, 0x0000000800000000)
  region size 4096K, 2 young (8192K), 2 survivors (8192K)
 Metaspace       used 69636K, committed 70208K, reserved 1114112K
  class space    used 9337K, committed 9600K, reserved 1048576K
}
Event: 4.970 GC heap before
{Heap before GC invocations=19 (full 0):
 garbage-first heap   total 184320K, used 79825K [0x00000006e0000000, 0x0000000800000000)
  region size 4096K, 5 young (20480K), 2 survivors (8192K)
 Metaspace       used 70410K, committed 70976K, reserved 1114112K
  class space    used 9438K, committed 9728K, reserved 1048576K
}
Event: 4.974 GC heap after
{Heap after GC invocations=20 (full 0):
 garbage-first heap   total 184320K, used 72313K [0x00000006e0000000, 0x0000000800000000)
  region size 4096K, 2 young (8192K), 2 survivors (8192K)
 Metaspace       used 70410K, committed 70976K, reserved 1114112K
  class space    used 9438K, committed 9728K, reserved 1048576K
}

