# JRE version: OpenJDK Runtime Environment (17.0.7) (build 17.0.7+0-17.0.7b1000.6-10550314)
# Java VM: OpenJDK 64-Bit Server VM (17.0.7+0-17.0.7b1000.6-10550314, mixed mode, tiered, compressed oops, compressed class ptrs, g1 gc, linux-amd64)
GC Precious Log:
 CPUs: 6 total, 6 available
 Memory: 7792M
 Large Page Support: Disabled
 NUMA Support: Disabled
 Compressed Oops: Enabled (Zero based)
 Heap Region Size: 4M
 Heap Min Capacity: 8M
 Heap Initial Capacity: 124M
 Heap Max Capacity: 4608M
 Pre-touch: Disabled
 Parallel Workers: 6
 Concurrent Workers: 2
 Concurrent Refinement Workers: 6
 Periodic GC: Disabled
Heap:
 garbage-first heap   total 1228800K, used 970246K [0x00000006e0000000, 0x0000000800000000)
  region size 4096K, 165 young (675840K), 10 survivors (40960K)
 Metaspace       used 171235K, committed 172800K, reserved 1245184K
  class space    used 21932K, committed 22720K, reserved 1048576K
GC Heap History (20 events):
Event: 296.750 GC heap after
{Heap after GC invocations=83 (full 0):
 garbage-first heap   total 684032K, used 345974K [0x00000006e0000000, 0x0000000800000000)
  region size 4096K, 7 young (28672K), 7 survivors (28672K)
 Metaspace       used 169029K, committed 170496K, reserved 1245184K
  class space    used 21821K, committed 22528K, reserved 1048576K
}
Event: 296.754 GC heap before
{Heap before GC invocations=83 (full 0):
 garbage-first heap   total 684032K, used 350070K [0x00000006e0000000, 0x0000000800000000)
  region size 4096K, 8 young (32768K), 7 survivors (28672K)
 Metaspace       used 169034K, committed 170496K, reserved 1245184K
  class space    used 21821K, committed 22528K, reserved 1048576K
}
Event: 296.768 GC heap after
{Heap after GC invocations=84 (full 0):
 garbage-first heap   total 684032K, used 337670K [0x00000006e0000000, 0x0000000800000000)
  region size 4096K, 1 young (4096K), 1 survivors (4096K)
 Metaspace       used 169034K, committed 170496K, reserved 1245184K
  class space    used 21821K, committed 22528K, reserved 1048576K
}
Event: 341.060 GC heap before
{Heap before GC invocations=84 (full 0):
 garbage-first heap   total 684032K, used 546566K [0x00000006e0000000, 0x0000000800000000)
  region size 4096K, 53 young (217088K), 1 survivors (4096K)
 Metaspace       used 169170K, committed 170624K, reserved 1245184K
  class space    used 21822K, committed 22528K, reserved 1048576K
}
Event: 341.075 GC heap after
{Heap after GC invocations=85 (full 0):
 garbage-first heap   total 1814528K, used 349928K [0x00000006e0000000, 0x0000000800000000)
  region size 4096K, 4 young (16384K), 4 survivors (16384K)
 Metaspace       used 169170K, committed 170624K, reserved 1245184K
  class space    used 21822K, committed 22528K, reserved 1048576K
}
Event: 380.066 GC heap before
{Heap before GC invocations=86 (full 0):
 garbage-first heap   total 1228800K, used 1054440K [0x00000006e0000000, 0x0000000800000000)
  region size 4096K, 178 young (729088K), 4 survivors (16384K)
 Metaspace       used 170111K, committed 171648K, reserved 1245184K
  class space    used 21897K, committed 22656K, reserved 1048576K
}
Event: 380.090 GC heap after
{Heap after GC invocations=87 (full 0):
 garbage-first heap   total 1228800K, used 378630K [0x00000006e0000000, 0x0000000800000000)
  region size 4096K, 14 young (57344K), 14 survivors (57344K)
 Metaspace       used 170111K, committed 171648K, reserved 1245184K
  class space    used 21897K, committed 22656K, reserved 1048576K
}
Event: 380.094 GC heap before
{Heap before GC invocations=87 (full 0):
 garbage-first heap   total 1228800K, used 382726K [0x00000006e0000000, 0x0000000800000000)
  region size 4096K, 15 young (61440K), 14 survivors (57344K)
 Metaspace       used 170111K, committed 171648K, reserved 1245184K
  class space    used 21897K, committed 22656K, reserved 1048576K
}
Event: 380.113 GC heap after
{Heap after GC invocations=88 (full 0):
 garbage-first heap   total 1228800K, used 340889K [0x00000006e0000000, 0x0000000800000000)
  region size 4096K, 2 young (8192K), 2 survivors (8192K)
 Metaspace       used 170111K, committed 171648K, reserved 1245184K
  class space    used 21897K, committed 22656K, reserved 1048576K
}
Event: 396.649 GC heap before
{Heap before GC invocations=88 (full 0):
 garbage-first heap   total 1228800K, used 943001K [0x00000006e0000000, 0x0000000800000000)
  region size 4096K, 150 young (614400K), 2 survivors (8192K)
 Metaspace       used 170370K, committed 171904K, reserved 1245184K
  class space    used 21910K, committed 22656K, reserved 1048576K
}
Event: 396.677 GC heap after
{Heap after GC invocations=89 (full 0):
 garbage-first heap   total 1228800K, used 392317K [0x00000006e0000000, 0x0000000800000000)
  region size 4096K, 14 young (57344K), 14 survivors (57344K)
 Metaspace       used 170370K, committed 171904K, reserved 1245184K
  class space    used 21910K, committed 22656K, reserved 1048576K
}
Event: 399.866 GC heap before
{Heap before GC invocations=89 (full 0):
 garbage-first heap   total 1228800K, used 945277K [0x00000006e0000000, 0x0000000800000000)
  region size 4096K, 150 young (614400K), 14 survivors (57344K)
 Metaspace       used 170498K, committed 172032K, reserved 1245184K
  class space    used 21910K, committed 22656K, reserved 1048576K
}
Event: 399.875 GC heap after
{Heap after GC invocations=90 (full 0):
 garbage-first heap   total 1228800K, used 362474K [0x00000006e0000000, 0x0000000800000000)
  region size 4096K, 4 young (16384K), 4 survivors (16384K)
 Metaspace       used 170498K, committed 172032K, reserved 1245184K
  class space    used 21910K, committed 22656K, reserved 1048576K
}
Event: 437.743 GC heap before
{Heap before GC invocations=90 (full 0):
 garbage-first heap   total 1228800K, used 743402K [0x00000006e0000000, 0x0000000800000000)
  region size 4096K, 99 young (405504K), 4 survivors (16384K)
 Metaspace       used 170805K, committed 172416K, reserved 1245184K
  class space    used 21929K, committed 22720K, reserved 1048576K
}
Event: 437.769 GC heap after
{Heap after GC invocations=91 (full 0):
 garbage-first heap   total 1228800K, used 394962K [0x00000006e0000000, 0x0000000800000000)
  region size 4096K, 12 young (49152K), 12 survivors (49152K)
 Metaspace       used 170805K, committed 172416K, reserved 1245184K
  class space    used 21929K, committed 22720K, reserved 1048576K
}
Event: 442.210 GC heap before
{Heap before GC invocations=92 (full 0):
 garbage-first heap   total 1228800K, used 975968K [0x00000006e0000000, 0x0000000800000000)
  region size 4096K, 153 young (626688K), 12 survivors (49152K)
 Metaspace       used 171093K, committed 172672K, reserved 1245184K
  class space    used 21931K, committed 22720K, reserved 1048576K
}
Event: 442.233 GC heap after
{Heap after GC invocations=93 (full 0):
 garbage-first heap   total 1228800K, used 402065K [0x00000006e0000000, 0x0000000800000000)
  region size 4096K, 12 young (49152K), 12 survivors (49152K)
 Metaspace       used 171093K, committed 172672K, reserved 1245184K
  class space    used 21931K, committed 22720K, reserved 1048576K
}
Event: 442.255 GC heap before
{Heap before GC invocations=93 (full 0):
 garbage-first heap   total 1228800K, used 414353K [0x00000006e0000000, 0x0000000800000000)
  region size 4096K, 15 young (61440K), 12 survivors (49152K)
 Metaspace       used 171094K, committed 172672K, reserved 1245184K
  class space    used 21931K, committed 22720K, reserved 1048576K
}
Event: 442.274 GC heap after
{Heap after GC invocations=94 (full 0):
 garbage-first heap   total 1228800K, used 335366K [0x00000006e0000000, 0x0000000800000000)
  region size 4096K, 2 young (8192K), 2 survivors (8192K)
 Metaspace       used 171094K, committed 172672K, reserved 1245184K
  class space    used 21931K, committed 22720K, reserved 1048576K
}
Event: 443.616 GC heap before
{Heap before GC invocations=94 (full 0):
 garbage-first heap   total 1228800K, used 966150K [0x00000006e0000000, 0x0000000800000000)
  region size 4096K, 157 young (643072K), 2 survivors (8192K)
 Metaspace       used 171235K, committed 172800K, reserved 1245184K
  class space    used 21932K, committed 22720K, reserved 1048576K
}

