# JRE version: OpenJDK Runtime Environment (17.0.7) (build 17.0.7+0-17.0.7b1000.6-10550314)
# Java VM: OpenJDK 64-Bit Server VM (17.0.7+0-17.0.7b1000.6-10550314, mixed mode, tiered, compressed oops, compressed class ptrs, g1 gc, linux-amd64)
GC Precious Log:
 CPUs: 6 total, 6 available
 Memory: 7792M
 Large Page Support: Disabled
 NUMA Support: Disabled
 Compressed Oops: Enabled (Zero based)
 Heap Region Size: 4M
 Heap Min Capacity: 8M
 Heap Initial Capacity: 124M
 Heap Max Capacity: 4608M
 Pre-touch: Disabled
 Parallel Workers: 6
 Concurrent Workers: 2
 Concurrent Refinement Workers: 6
 Periodic GC: Disabled
Heap:
 garbage-first heap   total 266240K, used 204492K [0x00000006e0000000, 0x0000000800000000)
  region size 4096K, 25 young (102400K), 4 survivors (16384K)
 Metaspace       used 99462K, committed 100096K, reserved 1179648K
  class space    used 13528K, committed 13824K, reserved 1048576K
GC Heap History (20 events):
Event: 3.458 GC heap after
{Heap after GC invocations=15 (full 0):
 garbage-first heap   total 221184K, used 54108K [0x00000006e0000000, 0x0000000800000000)
  region size 4096K, 2 young (8192K), 2 survivors (8192K)
 Metaspace       used 53704K, committed 54208K, reserved 1114112K
  class space    used 7205K, committed 7424K, reserved 1048576K
}
Event: 4.192 GC heap before
{Heap before GC invocations=15 (full 0):
 garbage-first heap   total 221184K, used 140124K [0x00000006e0000000, 0x0000000800000000)
  region size 4096K, 24 young (98304K), 2 survivors (8192K)
 Metaspace       used 63226K, committed 63808K, reserved 1114112K
  class space    used 8492K, committed 8768K, reserved 1048576K
}
Event: 4.198 GC heap after
{Heap after GC invocations=16 (full 0):
 garbage-first heap   total 221184K, used 61408K [0x00000006e0000000, 0x0000000800000000)
  region size 4096K, 2 young (8192K), 2 survivors (8192K)
 Metaspace       used 63226K, committed 63808K, reserved 1114112K
  class space    used 8492K, committed 8768K, reserved 1048576K
}
Event: 4.819 GC heap before
{Heap before GC invocations=16 (full 0):
 garbage-first heap   total 221184K, used 155616K [0x00000006e0000000, 0x0000000800000000)
  region size 4096K, 24 young (98304K), 2 survivors (8192K)
 Metaspace       used 70682K, committed 71232K, reserved 1114112K
  class space    used 9472K, committed 9728K, reserved 1048576K
}
Event: 4.824 GC heap after
{Heap after GC invocations=17 (full 0):
 garbage-first heap   total 221184K, used 70798K [0x00000006e0000000, 0x0000000800000000)
  region size 4096K, 2 young (8192K), 2 survivors (8192K)
 Metaspace       used 70682K, committed 71232K, reserved 1114112K
  class space    used 9472K, committed 9728K, reserved 1048576K
}
Event: 5.306 GC heap before
{Heap before GC invocations=17 (full 0):
 garbage-first heap   total 221184K, used 160910K [0x00000006e0000000, 0x0000000800000000)
  region size 4096K, 24 young (98304K), 2 survivors (8192K)
 Metaspace       used 73896K, committed 74432K, reserved 1114112K
  class space    used 9908K, committed 10176K, reserved 1048576K
}
Event: 5.317 GC heap after
{Heap after GC invocations=18 (full 0):
 garbage-first heap   total 221184K, used 78862K [0x00000006e0000000, 0x0000000800000000)
  region size 4096K, 3 young (12288K), 3 survivors (12288K)
 Metaspace       used 73896K, committed 74432K, reserved 1114112K
  class space    used 9908K, committed 10176K, reserved 1048576K
}
Event: 5.899 GC heap before
{Heap before GC invocations=18 (full 0):
 garbage-first heap   total 221184K, used 160782K [0x00000006e0000000, 0x0000000800000000)
  region size 4096K, 23 young (94208K), 3 survivors (12288K)
 Metaspace       used 80408K, committed 81024K, reserved 1179648K
  class space    used 11005K, committed 11264K, reserved 1048576K
}
Event: 5.907 GC heap after
{Heap after GC invocations=19 (full 0):
 garbage-first heap   total 221184K, used 81920K [0x00000006e0000000, 0x0000000800000000)
  region size 4096K, 1 young (4096K), 1 survivors (4096K)
 Metaspace       used 80408K, committed 81024K, reserved 1179648K
  class space    used 11005K, committed 11264K, reserved 1048576K
}
Event: 6.036 GC heap before
{Heap before GC invocations=19 (full 0):
 garbage-first heap   total 221184K, used 98304K [0x00000006e0000000, 0x0000000800000000)
  region size 4096K, 6 young (24576K), 1 survivors (4096K)
 Metaspace       used 81632K, committed 82240K, reserved 1179648K
  class space    used 11181K, committed 11456K, reserved 1048576K
}
Event: 6.041 GC heap after
{Heap after GC invocations=20 (full 0):
 garbage-first heap   total 221184K, used 83006K [0x00000006e0000000, 0x0000000800000000)
  region size 4096K, 2 young (8192K), 2 survivors (8192K)
 Metaspace       used 81632K, committed 82240K, reserved 1179648K
  class space    used 11181K, committed 11456K, reserved 1048576K
}
Event: 6.583 GC heap before
{Heap before GC invocations=21 (full 0):
 garbage-first heap   total 221184K, used 169022K [0x00000006e0000000, 0x0000000800000000)
  region size 4096K, 23 young (94208K), 2 survivors (8192K)
 Metaspace       used 88199K, committed 88896K, reserved 1179648K
  class space    used 12140K, committed 12480K, reserved 1048576K
}
Event: 6.597 GC heap after
{Heap after GC invocations=22 (full 0):
 garbage-first heap   total 221184K, used 88978K [0x00000006e0000000, 0x0000000800000000)
  region size 4096K, 3 young (12288K), 3 survivors (12288K)
 Metaspace       used 88199K, committed 88896K, reserved 1179648K
  class space    used 12140K, committed 12480K, reserved 1048576K
}
Event: 7.604 GC heap before
{Heap before GC invocations=23 (full 0):
 garbage-first heap   total 221184K, used 166802K [0x00000006e0000000, 0x0000000800000000)
  region size 4096K, 23 young (94208K), 3 survivors (12288K)
 Metaspace       used 92575K, committed 93248K, reserved 1179648K
  class space    used 12745K, committed 13056K, reserved 1048576K
}
Event: 7.619 GC heap after
{Heap after GC invocations=24 (full 0):
 garbage-first heap   total 221184K, used 97647K [0x00000006e0000000, 0x0000000800000000)
  region size 4096K, 3 young (12288K), 3 survivors (12288K)
 Metaspace       used 92575K, committed 93248K, reserved 1179648K
  class space    used 12745K, committed 13056K, reserved 1048576K
}
Event: 7.925 GC heap before
{Heap before GC invocations=24 (full 0):
 garbage-first heap   total 221184K, used 171375K [0x00000006e0000000, 0x0000000800000000)
  region size 4096K, 21 young (86016K), 3 survivors (12288K)
 Metaspace       used 93183K, committed 93824K, reserved 1179648K
  class space    used 12802K, committed 13120K, reserved 1048576K
}
Event: 7.936 GC heap after
{Heap after GC invocations=25 (full 0):
 garbage-first heap   total 266240K, used 106115K [0x00000006e0000000, 0x0000000800000000)
  region size 4096K, 2 young (8192K), 2 survivors (8192K)
 Metaspace       used 93183K, committed 93824K, reserved 1179648K
  class space    used 12802K, committed 13120K, reserved 1048576K
}
Event: 9.573 GC heap before
{Heap before GC invocations=25 (full 0):
 garbage-first heap   total 266240K, used 208515K [0x00000006e0000000, 0x0000000800000000)
  region size 4096K, 27 young (110592K), 2 survivors (8192K)
 Metaspace       used 96567K, committed 97216K, reserved 1179648K
  class space    used 13163K, committed 13504K, reserved 1048576K
}
Event: 9.583 GC heap after
{Heap after GC invocations=26 (full 0):
 garbage-first heap   total 266240K, used 118476K [0x00000006e0000000, 0x0000000800000000)
  region size 4096K, 4 young (16384K), 4 survivors (16384K)
 Metaspace       used 96567K, committed 97216K, reserved 1179648K
  class space    used 13163K, committed 13504K, reserved 1048576K
}
Event: 10.432 GC heap before
{Heap before GC invocations=26 (full 0):
 garbage-first heap   total 266240K, used 200396K [0x00000006e0000000, 0x0000000800000000)
  region size 4096K, 25 young (102400K), 4 survivors (16384K)
 Metaspace       used 99462K, committed 100096K, reserved 1179648K
  class space    used 13528K, committed 13824K, reserved 1048576K
}

