# JRE version: OpenJDK Runtime Environment (17.0.7) (build 17.0.7+0-17.0.7b1000.6-10550314)
# Java VM: OpenJDK 64-Bit Server VM (17.0.7+0-17.0.7b1000.6-10550314, mixed mode, tiered, compressed oops, compressed class ptrs, g1 gc, linux-amd64)
GC Precious Log:
 CPUs: 6 total, 6 available
 Memory: 7792M
 Large Page Support: Disabled
 NUMA Support: Disabled
 Compressed Oops: Enabled (32-bit)
 Heap Region Size: 1M
 Heap Min Capacity: 8M
 Heap Initial Capacity: 122M
 Heap Max Capacity: 1950M
 Pre-touch: Disabled
 Parallel Workers: 6
 Concurrent Workers: 2
 Concurrent Refinement Workers: 6
 Periodic GC: Disabled
Heap:
 garbage-first heap   total 40960K, used 21186K [0x0000000086200000, 0x0000000100000000)
  region size 1024K, 4 young (4096K), 1 survivors (1024K)
 Metaspace       used 30500K, committed 30720K, reserved 1114112K
  class space    used 3608K, committed 3712K, reserved 1048576K
GC Heap History (12 events):
Event: 0.400 GC heap before
{Heap before GC invocations=0 (full 0):
 garbage-first heap   total 124928K, used 24576K [0x0000000086200000, 0x0000000100000000)
  region size 1024K, 21 young (21504K), 0 survivors (0K)
 Metaspace       used 13574K, committed 13696K, reserved 1114112K
  class space    used 1332K, committed 1408K, reserved 1048576K
}
Event: 0.404 GC heap after
{Heap after GC invocations=1 (full 0):
 garbage-first heap   total 124928K, used 6080K [0x0000000086200000, 0x0000000100000000)
  region size 1024K, 3 young (3072K), 3 survivors (3072K)
 Metaspace       used 13574K, committed 13696K, reserved 1114112K
  class space    used 1332K, committed 1408K, reserved 1048576K
}
Event: 0.732 GC heap before
{Heap before GC invocations=1 (full 0):
 garbage-first heap   total 124928K, used 36800K [0x0000000086200000, 0x0000000100000000)
  region size 1024K, 33 young (33792K), 3 survivors (3072K)
 Metaspace       used 21191K, committed 21440K, reserved 1114112K
  class space    used 2330K, committed 2432K, reserved 1048576K
}
Event: 0.740 GC heap after
{Heap after GC invocations=2 (full 0):
 garbage-first heap   total 124928K, used 9323K [0x0000000086200000, 0x0000000100000000)
  region size 1024K, 4 young (4096K), 4 survivors (4096K)
 Metaspace       used 21191K, committed 21440K, reserved 1114112K
  class space    used 2330K, committed 2432K, reserved 1048576K
}
Event: 0.745 GC heap before
{Heap before GC invocations=2 (full 0):
 garbage-first heap   total 124928K, used 9323K [0x0000000086200000, 0x0000000100000000)
  region size 1024K, 5 young (5120K), 4 survivors (4096K)
 Metaspace       used 21345K, committed 21504K, reserved 1114112K
  class space    used 2349K, committed 2432K, reserved 1048576K
}
Event: 0.749 GC heap after
{Heap after GC invocations=3 (full 0):
 garbage-first heap   total 124928K, used 9513K [0x0000000086200000, 0x0000000100000000)
  region size 1024K, 4 young (4096K), 4 survivors (4096K)
 Metaspace       used 21345K, committed 21504K, reserved 1114112K
  class space    used 2349K, committed 2432K, reserved 1048576K
}
Event: 0.933 GC heap before
{Heap before GC invocations=4 (full 0):
 garbage-first heap   total 37888K, used 28969K [0x0000000086200000, 0x0000000100000000)
  region size 1024K, 21 young (21504K), 4 survivors (4096K)
 Metaspace       used 25971K, committed 26176K, reserved 1114112K
  class space    used 2877K, committed 2944K, reserved 1048576K
}
Event: 0.942 GC heap after
{Heap after GC invocations=5 (full 0):
 garbage-first heap   total 40960K, used 18773K [0x0000000086200000, 0x0000000100000000)
  region size 1024K, 10 young (10240K), 10 survivors (10240K)
 Metaspace       used 25971K, committed 26176K, reserved 1114112K
  class space    used 2877K, committed 2944K, reserved 1048576K
}
Event: 0.966 GC heap before
{Heap before GC invocations=5 (full 0):
 garbage-first heap   total 40960K, used 19797K [0x0000000086200000, 0x0000000100000000)
  region size 1024K, 11 young (11264K), 10 survivors (10240K)
 Metaspace       used 26843K, committed 27072K, reserved 1114112K
  class space    used 2977K, committed 3072K, reserved 1048576K
}
Event: 0.974 GC heap after
{Heap after GC invocations=6 (full 0):
 garbage-first heap   total 40960K, used 19472K [0x0000000086200000, 0x0000000100000000)
  region size 1024K, 1 young (1024K), 1 survivors (1024K)
 Metaspace       used 26843K, committed 27072K, reserved 1114112K
  class space    used 2977K, committed 3072K, reserved 1048576K
}
Event: 1.055 GC heap before
{Heap before GC invocations=6 (full 0):
 garbage-first heap   total 40960K, used 26640K [0x0000000086200000, 0x0000000100000000)
  region size 1024K, 9 young (9216K), 1 survivors (1024K)
 Metaspace       used 29205K, committed 29376K, reserved 1114112K
  class space    used 3296K, committed 3392K, reserved 1048576K
}
Event: 1.056 GC heap after
{Heap after GC invocations=7 (full 0):
 garbage-first heap   total 40960K, used 19138K [0x0000000086200000, 0x0000000100000000)
  region size 1024K, 1 young (1024K), 1 survivors (1024K)
 Metaspace       used 29205K, committed 29376K, reserved 1114112K
  class space    used 3296K, committed 3392K, reserved 1048576K
}

