# JRE version: OpenJDK Runtime Environment (17.0.7) (build 17.0.7+0-17.0.7b1000.6-10550314)
# Java VM: OpenJDK 64-Bit Server VM (17.0.7+0-17.0.7b1000.6-10550314, mixed mode, tiered, compressed oops, compressed class ptrs, g1 gc, linux-amd64)
GC Precious Log:
 CPUs: 6 total, 6 available
 Memory: 7792M
 Large Page Support: Disabled
 NUMA Support: Disabled
 Compressed Oops: Enabled (Zero based)
 Heap Region Size: 4M
 Heap Min Capacity: 8M
 Heap Initial Capacity: 124M
 Heap Max Capacity: 4608M
 Pre-touch: Disabled
 Parallel Workers: 6
 Concurrent Workers: 2
 Concurrent Refinement Workers: 6
 Periodic GC: Disabled
Heap:
 garbage-first heap   total 536576K, used 295833K [0x00000006e0000000, 0x0000000800000000)
  region size 4096K, 27 young (110592K), 5 survivors (20480K)
 Metaspace       used 135520K, committed 136448K, reserved 1179648K
  class space    used 17919K, committed 18368K, reserved 1048576K
GC Heap History (20 events):
Event: 37.415 GC heap before
{Heap before GC invocations=33 (full 0):
 garbage-first heap   total 241664K, used 186316K [0x00000006e0000000, 0x0000000800000000)
  region size 4096K, 12 young (49152K), 1 survivors (4096K)
 Metaspace       used 100679K, committed 101440K, reserved 1179648K
  class space    used 13644K, committed 14016K, reserved 1048576K
}
Event: 37.421 GC heap after
{Heap after GC invocations=34 (full 0):
 garbage-first heap   total 241664K, used 143920K [0x00000006e0000000, 0x0000000800000000)
  region size 4096K, 2 young (8192K), 2 survivors (8192K)
 Metaspace       used 100679K, committed 101440K, reserved 1179648K
  class space    used 13644K, committed 14016K, reserved 1048576K
}
Event: 37.592 GC heap before
{Heap before GC invocations=35 (full 0):
 garbage-first heap   total 286720K, used 188976K [0x00000006e0000000, 0x0000000800000000)
  region size 4096K, 13 young (53248K), 2 survivors (8192K)
 Metaspace       used 100812K, committed 101568K, reserved 1179648K
  class space    used 13644K, committed 14016K, reserved 1048576K
}
Event: 37.598 GC heap after
{Heap after GC invocations=36 (full 0):
 garbage-first heap   total 286720K, used 144945K [0x00000006e0000000, 0x0000000800000000)
  region size 4096K, 1 young (4096K), 1 survivors (4096K)
 Metaspace       used 100812K, committed 101568K, reserved 1179648K
  class space    used 13644K, committed 14016K, reserved 1048576K
}
Event: 38.054 GC heap before
{Heap before GC invocations=36 (full 0):
 garbage-first heap   total 286720K, used 194097K [0x00000006e0000000, 0x0000000800000000)
  region size 4096K, 15 young (61440K), 1 survivors (4096K)
 Metaspace       used 101094K, committed 101824K, reserved 1179648K
  class space    used 13660K, committed 14016K, reserved 1048576K
}
Event: 38.058 GC heap after
{Heap after GC invocations=37 (full 0):
 garbage-first heap   total 286720K, used 151199K [0x00000006e0000000, 0x0000000800000000)
  region size 4096K, 2 young (8192K), 2 survivors (8192K)
 Metaspace       used 101094K, committed 101824K, reserved 1179648K
  class space    used 13660K, committed 14016K, reserved 1048576K
}
Event: 38.726 GC heap before
{Heap before GC invocations=38 (full 0):
 garbage-first heap   total 286720K, used 237215K [0x00000006e0000000, 0x0000000800000000)
  region size 4096K, 20 young (81920K), 2 survivors (8192K)
 Metaspace       used 102753K, committed 103552K, reserved 1179648K
  class space    used 13793K, committed 14144K, reserved 1048576K
}
Event: 38.733 GC heap after
{Heap after GC invocations=39 (full 0):
 garbage-first heap   total 286720K, used 159859K [0x00000006e0000000, 0x0000000800000000)
  region size 4096K, 3 young (12288K), 3 survivors (12288K)
 Metaspace       used 102753K, committed 103552K, reserved 1179648K
  class space    used 13793K, committed 14144K, reserved 1048576K
}
Event: 39.358 GC heap before
{Heap before GC invocations=39 (full 0):
 garbage-first heap   total 286720K, used 221299K [0x00000006e0000000, 0x0000000800000000)
  region size 4096K, 18 young (73728K), 3 survivors (12288K)
 Metaspace       used 105040K, committed 105792K, reserved 1179648K
  class space    used 14001K, committed 14336K, reserved 1048576K
}
Event: 39.366 GC heap after
{Heap after GC invocations=40 (full 0):
 garbage-first heap   total 286720K, used 165427K [0x00000006e0000000, 0x0000000800000000)
  region size 4096K, 2 young (8192K), 2 survivors (8192K)
 Metaspace       used 105040K, committed 105792K, reserved 1179648K
  class space    used 14001K, committed 14336K, reserved 1048576K
}
Event: 39.555 GC heap before
{Heap before GC invocations=41 (full 0):
 garbage-first heap   total 344064K, used 218675K [0x00000006e0000000, 0x0000000800000000)
  region size 4096K, 17 young (69632K), 2 survivors (8192K)
 Metaspace       used 106087K, committed 106816K, reserved 1179648K
  class space    used 14065K, committed 14400K, reserved 1048576K
}
Event: 39.558 GC heap after
{Heap after GC invocations=42 (full 0):
 garbage-first heap   total 344064K, used 159943K [0x00000006e0000000, 0x0000000800000000)
  region size 4096K, 2 young (8192K), 2 survivors (8192K)
 Metaspace       used 106087K, committed 106816K, reserved 1179648K
  class space    used 14065K, committed 14400K, reserved 1048576K
}
Event: 39.661 GC heap before
{Heap before GC invocations=42 (full 0):
 garbage-first heap   total 344064K, used 168135K [0x00000006e0000000, 0x0000000800000000)
  region size 4096K, 4 young (16384K), 2 survivors (8192K)
 Metaspace       used 106145K, committed 106880K, reserved 1179648K
  class space    used 14067K, committed 14400K, reserved 1048576K
}
Event: 39.664 GC heap after
{Heap after GC invocations=43 (full 0):
 garbage-first heap   total 536576K, used 144033K [0x00000006e0000000, 0x0000000800000000)
  region size 4096K, 1 young (4096K), 1 survivors (4096K)
 Metaspace       used 106145K, committed 106880K, reserved 1179648K
  class space    used 14067K, committed 14400K, reserved 1048576K
}
Event: 46.826 GC heap before
{Heap before GC invocations=43 (full 0):
 garbage-first heap   total 536576K, used 402081K [0x00000006e0000000, 0x0000000800000000)
  region size 4096K, 65 young (266240K), 1 survivors (4096K)
 Metaspace       used 113645K, committed 114432K, reserved 1179648K
  class space    used 14991K, committed 15360K, reserved 1048576K
}
Event: 46.831 GC heap after
{Heap after GC invocations=44 (full 0):
 garbage-first heap   total 536576K, used 152547K [0x00000006e0000000, 0x0000000800000000)
  region size 4096K, 3 young (12288K), 3 survivors (12288K)
 Metaspace       used 113645K, committed 114432K, reserved 1179648K
  class space    used 14991K, committed 15360K, reserved 1048576K
}
Event: 67.354 GC heap before
{Heap before GC invocations=44 (full 0):
 garbage-first heap   total 536576K, used 426979K [0x00000006e0000000, 0x0000000800000000)
  region size 4096K, 71 young (290816K), 3 survivors (12288K)
 Metaspace       used 119777K, committed 120640K, reserved 1179648K
  class space    used 15784K, committed 16192K, reserved 1048576K
}
Event: 67.379 GC heap after
{Heap after GC invocations=45 (full 0):
 garbage-first heap   total 536576K, used 172810K [0x00000006e0000000, 0x0000000800000000)
  region size 4096K, 8 young (32768K), 8 survivors (32768K)
 Metaspace       used 119777K, committed 120640K, reserved 1179648K
  class space    used 15784K, committed 16192K, reserved 1048576K
}
Event: 85.366 GC heap before
{Heap before GC invocations=45 (full 0):
 garbage-first heap   total 536576K, used 361226K [0x00000006e0000000, 0x0000000800000000)
  region size 4096K, 55 young (225280K), 8 survivors (32768K)
 Metaspace       used 133902K, committed 134784K, reserved 1179648K
  class space    used 17834K, committed 18240K, reserved 1048576K
}
Event: 85.389 GC heap after
{Heap after GC invocations=46 (full 0):
 garbage-first heap   total 536576K, used 189337K [0x00000006e0000000, 0x0000000800000000)
  region size 4096K, 5 young (20480K), 5 survivors (20480K)
 Metaspace       used 133902K, committed 134784K, reserved 1179648K
  class space    used 17834K, committed 18240K, reserved 1048576K
}

