# JRE version: OpenJDK Runtime Environment (17.0.7) (build 17.0.7+0-17.0.7b1000.6-10550314)
# Java VM: OpenJDK 64-Bit Server VM (17.0.7+0-17.0.7b1000.6-10550314, mixed mode, tiered, compressed oops, compressed class ptrs, g1 gc, linux-amd64)
GC Precious Log:
 CPUs: 6 total, 6 available
 Memory: 7792M
 Large Page Support: Disabled
 NUMA Support: Disabled
 Compressed Oops: Enabled (Zero based)
 Heap Region Size: 4M
 Heap Min Capacity: 8M
 Heap Initial Capacity: 124M
 Heap Max Capacity: 4608M
 Pre-touch: Disabled
 Parallel Workers: 6
 Concurrent Workers: 2
 Concurrent Refinement Workers: 6
 Periodic GC: Disabled
Heap:
 garbage-first heap   total 98304K, used 54410K [0x00000006e0000000, 0x0000000800000000)
  region size 4096K, 2 young (8192K), 1 survivors (4096K)
 Metaspace       used 53929K, committed 54464K, reserved 1114112K
  class space    used 7220K, committed 7488K, reserved 1048576K
GC Heap History (20 events):
Event: 6.676 GC heap before
{Heap before GC invocations=5 (full 0):
 garbage-first heap   total 98304K, used 67292K [0x00000006e0000000, 0x0000000800000000)
  region size 4096K, 14 young (57344K), 1 survivors (4096K)
 Metaspace       used 28835K, committed 29120K, reserved 1114112K
  class space    used 3897K, committed 4032K, reserved 1048576K
}
Event: 6.681 GC heap after
{Heap after GC invocations=6 (full 0):
 garbage-first heap   total 98304K, used 21276K [0x00000006e0000000, 0x0000000800000000)
  region size 4096K, 1 young (4096K), 1 survivors (4096K)
 Metaspace       used 28835K, committed 29120K, reserved 1114112K
  class space    used 3897K, committed 4032K, reserved 1048576K
}
Event: 6.772 GC heap before
{Heap before GC invocations=6 (full 0):
 garbage-first heap   total 98304K, used 25372K [0x00000006e0000000, 0x0000000800000000)
  region size 4096K, 2 young (8192K), 1 survivors (4096K)
 Metaspace       used 29279K, committed 29568K, reserved 1114112K
  class space    used 3979K, committed 4096K, reserved 1048576K
}
Event: 6.795 GC heap after
{Heap after GC invocations=7 (full 0):
 garbage-first heap   total 98304K, used 21169K [0x00000006e0000000, 0x0000000800000000)
  region size 4096K, 1 young (4096K), 1 survivors (4096K)
 Metaspace       used 29279K, committed 29568K, reserved 1114112K
  class space    used 3979K, committed 4096K, reserved 1048576K
}
Event: 7.501 GC heap before
{Heap before GC invocations=7 (full 0):
 garbage-first heap   total 98304K, used 58033K [0x00000006e0000000, 0x0000000800000000)
  region size 4096K, 10 young (40960K), 1 survivors (4096K)
 Metaspace       used 34478K, committed 34816K, reserved 1114112K
  class space    used 4805K, committed 4992K, reserved 1048576K
}
Event: 7.503 GC heap after
{Heap after GC invocations=8 (full 0):
 garbage-first heap   total 98304K, used 22678K [0x00000006e0000000, 0x0000000800000000)
  region size 4096K, 1 young (4096K), 1 survivors (4096K)
 Metaspace       used 34478K, committed 34816K, reserved 1114112K
  class space    used 4805K, committed 4992K, reserved 1048576K
}
Event: 7.683 GC heap before
{Heap before GC invocations=8 (full 0):
 garbage-first heap   total 98304K, used 26774K [0x00000006e0000000, 0x0000000800000000)
  region size 4096K, 3 young (12288K), 1 survivors (4096K)
 Metaspace       used 35691K, committed 35968K, reserved 1114112K
  class space    used 4989K, committed 5120K, reserved 1048576K
}
Event: 7.686 GC heap after
{Heap after GC invocations=9 (full 0):
 garbage-first heap   total 98304K, used 23435K [0x00000006e0000000, 0x0000000800000000)
  region size 4096K, 1 young (4096K), 1 survivors (4096K)
 Metaspace       used 35691K, committed 35968K, reserved 1114112K
  class space    used 4989K, committed 5120K, reserved 1048576K
}
Event: 8.199 GC heap before
{Heap before GC invocations=10 (full 0):
 garbage-first heap   total 98304K, used 64395K [0x00000006e0000000, 0x0000000800000000)
  region size 4096K, 11 young (45056K), 1 survivors (4096K)
 Metaspace       used 41201K, committed 41600K, reserved 1114112K
  class space    used 5544K, committed 5696K, reserved 1048576K
}
Event: 8.203 GC heap after
{Heap after GC invocations=11 (full 0):
 garbage-first heap   total 98304K, used 27780K [0x00000006e0000000, 0x0000000800000000)
  region size 4096K, 2 young (8192K), 2 survivors (8192K)
 Metaspace       used 41201K, committed 41600K, reserved 1114112K
  class space    used 5544K, committed 5696K, reserved 1048576K
}
Event: 9.779 GC heap before
{Heap before GC invocations=11 (full 0):
 garbage-first heap   total 98304K, used 60548K [0x00000006e0000000, 0x0000000800000000)
  region size 4096K, 11 young (45056K), 2 survivors (8192K)
 Metaspace       used 45850K, committed 46208K, reserved 1114112K
  class space    used 6164K, committed 6336K, reserved 1048576K
}
Event: 9.798 GC heap after
{Heap after GC invocations=12 (full 0):
 garbage-first heap   total 98304K, used 30344K [0x00000006e0000000, 0x0000000800000000)
  region size 4096K, 1 young (4096K), 1 survivors (4096K)
 Metaspace       used 45850K, committed 46208K, reserved 1114112K
  class space    used 6164K, committed 6336K, reserved 1048576K
}
Event: 10.708 GC heap before
{Heap before GC invocations=12 (full 0):
 garbage-first heap   total 98304K, used 63112K [0x00000006e0000000, 0x0000000800000000)
  region size 4096K, 10 young (40960K), 1 survivors (4096K)
 Metaspace       used 48562K, committed 48960K, reserved 1114112K
  class space    used 6486K, committed 6656K, reserved 1048576K
}
Event: 10.715 GC heap after
{Heap after GC invocations=13 (full 0):
 garbage-first heap   total 98304K, used 32308K [0x00000006e0000000, 0x0000000800000000)
  region size 4096K, 2 young (8192K), 2 survivors (8192K)
 Metaspace       used 48562K, committed 48960K, reserved 1114112K
  class space    used 6486K, committed 6656K, reserved 1048576K
}
Event: 12.857 GC heap before
{Heap before GC invocations=13 (full 0):
 garbage-first heap   total 98304K, used 69172K [0x00000006e0000000, 0x0000000800000000)
  region size 4096K, 11 young (45056K), 2 survivors (8192K)
 Metaspace       used 52043K, committed 52480K, reserved 1114112K
  class space    used 6978K, committed 7168K, reserved 1048576K
}
Event: 12.864 GC heap after
{Heap after GC invocations=14 (full 0):
 garbage-first heap   total 98304K, used 35230K [0x00000006e0000000, 0x0000000800000000)
  region size 4096K, 2 young (8192K), 2 survivors (8192K)
 Metaspace       used 52043K, committed 52480K, reserved 1114112K
  class space    used 6978K, committed 7168K, reserved 1048576K
}
Event: 14.096 GC heap before
{Heap before GC invocations=14 (full 0):
 garbage-first heap   total 98304K, used 67998K [0x00000006e0000000, 0x0000000800000000)
  region size 4096K, 10 young (40960K), 2 survivors (8192K)
 Metaspace       used 52795K, committed 53248K, reserved 1114112K
  class space    used 7072K, committed 7296K, reserved 1048576K
}
Event: 14.104 GC heap after
{Heap after GC invocations=15 (full 0):
 garbage-first heap   total 98304K, used 52225K [0x00000006e0000000, 0x0000000800000000)
  region size 4096K, 2 young (8192K), 2 survivors (8192K)
 Metaspace       used 52795K, committed 53248K, reserved 1114112K
  class space    used 7072K, committed 7296K, reserved 1048576K
}
Event: 16.842 GC heap before
{Heap before GC invocations=15 (full 0):
 garbage-first heap   total 98304K, used 68609K [0x00000006e0000000, 0x0000000800000000)
  region size 4096K, 6 young (24576K), 2 survivors (8192K)
 Metaspace       used 53890K, committed 54400K, reserved 1114112K
  class space    used 7217K, committed 7488K, reserved 1048576K
}
Event: 16.846 GC heap after
{Heap after GC invocations=16 (full 0):
 garbage-first heap   total 98304K, used 54410K [0x00000006e0000000, 0x0000000800000000)
  region size 4096K, 1 young (4096K), 1 survivors (4096K)
 Metaspace       used 53890K, committed 54400K, reserved 1114112K
  class space    used 7217K, committed 7488K, reserved 1048576K
}

