# JRE version: OpenJDK Runtime Environment (17.0.7) (build 17.0.7+0-17.0.7b1000.6-10550314)
# Java VM: OpenJDK 64-Bit Server VM (17.0.7+0-17.0.7b1000.6-10550314, mixed mode, tiered, compressed oops, compressed class ptrs, g1 gc, linux-amd64)
GC Precious Log:
 CPUs: 6 total, 6 available
 Memory: 7792M
 Large Page Support: Disabled
 NUMA Support: Disabled
 Compressed Oops: Enabled (Zero based)
 Heap Region Size: 4M
 Heap Min Capacity: 8M
 Heap Initial Capacity: 124M
 Heap Max Capacity: 4608M
 Pre-touch: Disabled
 Parallel Workers: 6
 Concurrent Workers: 2
 Concurrent Refinement Workers: 6
 Periodic GC: Disabled
Heap:
 garbage-first heap   total 98304K, used 69025K [0x00000006e0000000, 0x0000000800000000)
  region size 4096K, 11 young (45056K), 2 survivors (8192K)
 Metaspace       used 52017K, committed 52416K, reserved 1114112K
  class space    used 6986K, committed 7168K, reserved 1048576K
GC Heap History (20 events):
Event: 1.212 GC heap after
{Heap after GC invocations=2 (full 0):
 garbage-first heap   total 126976K, used 10772K [0x00000006e0000000, 0x0000000800000000)
  region size 4096K, 1 young (4096K), 1 survivors (4096K)
 Metaspace       used 11295K, committed 11456K, reserved 1114112K
  class space    used 1199K, committed 1280K, reserved 1048576K
}
Event: 3.284 GC heap before
{Heap before GC invocations=2 (full 0):
 garbage-first heap   total 126976K, used 55828K [0x00000006e0000000, 0x0000000800000000)
  region size 4096K, 12 young (49152K), 1 survivors (4096K)
 Metaspace       used 18327K, committed 18496K, reserved 1114112K
  class space    used 2151K, committed 2240K, reserved 1048576K
}
Event: 3.289 GC heap after
{Heap after GC invocations=3 (full 0):
 garbage-first heap   total 126976K, used 17270K [0x00000006e0000000, 0x0000000800000000)
  region size 4096K, 2 young (8192K), 2 survivors (8192K)
 Metaspace       used 18327K, committed 18496K, reserved 1114112K
  class space    used 2151K, committed 2240K, reserved 1048576K
}
Event: 3.575 GC heap before
{Heap before GC invocations=3 (full 0):
 garbage-first heap   total 126976K, used 29558K [0x00000006e0000000, 0x0000000800000000)
  region size 4096K, 6 young (24576K), 2 survivors (8192K)
 Metaspace       used 21243K, committed 21504K, reserved 1114112K
  class space    used 2607K, committed 2752K, reserved 1048576K
}
Event: 3.578 GC heap after
{Heap after GC invocations=4 (full 0):
 garbage-first heap   total 126976K, used 18309K [0x00000006e0000000, 0x0000000800000000)
  region size 4096K, 1 young (4096K), 1 survivors (4096K)
 Metaspace       used 21243K, committed 21504K, reserved 1114112K
  class space    used 2607K, committed 2752K, reserved 1048576K
}
Event: 4.524 GC heap before
{Heap before GC invocations=5 (full 0):
 garbage-first heap   total 98304K, used 71557K [0x00000006e0000000, 0x0000000800000000)
  region size 4096K, 14 young (57344K), 1 survivors (4096K)
 Metaspace       used 28842K, committed 29120K, reserved 1114112K
  class space    used 3897K, committed 4032K, reserved 1048576K
}
Event: 4.527 GC heap after
{Heap after GC invocations=6 (full 0):
 garbage-first heap   total 98304K, used 21254K [0x00000006e0000000, 0x0000000800000000)
  region size 4096K, 2 young (8192K), 2 survivors (8192K)
 Metaspace       used 28842K, committed 29120K, reserved 1114112K
  class space    used 3897K, committed 4032K, reserved 1048576K
}
Event: 4.576 GC heap before
{Heap before GC invocations=6 (full 0):
 garbage-first heap   total 98304K, used 25350K [0x00000006e0000000, 0x0000000800000000)
  region size 4096K, 3 young (12288K), 2 survivors (8192K)
 Metaspace       used 29287K, committed 29568K, reserved 1114112K
  class space    used 3977K, committed 4096K, reserved 1048576K
}
Event: 4.579 GC heap after
{Heap after GC invocations=7 (full 0):
 garbage-first heap   total 98304K, used 21308K [0x00000006e0000000, 0x0000000800000000)
  region size 4096K, 1 young (4096K), 1 survivors (4096K)
 Metaspace       used 29287K, committed 29568K, reserved 1114112K
  class space    used 3977K, committed 4096K, reserved 1048576K
}
Event: 5.120 GC heap before
{Heap before GC invocations=7 (full 0):
 garbage-first heap   total 98304K, used 58172K [0x00000006e0000000, 0x0000000800000000)
  region size 4096K, 10 young (40960K), 1 survivors (4096K)
 Metaspace       used 34451K, committed 34752K, reserved 1114112K
  class space    used 4799K, committed 4928K, reserved 1048576K
}
Event: 5.122 GC heap after
{Heap after GC invocations=8 (full 0):
 garbage-first heap   total 98304K, used 22567K [0x00000006e0000000, 0x0000000800000000)
  region size 4096K, 1 young (4096K), 1 survivors (4096K)
 Metaspace       used 34451K, committed 34752K, reserved 1114112K
  class space    used 4799K, committed 4928K, reserved 1048576K
}
Event: 5.223 GC heap before
{Heap before GC invocations=8 (full 0):
 garbage-first heap   total 98304K, used 26663K [0x00000006e0000000, 0x0000000800000000)
  region size 4096K, 3 young (12288K), 1 survivors (4096K)
 Metaspace       used 35722K, committed 35968K, reserved 1114112K
  class space    used 4997K, committed 5120K, reserved 1048576K
}
Event: 5.225 GC heap after
{Heap after GC invocations=9 (full 0):
 garbage-first heap   total 98304K, used 23301K [0x00000006e0000000, 0x0000000800000000)
  region size 4096K, 1 young (4096K), 1 survivors (4096K)
 Metaspace       used 35722K, committed 35968K, reserved 1114112K
  class space    used 4997K, committed 5120K, reserved 1048576K
}
Event: 5.824 GC heap before
{Heap before GC invocations=10 (full 0):
 garbage-first heap   total 98304K, used 64261K [0x00000006e0000000, 0x0000000800000000)
  region size 4096K, 11 young (45056K), 1 survivors (4096K)
 Metaspace       used 41250K, committed 41600K, reserved 1114112K
  class space    used 5545K, committed 5696K, reserved 1048576K
}
Event: 5.829 GC heap after
{Heap after GC invocations=11 (full 0):
 garbage-first heap   total 98304K, used 27640K [0x00000006e0000000, 0x0000000800000000)
  region size 4096K, 2 young (8192K), 2 survivors (8192K)
 Metaspace       used 41250K, committed 41600K, reserved 1114112K
  class space    used 5545K, committed 5696K, reserved 1048576K
}
Event: 6.541 GC heap before
{Heap before GC invocations=12 (full 0):
 garbage-first heap   total 98304K, used 60408K [0x00000006e0000000, 0x0000000800000000)
  region size 4096K, 11 young (45056K), 2 survivors (8192K)
 Metaspace       used 45833K, committed 46208K, reserved 1114112K
  class space    used 6165K, committed 6336K, reserved 1048576K
}
Event: 6.546 GC heap after
{Heap after GC invocations=13 (full 0):
 garbage-first heap   total 98304K, used 30230K [0x00000006e0000000, 0x0000000800000000)
  region size 4096K, 1 young (4096K), 1 survivors (4096K)
 Metaspace       used 45833K, committed 46208K, reserved 1114112K
  class space    used 6165K, committed 6336K, reserved 1048576K
}
Event: 6.901 GC heap before
{Heap before GC invocations=13 (full 0):
 garbage-first heap   total 98304K, used 62998K [0x00000006e0000000, 0x0000000800000000)
  region size 4096K, 10 young (40960K), 1 survivors (4096K)
 Metaspace       used 48530K, committed 48896K, reserved 1114112K
  class space    used 6486K, committed 6656K, reserved 1048576K
}
Event: 6.905 GC heap after
{Heap after GC invocations=14 (full 0):
 garbage-first heap   total 98304K, used 32163K [0x00000006e0000000, 0x0000000800000000)
  region size 4096K, 2 young (8192K), 2 survivors (8192K)
 Metaspace       used 48530K, committed 48896K, reserved 1114112K
  class space    used 6486K, committed 6656K, reserved 1048576K
}
Event: 8.254 GC heap before
{Heap before GC invocations=14 (full 0):
 garbage-first heap   total 98304K, used 64931K [0x00000006e0000000, 0x0000000800000000)
  region size 4096K, 11 young (45056K), 2 survivors (8192K)
 Metaspace       used 52017K, committed 52416K, reserved 1114112K
  class space    used 6986K, committed 7168K, reserved 1048576K
}

