# JRE version: OpenJDK Runtime Environment (17.0.7) (build 17.0.7+0-17.0.7b1000.6-10550314)
# Java VM: OpenJDK 64-Bit Server VM (17.0.7+0-17.0.7b1000.6-10550314, mixed mode, tiered, compressed oops, compressed class ptrs, g1 gc, linux-amd64)
GC Precious Log:
 CPUs: 6 total, 6 available
 Memory: 7792M
 Large Page Support: Disabled
 NUMA Support: Disabled
 Compressed Oops: Enabled (Zero based)
 Heap Region Size: 4M
 Heap Min Capacity: 8M
 Heap Initial Capacity: 124M
 Heap Max Capacity: 4608M
 Pre-touch: Disabled
 Parallel Workers: 6
 Concurrent Workers: 2
 Concurrent Refinement Workers: 6
 Periodic GC: Disabled
Heap:
 garbage-first heap   total 110592K, used 70817K [0x00000006e0000000, 0x0000000800000000)
  region size 4096K, 7 young (28672K), 2 survivors (8192K)
 Metaspace       used 55325K, committed 55872K, reserved 1114112K
  class space    used 7423K, committed 7680K, reserved 1048576K
GC Heap History (20 events):
Event: 1.790 GC heap before
{Heap before GC invocations=3 (full 0):
 garbage-first heap   total 126976K, used 29517K [0x00000006e0000000, 0x0000000800000000)
  region size 4096K, 6 young (24576K), 2 survivors (8192K)
 Metaspace       used 21266K, committed 21504K, reserved 1114112K
  class space    used 2607K, committed 2752K, reserved 1048576K
}
Event: 1.794 GC heap after
{Heap after GC invocations=4 (full 0):
 garbage-first heap   total 126976K, used 18110K [0x00000006e0000000, 0x0000000800000000)
  region size 4096K, 1 young (4096K), 1 survivors (4096K)
 Metaspace       used 21266K, committed 21504K, reserved 1114112K
  class space    used 2607K, committed 2752K, reserved 1048576K
}
Event: 5.283 GC heap before
{Heap before GC invocations=5 (full 0):
 garbage-first heap   total 98304K, used 71358K [0x00000006e0000000, 0x0000000800000000)
  region size 4096K, 14 young (57344K), 1 survivors (4096K)
 Metaspace       used 28931K, committed 29248K, reserved 1114112K
  class space    used 3909K, committed 4032K, reserved 1048576K
}
Event: 5.286 GC heap after
{Heap after GC invocations=6 (full 0):
 garbage-first heap   total 98304K, used 20820K [0x00000006e0000000, 0x0000000800000000)
  region size 4096K, 1 young (4096K), 1 survivors (4096K)
 Metaspace       used 28931K, committed 29248K, reserved 1114112K
  class space    used 3909K, committed 4032K, reserved 1048576K
}
Event: 5.455 GC heap before
{Heap before GC invocations=6 (full 0):
 garbage-first heap   total 98304K, used 24916K [0x00000006e0000000, 0x0000000800000000)
  region size 4096K, 2 young (8192K), 1 survivors (4096K)
 Metaspace       used 29345K, committed 29632K, reserved 1114112K
  class space    used 3981K, committed 4096K, reserved 1048576K
}
Event: 5.464 GC heap after
{Heap after GC invocations=7 (full 0):
 garbage-first heap   total 98304K, used 21304K [0x00000006e0000000, 0x0000000800000000)
  region size 4096K, 1 young (4096K), 1 survivors (4096K)
 Metaspace       used 29345K, committed 29632K, reserved 1114112K
  class space    used 3981K, committed 4096K, reserved 1048576K
}
Event: 7.227 GC heap before
{Heap before GC invocations=7 (full 0):
 garbage-first heap   total 98304K, used 58168K [0x00000006e0000000, 0x0000000800000000)
  region size 4096K, 10 young (40960K), 1 survivors (4096K)
 Metaspace       used 34527K, committed 34816K, reserved 1114112K
  class space    used 4804K, committed 4928K, reserved 1048576K
}
Event: 7.234 GC heap after
{Heap after GC invocations=8 (full 0):
 garbage-first heap   total 118784K, used 22584K [0x00000006e0000000, 0x0000000800000000)
  region size 4096K, 1 young (4096K), 1 survivors (4096K)
 Metaspace       used 34527K, committed 34816K, reserved 1114112K
  class space    used 4804K, committed 4928K, reserved 1048576K
}
Event: 7.480 GC heap before
{Heap before GC invocations=8 (full 0):
 garbage-first heap   total 118784K, used 26680K [0x00000006e0000000, 0x0000000800000000)
  region size 4096K, 3 young (12288K), 1 survivors (4096K)
 Metaspace       used 35637K, committed 35968K, reserved 1114112K
  class space    used 4973K, committed 5184K, reserved 1048576K
}
Event: 7.486 GC heap after
{Heap after GC invocations=9 (full 0):
 garbage-first heap   total 118784K, used 23166K [0x00000006e0000000, 0x0000000800000000)
  region size 4096K, 1 young (4096K), 1 survivors (4096K)
 Metaspace       used 35637K, committed 35968K, reserved 1114112K
  class space    used 4973K, committed 5184K, reserved 1048576K
}
Event: 9.073 GC heap before
{Heap before GC invocations=10 (full 0):
 garbage-first heap   total 110592K, used 80510K [0x00000006e0000000, 0x0000000800000000)
  region size 4096K, 16 young (65536K), 1 survivors (4096K)
 Metaspace       used 43597K, committed 43968K, reserved 1114112K
  class space    used 5772K, committed 5952K, reserved 1048576K
}
Event: 9.081 GC heap after
{Heap after GC invocations=11 (full 0):
 garbage-first heap   total 110592K, used 29369K [0x00000006e0000000, 0x0000000800000000)
  region size 4096K, 2 young (8192K), 2 survivors (8192K)
 Metaspace       used 43597K, committed 43968K, reserved 1114112K
  class space    used 5772K, committed 5952K, reserved 1048576K
}
Event: 9.231 GC heap before
{Heap before GC invocations=11 (full 0):
 garbage-first heap   total 110592K, used 33465K [0x00000006e0000000, 0x0000000800000000)
  region size 4096K, 3 young (12288K), 2 survivors (8192K)
 Metaspace       used 44018K, committed 44352K, reserved 1114112K
  class space    used 5848K, committed 6016K, reserved 1048576K
}
Event: 9.236 GC heap after
{Heap after GC invocations=12 (full 0):
 garbage-first heap   total 110592K, used 30583K [0x00000006e0000000, 0x0000000800000000)
  region size 4096K, 1 young (4096K), 1 survivors (4096K)
 Metaspace       used 44018K, committed 44352K, reserved 1114112K
  class space    used 5848K, committed 6016K, reserved 1048576K
}
Event: 10.587 GC heap before
{Heap before GC invocations=12 (full 0):
 garbage-first heap   total 110592K, used 71543K [0x00000006e0000000, 0x0000000800000000)
  region size 4096K, 12 young (49152K), 1 survivors (4096K)
 Metaspace       used 48594K, committed 49024K, reserved 1114112K
  class space    used 6486K, committed 6720K, reserved 1048576K
}
Event: 10.590 GC heap after
{Heap after GC invocations=13 (full 0):
 garbage-first heap   total 110592K, used 32598K [0x00000006e0000000, 0x0000000800000000)
  region size 4096K, 1 young (4096K), 1 survivors (4096K)
 Metaspace       used 48594K, committed 49024K, reserved 1114112K
  class space    used 6486K, committed 6720K, reserved 1048576K
}
Event: 12.852 GC heap before
{Heap before GC invocations=13 (full 0):
 garbage-first heap   total 110592K, used 77654K [0x00000006e0000000, 0x0000000800000000)
  region size 4096K, 12 young (49152K), 1 survivors (4096K)
 Metaspace       used 52174K, committed 52672K, reserved 1114112K
  class space    used 6995K, committed 7232K, reserved 1048576K
}
Event: 12.864 GC heap after
{Heap after GC invocations=14 (full 0):
 garbage-first heap   total 110592K, used 35624K [0x00000006e0000000, 0x0000000800000000)
  region size 4096K, 2 young (8192K), 2 survivors (8192K)
 Metaspace       used 52174K, committed 52672K, reserved 1114112K
  class space    used 6995K, committed 7232K, reserved 1048576K
}
Event: 16.074 GC heap before
{Heap before GC invocations=14 (full 0):
 garbage-first heap   total 110592K, used 80680K [0x00000006e0000000, 0x0000000800000000)
  region size 4096K, 13 young (53248K), 2 survivors (8192K)
 Metaspace       used 53878K, committed 54336K, reserved 1114112K
  class space    used 7211K, committed 7424K, reserved 1048576K
}
Event: 16.083 GC heap after
{Heap after GC invocations=15 (full 0):
 garbage-first heap   total 110592K, used 54433K [0x00000006e0000000, 0x0000000800000000)
  region size 4096K, 2 young (8192K), 2 survivors (8192K)
 Metaspace       used 53878K, committed 54336K, reserved 1114112K
  class space    used 7211K, committed 7424K, reserved 1048576K
}

