# JRE version: OpenJDK Runtime Environment (17.0.7) (build 17.0.7+0-17.0.7b1000.6-10550314)
# Java VM: OpenJDK 64-Bit Server VM (17.0.7+0-17.0.7b1000.6-10550314, mixed mode, tiered, compressed oops, compressed class ptrs, g1 gc, linux-amd64)
GC Precious Log:
 CPUs: 6 total, 6 available
 Memory: 7792M
 Large Page Support: Disabled
 NUMA Support: Disabled
 Compressed Oops: Enabled (Zero based)
 Heap Region Size: 4M
 Heap Min Capacity: 8M
 Heap Initial Capacity: 124M
 Heap Max Capacity: 4608M
 Pre-touch: Disabled
 Parallel Workers: 6
 Concurrent Workers: 2
 Concurrent Refinement Workers: 6
 Periodic GC: Disabled
Heap:
 garbage-first heap   total 98304K, used 23218K [0x00000006e0000000, 0x0000000800000000)
  region size 4096K, 2 young (8192K), 1 survivors (4096K)
 Metaspace       used 36218K, committed 36544K, reserved 1114112K
  class space    used 5031K, committed 5184K, reserved 1048576K
GC Heap History (16 events):
Event: 2.872 GC heap before
{Heap before GC invocations=0 (full 0):
 garbage-first heap   total 126976K, used 16384K [0x00000006e0000000, 0x0000000800000000)
  region size 4096K, 4 young (16384K), 0 survivors (0K)
 Metaspace       used 8060K, committed 8256K, reserved 1114112K
  class space    used 720K, committed 832K, reserved 1048576K
}
Event: 2.876 GC heap after
{Heap after GC invocations=1 (full 0):
 garbage-first heap   total 126976K, used 9925K [0x00000006e0000000, 0x0000000800000000)
  region size 4096K, 1 young (4096K), 1 survivors (4096K)
 Metaspace       used 8060K, committed 8256K, reserved 1114112K
  class space    used 720K, committed 832K, reserved 1048576K
}
Event: 3.945 GC heap before
{Heap before GC invocations=1 (full 0):
 garbage-first heap   total 126976K, used 26309K [0x00000006e0000000, 0x0000000800000000)
  region size 4096K, 5 young (20480K), 1 survivors (4096K)
 Metaspace       used 11340K, committed 11520K, reserved 1114112K
  class space    used 1199K, committed 1280K, reserved 1048576K
}
Event: 3.949 GC heap after
{Heap after GC invocations=2 (full 0):
 garbage-first heap   total 126976K, used 10737K [0x00000006e0000000, 0x0000000800000000)
  region size 4096K, 1 young (4096K), 1 survivors (4096K)
 Metaspace       used 11340K, committed 11520K, reserved 1114112K
  class space    used 1199K, committed 1280K, reserved 1048576K
}
Event: 8.137 GC heap before
{Heap before GC invocations=2 (full 0):
 garbage-first heap   total 126976K, used 51697K [0x00000006e0000000, 0x0000000800000000)
  region size 4096K, 12 young (49152K), 1 survivors (4096K)
 Metaspace       used 19316K, committed 19520K, reserved 1114112K
  class space    used 2301K, committed 2432K, reserved 1048576K
}
Event: 8.141 GC heap after
{Heap after GC invocations=3 (full 0):
 garbage-first heap   total 126976K, used 17438K [0x00000006e0000000, 0x0000000800000000)
  region size 4096K, 2 young (8192K), 2 survivors (8192K)
 Metaspace       used 19316K, committed 19520K, reserved 1114112K
  class space    used 2301K, committed 2432K, reserved 1048576K
}
Event: 8.526 GC heap before
{Heap before GC invocations=3 (full 0):
 garbage-first heap   total 126976K, used 25630K [0x00000006e0000000, 0x0000000800000000)
  region size 4096K, 5 young (20480K), 2 survivors (8192K)
 Metaspace       used 21246K, committed 21504K, reserved 1114112K
  class space    used 2611K, committed 2752K, reserved 1048576K
}
Event: 8.532 GC heap after
{Heap after GC invocations=4 (full 0):
 garbage-first heap   total 126976K, used 18113K [0x00000006e0000000, 0x0000000800000000)
  region size 4096K, 1 young (4096K), 1 survivors (4096K)
 Metaspace       used 21246K, committed 21504K, reserved 1114112K
  class space    used 2611K, committed 2752K, reserved 1048576K
}
Event: 10.990 GC heap before
{Heap before GC invocations=5 (full 0):
 garbage-first heap   total 98304K, used 71361K [0x00000006e0000000, 0x0000000800000000)
  region size 4096K, 14 young (57344K), 1 survivors (4096K)
 Metaspace       used 28859K, committed 29120K, reserved 1114112K
  class space    used 3897K, committed 4032K, reserved 1048576K
}
Event: 11.000 GC heap after
{Heap after GC invocations=6 (full 0):
 garbage-first heap   total 98304K, used 21123K [0x00000006e0000000, 0x0000000800000000)
  region size 4096K, 1 young (4096K), 1 survivors (4096K)
 Metaspace       used 28859K, committed 29120K, reserved 1114112K
  class space    used 3897K, committed 4032K, reserved 1048576K
}
Event: 11.152 GC heap before
{Heap before GC invocations=6 (full 0):
 garbage-first heap   total 98304K, used 25219K [0x00000006e0000000, 0x0000000800000000)
  region size 4096K, 2 young (8192K), 1 survivors (4096K)
 Metaspace       used 29309K, committed 29568K, reserved 1114112K
  class space    used 3981K, committed 4096K, reserved 1048576K
}
Event: 11.158 GC heap after
{Heap after GC invocations=7 (full 0):
 garbage-first heap   total 98304K, used 21241K [0x00000006e0000000, 0x0000000800000000)
  region size 4096K, 1 young (4096K), 1 survivors (4096K)
 Metaspace       used 29309K, committed 29568K, reserved 1114112K
  class space    used 3981K, committed 4096K, reserved 1048576K
}
Event: 12.716 GC heap before
{Heap before GC invocations=7 (full 0):
 garbage-first heap   total 98304K, used 58105K [0x00000006e0000000, 0x0000000800000000)
  region size 4096K, 10 young (40960K), 1 survivors (4096K)
 Metaspace       used 34513K, committed 34816K, reserved 1114112K
  class space    used 4808K, committed 4928K, reserved 1048576K
}
Event: 12.719 GC heap after
{Heap after GC invocations=8 (full 0):
 garbage-first heap   total 98304K, used 22655K [0x00000006e0000000, 0x0000000800000000)
  region size 4096K, 1 young (4096K), 1 survivors (4096K)
 Metaspace       used 34513K, committed 34816K, reserved 1114112K
  class space    used 4808K, committed 4928K, reserved 1048576K
}
Event: 12.863 GC heap before
{Heap before GC invocations=8 (full 0):
 garbage-first heap   total 98304K, used 26751K [0x00000006e0000000, 0x0000000800000000)
  region size 4096K, 3 young (12288K), 1 survivors (4096K)
 Metaspace       used 35613K, committed 35968K, reserved 1114112K
  class space    used 4975K, committed 5184K, reserved 1048576K
}
Event: 12.866 GC heap after
{Heap after GC invocations=9 (full 0):
 garbage-first heap   total 98304K, used 23218K [0x00000006e0000000, 0x0000000800000000)
  region size 4096K, 1 young (4096K), 1 survivors (4096K)
 Metaspace       used 35613K, committed 35968K, reserved 1114112K
  class space    used 4975K, committed 5184K, reserved 1048576K
}

