# JRE version: OpenJDK Runtime Environment (17.0.7) (build 17.0.7+0-17.0.7b1000.6-10550314)
# Java VM: OpenJDK 64-Bit Server VM (17.0.7+0-17.0.7b1000.6-10550314, mixed mode, tiered, compressed oops, compressed class ptrs, g1 gc, linux-amd64)
GC Precious Log:
 CPUs: 6 total, 6 available
 Memory: 7792M
 Large Page Support: Disabled
 NUMA Support: Disabled
 Compressed Oops: Enabled (Zero based)
 Heap Region Size: 4M
 Heap Min Capacity: 8M
 Heap Initial Capacity: 124M
 Heap Max Capacity: 4608M
 Pre-touch: Disabled
 Parallel Workers: 6
 Concurrent Workers: 2
 Concurrent Refinement Workers: 6
 Periodic GC: Disabled
Heap:
 garbage-first heap   total 847872K, used 364371K [0x00000006e0000000, 0x0000000800000000)
  region size 4096K, 15 young (61440K), 12 survivors (49152K)
 Metaspace       used 179738K, committed 181312K, reserved 1245184K
  class space    used 23397K, committed 24128K, reserved 1048576K
GC Heap History (20 events):
Event: 109.694 GC heap before
{Heap before GC invocations=69 (full 0):
 garbage-first heap   total 847872K, used 262313K [0x00000006e0000000, 0x0000000800000000)
  region size 4096K, 10 young (40960K), 3 survivors (12288K)
 Metaspace       used 130200K, committed 131264K, reserved 1179648K
  class space    used 17126K, committed 17600K, reserved 1048576K
}
Event: 109.704 GC heap after
{Heap after GC invocations=70 (full 0):
 garbage-first heap   total 847872K, used 238002K [0x00000006e0000000, 0x0000000800000000)
  region size 4096K, 1 young (4096K), 1 survivors (4096K)
 Metaspace       used 130200K, committed 131264K, reserved 1179648K
  class space    used 17126K, committed 17600K, reserved 1048576K
}
Event: 213.018 GC heap before
{Heap before GC invocations=70 (full 0):
 garbage-first heap   total 847872K, used 729522K [0x00000006e0000000, 0x0000000800000000)
  region size 4096K, 117 young (479232K), 1 survivors (4096K)
 Metaspace       used 149276K, committed 150400K, reserved 1179648K
  class space    used 19599K, committed 20160K, reserved 1048576K
}
Event: 213.033 GC heap after
{Heap after GC invocations=71 (full 0):
 garbage-first heap   total 847872K, used 269382K [0x00000006e0000000, 0x0000000800000000)
  region size 4096K, 7 young (28672K), 7 survivors (28672K)
 Metaspace       used 149276K, committed 150400K, reserved 1179648K
  class space    used 19599K, committed 20160K, reserved 1048576K
}
Event: 226.288 GC heap before
{Heap before GC invocations=71 (full 0):
 garbage-first heap   total 847872K, used 695366K [0x00000006e0000000, 0x0000000800000000)
  region size 4096K, 112 young (458752K), 7 survivors (28672K)
 Metaspace       used 152738K, committed 153920K, reserved 1245184K
  class space    used 20019K, committed 20608K, reserved 1048576K
}
Event: 226.306 GC heap after
{Heap after GC invocations=72 (full 0):
 garbage-first heap   total 847872K, used 272760K [0x00000006e0000000, 0x0000000800000000)
  region size 4096K, 8 young (32768K), 8 survivors (32768K)
 Metaspace       used 152738K, committed 153920K, reserved 1245184K
  class space    used 20019K, committed 20608K, reserved 1048576K
}
Event: 227.907 GC heap before
{Heap before GC invocations=72 (full 0):
 garbage-first heap   total 847872K, used 690552K [0x00000006e0000000, 0x0000000800000000)
  region size 4096K, 111 young (454656K), 8 survivors (32768K)
 Metaspace       used 154698K, committed 155840K, reserved 1245184K
  class space    used 20267K, committed 20800K, reserved 1048576K
}
Event: 227.982 GC heap after
{Heap after GC invocations=73 (full 0):
 garbage-first heap   total 847872K, used 359222K [0x00000006e0000000, 0x0000000800000000)
  region size 4096K, 14 young (57344K), 14 survivors (57344K)
 Metaspace       used 154698K, committed 155840K, reserved 1245184K
  class space    used 20267K, committed 20800K, reserved 1048576K
}
Event: 295.189 GC heap before
{Heap before GC invocations=73 (full 0):
 garbage-first heap   total 847872K, used 674614K [0x00000006e0000000, 0x0000000800000000)
  region size 4096K, 88 young (360448K), 14 survivors (57344K)
 Metaspace       used 155524K, committed 156736K, reserved 1245184K
  class space    used 20369K, committed 20928K, reserved 1048576K
}
Event: 295.237 GC heap after
{Heap after GC invocations=74 (full 0):
 garbage-first heap   total 847872K, used 341335K [0x00000006e0000000, 0x0000000800000000)
  region size 4096K, 2 young (8192K), 2 survivors (8192K)
 Metaspace       used 155524K, committed 156736K, reserved 1245184K
  class space    used 20369K, committed 20928K, reserved 1048576K
}
Event: 380.416 GC heap before
{Heap before GC invocations=75 (full 0):
 garbage-first heap   total 847872K, used 623959K [0x00000006e0000000, 0x0000000800000000)
  region size 4096K, 82 young (335872K), 2 survivors (8192K)
 Metaspace       used 163172K, committed 164480K, reserved 1245184K
  class space    used 21395K, committed 22016K, reserved 1048576K
}
Event: 380.428 GC heap after
{Heap after GC invocations=76 (full 0):
 garbage-first heap   total 847872K, used 306000K [0x00000006e0000000, 0x0000000800000000)
  region size 4096K, 4 young (16384K), 4 survivors (16384K)
 Metaspace       used 163172K, committed 164480K, reserved 1245184K
  class space    used 21395K, committed 22016K, reserved 1048576K
}
Event: 384.179 GC heap before
{Heap before GC invocations=76 (full 0):
 garbage-first heap   total 847872K, used 326480K [0x00000006e0000000, 0x0000000800000000)
  region size 4096K, 10 young (40960K), 4 survivors (16384K)
 Metaspace       used 164477K, committed 165824K, reserved 1245184K
  class space    used 21567K, committed 22208K, reserved 1048576K
}
Event: 384.187 GC heap after
{Heap after GC invocations=77 (full 0):
 garbage-first heap   total 847872K, used 279561K [0x00000006e0000000, 0x0000000800000000)
  region size 4096K, 1 young (4096K), 1 survivors (4096K)
 Metaspace       used 164477K, committed 165824K, reserved 1245184K
  class space    used 21567K, committed 22208K, reserved 1048576K
}
Event: 417.684 GC heap before
{Heap before GC invocations=77 (full 0):
 garbage-first heap   total 847872K, used 676873K [0x00000006e0000000, 0x0000000800000000)
  region size 4096K, 96 young (393216K), 1 survivors (4096K)
 Metaspace       used 165806K, committed 167232K, reserved 1245184K
  class space    used 21707K, committed 22400K, reserved 1048576K
}
Event: 417.710 GC heap after
{Heap after GC invocations=78 (full 0):
 garbage-first heap   total 847872K, used 321696K [0x00000006e0000000, 0x0000000800000000)
  region size 4096K, 11 young (45056K), 11 survivors (45056K)
 Metaspace       used 165806K, committed 167232K, reserved 1245184K
  class space    used 21707K, committed 22400K, reserved 1048576K
}
Event: 426.722 GC heap before
{Heap before GC invocations=78 (full 0):
 garbage-first heap   total 847872K, used 661664K [0x00000006e0000000, 0x0000000800000000)
  region size 4096K, 95 young (389120K), 11 survivors (45056K)
 Metaspace       used 167171K, committed 168640K, reserved 1245184K
  class space    used 21854K, committed 22528K, reserved 1048576K
}
Event: 426.745 GC heap after
{Heap after GC invocations=79 (full 0):
 garbage-first heap   total 847872K, used 312693K [0x00000006e0000000, 0x0000000800000000)
  region size 4096K, 5 young (20480K), 5 survivors (20480K)
 Metaspace       used 167171K, committed 168640K, reserved 1245184K
  class space    used 21854K, committed 22528K, reserved 1048576K
}
Event: 449.696 GC heap before
{Heap before GC invocations=79 (full 0):
 garbage-first heap   total 847872K, used 664949K [0x00000006e0000000, 0x0000000800000000)
  region size 4096K, 92 young (376832K), 5 survivors (20480K)
 Metaspace       used 179522K, committed 181120K, reserved 1245184K
  class space    used 23393K, committed 24128K, reserved 1048576K
}
Event: 449.726 GC heap after
{Heap after GC invocations=80 (full 0):
 garbage-first heap   total 847872K, used 356179K [0x00000006e0000000, 0x0000000800000000)
  region size 4096K, 12 young (49152K), 12 survivors (49152K)
 Metaspace       used 179522K, committed 181120K, reserved 1245184K
  class space    used 23393K, committed 24128K, reserved 1048576K
}

