# JRE version: OpenJDK Runtime Environment (17.0.7) (build 17.0.7+0-17.0.7b1000.6-10550314)
# Java VM: OpenJDK 64-Bit Server VM (17.0.7+0-17.0.7b1000.6-10550314, mixed mode, tiered, compressed oops, compressed class ptrs, g1 gc, linux-amd64)
GC Precious Log:
 CPUs: 6 total, 6 available
 Memory: 7792M
 Large Page Support: Disabled
 NUMA Support: Disabled
 Compressed Oops: Enabled (32-bit)
 Heap Region Size: 1M
 Heap Min Capacity: 8M
 Heap Initial Capacity: 122M
 Heap Max Capacity: 1950M
 Pre-touch: Disabled
 Parallel Workers: 6
 Concurrent Workers: 2
 Concurrent Refinement Workers: 6
 Periodic GC: Disabled
Heap:
 garbage-first heap   total 75776K, used 40315K [0x0000000086200000, 0x0000000100000000)
  region size 1024K, 19 young (19456K), 5 survivors (5120K)
 Metaspace       used 46506K, committed 46784K, reserved 1114112K
  class space    used 5733K, committed 5888K, reserved 1048576K
GC Heap History (16 events):
Event: 0.467 GC heap before
{Heap before GC invocations=0 (full 0):
 garbage-first heap   total 124928K, used 24576K [0x0000000086200000, 0x0000000100000000)
  region size 1024K, 21 young (21504K), 0 survivors (0K)
 Metaspace       used 13577K, committed 13696K, reserved 1114112K
  class space    used 1332K, committed 1408K, reserved 1048576K
}
Event: 0.471 GC heap after
{Heap after GC invocations=1 (full 0):
 garbage-first heap   total 124928K, used 6064K [0x0000000086200000, 0x0000000100000000)
  region size 1024K, 3 young (3072K), 3 survivors (3072K)
 Metaspace       used 13577K, committed 13696K, reserved 1114112K
  class space    used 1332K, committed 1408K, reserved 1048576K
}
Event: 0.842 GC heap before
{Heap before GC invocations=1 (full 0):
 garbage-first heap   total 124928K, used 36784K [0x0000000086200000, 0x0000000100000000)
  region size 1024K, 33 young (33792K), 3 survivors (3072K)
 Metaspace       used 21246K, committed 21440K, reserved 1114112K
  class space    used 2332K, committed 2432K, reserved 1048576K
}
Event: 0.849 GC heap after
{Heap after GC invocations=2 (full 0):
 garbage-first heap   total 124928K, used 9487K [0x0000000086200000, 0x0000000100000000)
  region size 1024K, 4 young (4096K), 4 survivors (4096K)
 Metaspace       used 21246K, committed 21440K, reserved 1114112K
  class space    used 2332K, committed 2432K, reserved 1048576K
}
Event: 0.853 GC heap before
{Heap before GC invocations=2 (full 0):
 garbage-first heap   total 124928K, used 9487K [0x0000000086200000, 0x0000000100000000)
  region size 1024K, 5 young (5120K), 4 survivors (4096K)
 Metaspace       used 21351K, committed 21504K, reserved 1114112K
  class space    used 2344K, committed 2432K, reserved 1048576K
}
Event: 0.856 GC heap after
{Heap after GC invocations=3 (full 0):
 garbage-first heap   total 124928K, used 9203K [0x0000000086200000, 0x0000000100000000)
  region size 1024K, 4 young (4096K), 4 survivors (4096K)
 Metaspace       used 21351K, committed 21504K, reserved 1114112K
  class space    used 2344K, committed 2432K, reserved 1048576K
}
Event: 1.113 GC heap before
{Heap before GC invocations=4 (full 0):
 garbage-first heap   total 37888K, used 29683K [0x0000000086200000, 0x0000000100000000)
  region size 1024K, 22 young (22528K), 4 survivors (4096K)
 Metaspace       used 26956K, committed 27136K, reserved 1114112K
  class space    used 2986K, committed 3072K, reserved 1048576K
}
Event: 1.118 GC heap after
{Heap after GC invocations=5 (full 0):
 garbage-first heap   total 37888K, used 14347K [0x0000000086200000, 0x0000000100000000)
  region size 1024K, 6 young (6144K), 6 survivors (6144K)
 Metaspace       used 26956K, committed 27136K, reserved 1114112K
  class space    used 2986K, committed 3072K, reserved 1048576K
}
Event: 1.128 GC heap before
{Heap before GC invocations=5 (full 0):
 garbage-first heap   total 37888K, used 15371K [0x0000000086200000, 0x0000000100000000)
  region size 1024K, 7 young (7168K), 6 survivors (6144K)
 Metaspace       used 27221K, committed 27456K, reserved 1114112K
  class space    used 3021K, committed 3136K, reserved 1048576K
}
Event: 1.133 GC heap after
{Heap after GC invocations=6 (full 0):
 garbage-first heap   total 37888K, used 14944K [0x0000000086200000, 0x0000000100000000)
  region size 1024K, 1 young (1024K), 1 survivors (1024K)
 Metaspace       used 27221K, committed 27456K, reserved 1114112K
  class space    used 3021K, committed 3136K, reserved 1048576K
}
Event: 1.279 GC heap before
{Heap before GC invocations=6 (full 0):
 garbage-first heap   total 37888K, used 28256K [0x0000000086200000, 0x0000000100000000)
  region size 1024K, 15 young (15360K), 1 survivors (1024K)
 Metaspace       used 31708K, committed 31936K, reserved 1114112K
  class space    used 3881K, committed 3968K, reserved 1048576K
}
Event: 1.282 GC heap after
{Heap after GC invocations=7 (full 0):
 garbage-first heap   total 75776K, used 15517K [0x0000000086200000, 0x0000000100000000)
  region size 1024K, 2 young (2048K), 2 survivors (2048K)
 Metaspace       used 31708K, committed 31936K, reserved 1114112K
  class space    used 3881K, committed 3968K, reserved 1048576K
}
Event: 1.639 GC heap before
{Heap before GC invocations=7 (full 0):
 garbage-first heap   total 75776K, used 45213K [0x0000000086200000, 0x0000000100000000)
  region size 1024K, 30 young (30720K), 2 survivors (2048K)
 Metaspace       used 35900K, committed 36096K, reserved 1114112K
  class space    used 4571K, committed 4672K, reserved 1048576K
}
Event: 1.646 GC heap after
{Heap after GC invocations=8 (full 0):
 garbage-first heap   total 75776K, used 22414K [0x0000000086200000, 0x0000000100000000)
  region size 1024K, 6 young (6144K), 6 survivors (6144K)
 Metaspace       used 35900K, committed 36096K, reserved 1114112K
  class space    used 4571K, committed 4672K, reserved 1048576K
}
Event: 1.911 GC heap before
{Heap before GC invocations=9 (full 0):
 garbage-first heap   total 75776K, used 55182K [0x0000000086200000, 0x0000000100000000)
  region size 1024K, 38 young (38912K), 6 survivors (6144K)
 Metaspace       used 42302K, committed 42496K, reserved 1114112K
  class space    used 5229K, committed 5312K, reserved 1048576K
}
Event: 1.920 GC heap after
{Heap after GC invocations=10 (full 0):
 garbage-first heap   total 75776K, used 27003K [0x0000000086200000, 0x0000000100000000)
  region size 1024K, 5 young (5120K), 5 survivors (5120K)
 Metaspace       used 42302K, committed 42496K, reserved 1114112K
  class space    used 5229K, committed 5312K, reserved 1048576K
}

