# JRE version: OpenJDK Runtime Environment (17.0.7) (build 17.0.7+0-17.0.7b1000.6-10550314)
# Java VM: OpenJDK 64-Bit Server VM (17.0.7+0-17.0.7b1000.6-10550314, mixed mode, tiered, compressed oops, compressed class ptrs, g1 gc, linux-amd64)
GC Precious Log:
 CPUs: 6 total, 6 available
 Memory: 7792M
 Large Page Support: Disabled
 NUMA Support: Disabled
 Compressed Oops: Enabled (Zero based)
 Heap Region Size: 4M
 Heap Min Capacity: 8M
 Heap Initial Capacity: 124M
 Heap Max Capacity: 4608M
 Pre-touch: Disabled
 Parallel Workers: 6
 Concurrent Workers: 2
 Concurrent Refinement Workers: 6
 Periodic GC: Disabled
Heap:
 garbage-first heap   total 98304K, used 23138K [0x00000006e0000000, 0x0000000800000000)
  region size 4096K, 2 young (8192K), 1 survivors (4096K)
 Metaspace       used 35871K, committed 36224K, reserved 1114112K
  class space    used 5005K, committed 5184K, reserved 1048576K
GC Heap History (16 events):
Event: 2.985 GC heap before
{Heap before GC invocations=0 (full 0):
 garbage-first heap   total 126976K, used 20480K [0x00000006e0000000, 0x0000000800000000)
  region size 4096K, 4 young (16384K), 0 survivors (0K)
 Metaspace       used 8059K, committed 8256K, reserved 1114112K
  class space    used 722K, committed 832K, reserved 1048576K
}
Event: 2.993 GC heap after
{Heap after GC invocations=1 (full 0):
 garbage-first heap   total 126976K, used 9829K [0x00000006e0000000, 0x0000000800000000)
  region size 4096K, 1 young (4096K), 1 survivors (4096K)
 Metaspace       used 8059K, committed 8256K, reserved 1114112K
  class space    used 722K, committed 832K, reserved 1048576K
}
Event: 4.110 GC heap before
{Heap before GC invocations=1 (full 0):
 garbage-first heap   total 126976K, used 26213K [0x00000006e0000000, 0x0000000800000000)
  region size 4096K, 5 young (20480K), 1 survivors (4096K)
 Metaspace       used 11337K, committed 11520K, reserved 1114112K
  class space    used 1199K, committed 1280K, reserved 1048576K
}
Event: 4.114 GC heap after
{Heap after GC invocations=2 (full 0):
 garbage-first heap   total 126976K, used 10714K [0x00000006e0000000, 0x0000000800000000)
  region size 4096K, 1 young (4096K), 1 survivors (4096K)
 Metaspace       used 11337K, committed 11520K, reserved 1114112K
  class space    used 1199K, committed 1280K, reserved 1048576K
}
Event: 7.635 GC heap before
{Heap before GC invocations=2 (full 0):
 garbage-first heap   total 126976K, used 55770K [0x00000006e0000000, 0x0000000800000000)
  region size 4096K, 12 young (49152K), 1 survivors (4096K)
 Metaspace       used 19291K, committed 19584K, reserved 1114112K
  class space    used 2289K, committed 2432K, reserved 1048576K
}
Event: 7.638 GC heap after
{Heap after GC invocations=3 (full 0):
 garbage-first heap   total 126976K, used 17498K [0x00000006e0000000, 0x0000000800000000)
  region size 4096K, 2 young (8192K), 2 survivors (8192K)
 Metaspace       used 19291K, committed 19584K, reserved 1114112K
  class space    used 2289K, committed 2432K, reserved 1048576K
}
Event: 8.162 GC heap before
{Heap before GC invocations=3 (full 0):
 garbage-first heap   total 126976K, used 25690K [0x00000006e0000000, 0x0000000800000000)
  region size 4096K, 5 young (20480K), 2 survivors (8192K)
 Metaspace       used 21269K, committed 21504K, reserved 1114112K
  class space    used 2610K, committed 2752K, reserved 1048576K
}
Event: 8.167 GC heap after
{Heap after GC invocations=4 (full 0):
 garbage-first heap   total 126976K, used 17968K [0x00000006e0000000, 0x0000000800000000)
  region size 4096K, 1 young (4096K), 1 survivors (4096K)
 Metaspace       used 21269K, committed 21504K, reserved 1114112K
  class space    used 2610K, committed 2752K, reserved 1048576K
}
Event: 10.683 GC heap before
{Heap before GC invocations=5 (full 0):
 garbage-first heap   total 98304K, used 71216K [0x00000006e0000000, 0x0000000800000000)
  region size 4096K, 14 young (57344K), 1 survivors (4096K)
 Metaspace       used 28951K, committed 29248K, reserved 1114112K
  class space    used 3913K, committed 4032K, reserved 1048576K
}
Event: 10.687 GC heap after
{Heap after GC invocations=6 (full 0):
 garbage-first heap   total 98304K, used 20812K [0x00000006e0000000, 0x0000000800000000)
  region size 4096K, 1 young (4096K), 1 survivors (4096K)
 Metaspace       used 28951K, committed 29248K, reserved 1114112K
  class space    used 3913K, committed 4032K, reserved 1048576K
}
Event: 10.785 GC heap before
{Heap before GC invocations=6 (full 0):
 garbage-first heap   total 98304K, used 24908K [0x00000006e0000000, 0x0000000800000000)
  region size 4096K, 2 young (8192K), 1 survivors (4096K)
 Metaspace       used 29379K, committed 29696K, reserved 1114112K
  class space    used 3988K, committed 4096K, reserved 1048576K
}
Event: 10.788 GC heap after
{Heap after GC invocations=7 (full 0):
 garbage-first heap   total 98304K, used 21138K [0x00000006e0000000, 0x0000000800000000)
  region size 4096K, 1 young (4096K), 1 survivors (4096K)
 Metaspace       used 29379K, committed 29696K, reserved 1114112K
  class space    used 3988K, committed 4096K, reserved 1048576K
}
Event: 11.754 GC heap before
{Heap before GC invocations=7 (full 0):
 garbage-first heap   total 98304K, used 58002K [0x00000006e0000000, 0x0000000800000000)
  region size 4096K, 10 young (40960K), 1 survivors (4096K)
 Metaspace       used 34660K, committed 34880K, reserved 1114112K
  class space    used 4823K, committed 4928K, reserved 1048576K
}
Event: 11.757 GC heap after
{Heap after GC invocations=8 (full 0):
 garbage-first heap   total 98304K, used 22582K [0x00000006e0000000, 0x0000000800000000)
  region size 4096K, 1 young (4096K), 1 survivors (4096K)
 Metaspace       used 34660K, committed 34880K, reserved 1114112K
  class space    used 4823K, committed 4928K, reserved 1048576K
}
Event: 11.887 GC heap before
{Heap before GC invocations=8 (full 0):
 garbage-first heap   total 98304K, used 26678K [0x00000006e0000000, 0x0000000800000000)
  region size 4096K, 3 young (12288K), 1 survivors (4096K)
 Metaspace       used 35641K, committed 35968K, reserved 1114112K
  class space    used 4975K, committed 5184K, reserved 1048576K
}
Event: 11.891 GC heap after
{Heap after GC invocations=9 (full 0):
 garbage-first heap   total 98304K, used 23138K [0x00000006e0000000, 0x0000000800000000)
  region size 4096K, 1 young (4096K), 1 survivors (4096K)
 Metaspace       used 35641K, committed 35968K, reserved 1114112K
  class space    used 4975K, committed 5184K, reserved 1048576K
}

