# JRE version: OpenJDK Runtime Environment (17.0.7) (build 17.0.7+0-17.0.7b1000.6-10550314)
# Java VM: OpenJDK 64-Bit Server VM (17.0.7+0-17.0.7b1000.6-10550314, mixed mode, tiered, compressed oops, compressed class ptrs, g1 gc, linux-amd64)
GC Precious Log:
 CPUs: 6 total, 6 available
 Memory: 7792M
 Large Page Support: Disabled
 NUMA Support: Disabled
 Compressed Oops: Enabled (Zero based)
 Heap Region Size: 4M
 Heap Min Capacity: 8M
 Heap Initial Capacity: 124M
 Heap Max Capacity: 4608M
 Pre-touch: Disabled
 Parallel Workers: 6
 Concurrent Workers: 2
 Concurrent Refinement Workers: 6
 Periodic GC: Disabled
Heap:
 garbage-first heap   total 585728K, used 387808K [0x00000006e0000000, 0x0000000800000000)
  region size 4096K, 46 young (188416K), 2 survivors (8192K)
 Metaspace       used 121532K, committed 122304K, reserved 1179648K
  class space    used 16609K, committed 16960K, reserved 1048576K
GC Heap History (20 events):
Event: 60.749 GC heap before
{Heap before GC invocations=64 (full 0):
 garbage-first heap   total 245760K, used 193726K [0x00000006e0000000, 0x0000000800000000)
  region size 4096K, 16 young (65536K), 3 survivors (12288K)
 Metaspace       used 116324K, committed 117120K, reserved 1179648K
  class space    used 16001K, committed 16384K, reserved 1048576K
}
Event: 60.754 GC heap after
{Heap after GC invocations=65 (full 0):
 garbage-first heap   total 245760K, used 141870K [0x00000006e0000000, 0x0000000800000000)
  region size 4096K, 1 young (4096K), 1 survivors (4096K)
 Metaspace       used 116324K, committed 117120K, reserved 1179648K
  class space    used 16001K, committed 16384K, reserved 1048576K
}
Event: 61.041 GC heap before
{Heap before GC invocations=66 (full 0):
 garbage-first heap   total 266240K, used 199214K [0x00000006e0000000, 0x0000000800000000)
  region size 4096K, 15 young (61440K), 1 survivors (4096K)
 Metaspace       used 116709K, committed 117504K, reserved 1179648K
  class space    used 16015K, committed 16384K, reserved 1048576K
}
Event: 61.043 GC heap after
{Heap after GC invocations=67 (full 0):
 garbage-first heap   total 266240K, used 140479K [0x00000006e0000000, 0x0000000800000000)
  region size 4096K, 1 young (4096K), 1 survivors (4096K)
 Metaspace       used 116709K, committed 117504K, reserved 1179648K
  class space    used 16015K, committed 16384K, reserved 1048576K
}
Event: 61.373 GC heap before
{Heap before GC invocations=67 (full 0):
 garbage-first heap   total 266240K, used 218303K [0x00000006e0000000, 0x0000000800000000)
  region size 4096K, 20 young (81920K), 1 survivors (4096K)
 Metaspace       used 117275K, committed 118080K, reserved 1179648K
  class space    used 16073K, committed 16448K, reserved 1048576K
}
Event: 61.375 GC heap after
{Heap after GC invocations=68 (full 0):
 garbage-first heap   total 266240K, used 140818K [0x00000006e0000000, 0x0000000800000000)
  region size 4096K, 1 young (4096K), 1 survivors (4096K)
 Metaspace       used 117275K, committed 118080K, reserved 1179648K
  class space    used 16073K, committed 16448K, reserved 1048576K
}
Event: 61.627 GC heap before
{Heap before GC invocations=68 (full 0):
 garbage-first heap   total 266240K, used 218642K [0x00000006e0000000, 0x0000000800000000)
  region size 4096K, 20 young (81920K), 1 survivors (4096K)
 Metaspace       used 117417K, committed 118208K, reserved 1179648K
  class space    used 16073K, committed 16448K, reserved 1048576K
}
Event: 61.629 GC heap after
{Heap after GC invocations=69 (full 0):
 garbage-first heap   total 266240K, used 141460K [0x00000006e0000000, 0x0000000800000000)
  region size 4096K, 1 young (4096K), 1 survivors (4096K)
 Metaspace       used 117417K, committed 118208K, reserved 1179648K
  class space    used 16073K, committed 16448K, reserved 1048576K
}
Event: 61.922 GC heap before
{Heap before GC invocations=70 (full 0):
 garbage-first heap   total 294912K, used 223380K [0x00000006e0000000, 0x0000000800000000)
  region size 4096K, 21 young (86016K), 1 survivors (4096K)
 Metaspace       used 117517K, committed 118336K, reserved 1179648K
  class space    used 16079K, committed 16448K, reserved 1048576K
}
Event: 61.925 GC heap after
{Heap after GC invocations=71 (full 0):
 garbage-first heap   total 294912K, used 141421K [0x00000006e0000000, 0x0000000800000000)
  region size 4096K, 1 young (4096K), 1 survivors (4096K)
 Metaspace       used 117517K, committed 118336K, reserved 1179648K
  class space    used 16079K, committed 16448K, reserved 1048576K
}
Event: 62.621 GC heap before
{Heap before GC invocations=71 (full 0):
 garbage-first heap   total 294912K, used 247917K [0x00000006e0000000, 0x0000000800000000)
  region size 4096K, 27 young (110592K), 1 survivors (4096K)
 Metaspace       used 119297K, committed 120064K, reserved 1179648K
  class space    used 16317K, committed 16704K, reserved 1048576K
}
Event: 62.625 GC heap after
{Heap after GC invocations=72 (full 0):
 garbage-first heap   total 294912K, used 143365K [0x00000006e0000000, 0x0000000800000000)
  region size 4096K, 1 young (4096K), 1 survivors (4096K)
 Metaspace       used 119297K, committed 120064K, reserved 1179648K
  class space    used 16317K, committed 16704K, reserved 1048576K
}
Event: 64.388 GC heap before
{Heap before GC invocations=72 (full 0):
 garbage-first heap   total 294912K, used 192517K [0x00000006e0000000, 0x0000000800000000)
  region size 4096K, 15 young (61440K), 1 survivors (4096K)
 Metaspace       used 119979K, committed 120768K, reserved 1179648K
  class space    used 16395K, committed 16768K, reserved 1048576K
}
Event: 64.396 GC heap after
{Heap after GC invocations=73 (full 0):
 garbage-first heap   total 294912K, used 154625K [0x00000006e0000000, 0x0000000800000000)
  region size 4096K, 4 young (16384K), 4 survivors (16384K)
 Metaspace       used 119979K, committed 120768K, reserved 1179648K
  class space    used 16395K, committed 16768K, reserved 1048576K
}
Event: 64.920 GC heap before
{Heap before GC invocations=74 (full 0):
 garbage-first heap   total 294912K, used 244737K [0x00000006e0000000, 0x0000000800000000)
  region size 4096K, 24 young (98304K), 4 survivors (16384K)
 Metaspace       used 120481K, committed 121280K, reserved 1179648K
  class space    used 16467K, committed 16832K, reserved 1048576K
}
Event: 64.935 GC heap after
{Heap after GC invocations=75 (full 0):
 garbage-first heap   total 299008K, used 194120K [0x00000006e0000000, 0x0000000800000000)
  region size 4096K, 3 young (12288K), 3 survivors (12288K)
 Metaspace       used 120481K, committed 121280K, reserved 1179648K
  class space    used 16467K, committed 16832K, reserved 1048576K
}
Event: 64.957 GC heap before
{Heap before GC invocations=75 (full 0):
 garbage-first heap   total 299008K, used 198216K [0x00000006e0000000, 0x0000000800000000)
  region size 4096K, 4 young (16384K), 3 survivors (12288K)
 Metaspace       used 120481K, committed 121280K, reserved 1179648K
  class space    used 16467K, committed 16832K, reserved 1048576K
}
Event: 64.965 GC heap after
{Heap after GC invocations=76 (full 0):
 garbage-first heap   total 299008K, used 194228K [0x00000006e0000000, 0x0000000800000000)
  region size 4096K, 1 young (4096K), 1 survivors (4096K)
 Metaspace       used 120481K, committed 121280K, reserved 1179648K
  class space    used 16467K, committed 16832K, reserved 1048576K
}
Event: 65.115 GC heap before
{Heap before GC invocations=76 (full 0):
 garbage-first heap   total 299008K, used 235188K [0x00000006e0000000, 0x0000000800000000)
  region size 4096K, 11 young (45056K), 1 survivors (4096K)
 Metaspace       used 120858K, committed 121664K, reserved 1179648K
  class space    used 16520K, committed 16896K, reserved 1048576K
}
Event: 65.127 GC heap after
{Heap after GC invocations=77 (full 0):
 garbage-first heap   total 585728K, used 211680K [0x00000006e0000000, 0x0000000800000000)
  region size 4096K, 2 young (8192K), 2 survivors (8192K)
 Metaspace       used 120858K, committed 121664K, reserved 1179648K
  class space    used 16520K, committed 16896K, reserved 1048576K
}

