# JRE version: OpenJDK Runtime Environment (17.0.7) (build 17.0.7+0-17.0.7b1000.6-10550314)
# Java VM: OpenJDK 64-Bit Server VM (17.0.7+0-17.0.7b1000.6-10550314, mixed mode, tiered, compressed oops, compressed class ptrs, g1 gc, linux-amd64)
GC Precious Log:
 CPUs: 6 total, 6 available
 Memory: 7792M
 Large Page Support: Disabled
 NUMA Support: Disabled
 Compressed Oops: Enabled (Zero based)
 Heap Region Size: 4M
 Heap Min Capacity: 8M
 Heap Initial Capacity: 124M
 Heap Max Capacity: 4608M
 Pre-touch: Disabled
 Parallel Workers: 6
 Concurrent Workers: 2
 Concurrent Refinement Workers: 6
 Periodic GC: Disabled
Heap:
 garbage-first heap   total 110592K, used 84842K [0x00000006e0000000, 0x0000000800000000)
  region size 4096K, 17 young (69632K), 2 survivors (8192K)
 Metaspace       used 43673K, committed 44096K, reserved 1114112K
  class space    used 5797K, committed 6016K, reserved 1048576K
GC Heap History (17 events):
Event: 0.263 GC heap before
{Heap before GC invocations=0 (full 0):
 garbage-first heap   total 126976K, used 16384K [0x00000006e0000000, 0x0000000800000000)
  region size 4096K, 4 young (16384K), 0 survivors (0K)
 Metaspace       used 7777K, committed 7936K, reserved 1114112K
  class space    used 692K, committed 768K, reserved 1048576K
}
Event: 0.267 GC heap after
{Heap after GC invocations=1 (full 0):
 garbage-first heap   total 126976K, used 9469K [0x00000006e0000000, 0x0000000800000000)
  region size 4096K, 1 young (4096K), 1 survivors (4096K)
 Metaspace       used 7777K, committed 7936K, reserved 1114112K
  class space    used 692K, committed 768K, reserved 1048576K
}
Event: 0.449 GC heap before
{Heap before GC invocations=1 (full 0):
 garbage-first heap   total 126976K, used 25853K [0x00000006e0000000, 0x0000000800000000)
  region size 4096K, 5 young (20480K), 1 survivors (4096K)
 Metaspace       used 11285K, committed 11456K, reserved 1114112K
  class space    used 1198K, committed 1280K, reserved 1048576K
}
Event: 0.453 GC heap after
{Heap after GC invocations=2 (full 0):
 garbage-first heap   total 126976K, used 10799K [0x00000006e0000000, 0x0000000800000000)
  region size 4096K, 1 young (4096K), 1 survivors (4096K)
 Metaspace       used 11285K, committed 11456K, reserved 1114112K
  class space    used 1198K, committed 1280K, reserved 1048576K
}
Event: 0.780 GC heap before
{Heap before GC invocations=2 (full 0):
 garbage-first heap   total 126976K, used 55855K [0x00000006e0000000, 0x0000000800000000)
  region size 4096K, 12 young (49152K), 1 survivors (4096K)
 Metaspace       used 17707K, committed 17856K, reserved 1114112K
  class space    used 2068K, committed 2112K, reserved 1048576K
}
Event: 0.784 GC heap after
{Heap after GC invocations=3 (full 0):
 garbage-first heap   total 126976K, used 17115K [0x00000006e0000000, 0x0000000800000000)
  region size 4096K, 2 young (8192K), 2 survivors (8192K)
 Metaspace       used 17707K, committed 17856K, reserved 1114112K
  class space    used 2068K, committed 2112K, reserved 1048576K
}
Event: 0.942 GC heap before
{Heap before GC invocations=3 (full 0):
 garbage-first heap   total 126976K, used 29403K [0x00000006e0000000, 0x0000000800000000)
  region size 4096K, 7 young (28672K), 2 survivors (8192K)
 Metaspace       used 21244K, committed 21504K, reserved 1114112K
  class space    used 2610K, committed 2752K, reserved 1048576K
}
Event: 0.945 GC heap after
{Heap after GC invocations=4 (full 0):
 garbage-first heap   total 126976K, used 18231K [0x00000006e0000000, 0x0000000800000000)
  region size 4096K, 1 young (4096K), 1 survivors (4096K)
 Metaspace       used 21244K, committed 21504K, reserved 1114112K
  class space    used 2610K, committed 2752K, reserved 1048576K
}
Event: 1.397 GC heap before
{Heap before GC invocations=5 (full 0):
 garbage-first heap   total 98304K, used 67383K [0x00000006e0000000, 0x0000000800000000)
  region size 4096K, 14 young (57344K), 1 survivors (4096K)
 Metaspace       used 28926K, committed 29248K, reserved 1114112K
  class space    used 3916K, committed 4032K, reserved 1048576K
}
Event: 1.402 GC heap after
{Heap after GC invocations=6 (full 0):
 garbage-first heap   total 98304K, used 20929K [0x00000006e0000000, 0x0000000800000000)
  region size 4096K, 1 young (4096K), 1 survivors (4096K)
 Metaspace       used 28926K, committed 29248K, reserved 1114112K
  class space    used 3916K, committed 4032K, reserved 1048576K
}
Event: 1.433 GC heap before
{Heap before GC invocations=6 (full 0):
 garbage-first heap   total 98304K, used 25025K [0x00000006e0000000, 0x0000000800000000)
  region size 4096K, 2 young (8192K), 1 survivors (4096K)
 Metaspace       used 29343K, committed 29632K, reserved 1114112K
  class space    used 3988K, committed 4096K, reserved 1048576K
}
Event: 1.437 GC heap after
{Heap after GC invocations=7 (full 0):
 garbage-first heap   total 98304K, used 21412K [0x00000006e0000000, 0x0000000800000000)
  region size 4096K, 1 young (4096K), 1 survivors (4096K)
 Metaspace       used 29343K, committed 29632K, reserved 1114112K
  class space    used 3988K, committed 4096K, reserved 1048576K
}
Event: 1.813 GC heap before
{Heap before GC invocations=7 (full 0):
 garbage-first heap   total 98304K, used 62372K [0x00000006e0000000, 0x0000000800000000)
  region size 4096K, 11 young (45056K), 1 survivors (4096K)
 Metaspace       used 35038K, committed 35392K, reserved 1114112K
  class space    used 4894K, committed 5056K, reserved 1048576K
}
Event: 1.815 GC heap after
{Heap after GC invocations=8 (full 0):
 garbage-first heap   total 139264K, used 22842K [0x00000006e0000000, 0x0000000800000000)
  region size 4096K, 1 young (4096K), 1 survivors (4096K)
 Metaspace       used 35038K, committed 35392K, reserved 1114112K
  class space    used 4894K, committed 5056K, reserved 1048576K
}
Event: 1.875 GC heap before
{Heap before GC invocations=8 (full 0):
 garbage-first heap   total 139264K, used 26938K [0x00000006e0000000, 0x0000000800000000)
  region size 4096K, 3 young (12288K), 1 survivors (4096K)
 Metaspace       used 35718K, committed 35968K, reserved 1114112K
  class space    used 4998K, committed 5120K, reserved 1048576K
}
Event: 1.877 GC heap after
{Heap after GC invocations=9 (full 0):
 garbage-first heap   total 139264K, used 23402K [0x00000006e0000000, 0x0000000800000000)
  region size 4096K, 1 young (4096K), 1 survivors (4096K)
 Metaspace       used 35718K, committed 35968K, reserved 1114112K
  class space    used 4998K, committed 5120K, reserved 1048576K
}
Event: 2.780 GC heap before
{Heap before GC invocations=10 (full 0):
 garbage-first heap   total 110592K, used 84842K [0x00000006e0000000, 0x0000000800000000)
  region size 4096K, 16 young (65536K), 1 survivors (4096K)
 Metaspace       used 43673K, committed 44096K, reserved 1114112K
  class space    used 5797K, committed 6016K, reserved 1048576K
}

