# JRE version: OpenJDK Runtime Environment (17.0.7) (build 17.0.7+0-17.0.7b1000.6-10550314)
# Java VM: OpenJDK 64-Bit Server VM (17.0.7+0-17.0.7b1000.6-10550314, mixed mode, tiered, compressed oops, compressed class ptrs, g1 gc, linux-amd64)
GC Precious Log:
 CPUs: 6 total, 6 available
 Memory: 7792M
 Large Page Support: Disabled
 NUMA Support: Disabled
 Compressed Oops: Enabled (Zero based)
 Heap Region Size: 4M
 Heap Min Capacity: 8M
 Heap Initial Capacity: 124M
 Heap Max Capacity: 4608M
 Pre-touch: Disabled
 Parallel Workers: 6
 Concurrent Workers: 2
 Concurrent Refinement Workers: 6
 Periodic GC: Disabled
Heap:
 garbage-first heap   total 98304K, used 45472K [0x00000006e0000000, 0x0000000800000000)
  region size 4096K, 7 young (28672K), 2 survivors (8192K)
 Metaspace       used 44323K, committed 44672K, reserved 1114112K
  class space    used 5914K, committed 6080K, reserved 1048576K
GC Heap History (18 events):
Event: 0.388 GC heap before
{Heap before GC invocations=0 (full 0):
 garbage-first heap   total 126976K, used 20480K [0x00000006e0000000, 0x0000000800000000)
  region size 4096K, 4 young (16384K), 0 survivors (0K)
 Metaspace       used 8056K, committed 8256K, reserved 1114112K
  class space    used 721K, committed 832K, reserved 1048576K
}
Event: 0.391 GC heap after
{Heap after GC invocations=1 (full 0):
 garbage-first heap   total 126976K, used 9522K [0x00000006e0000000, 0x0000000800000000)
  region size 4096K, 1 young (4096K), 1 survivors (4096K)
 Metaspace       used 8056K, committed 8256K, reserved 1114112K
  class space    used 721K, committed 832K, reserved 1048576K
}
Event: 0.919 GC heap before
{Heap before GC invocations=1 (full 0):
 garbage-first heap   total 126976K, used 25906K [0x00000006e0000000, 0x0000000800000000)
  region size 4096K, 5 young (20480K), 1 survivors (4096K)
 Metaspace       used 11299K, committed 11456K, reserved 1114112K
  class space    used 1197K, committed 1280K, reserved 1048576K
}
Event: 0.923 GC heap after
{Heap after GC invocations=2 (full 0):
 garbage-first heap   total 126976K, used 10587K [0x00000006e0000000, 0x0000000800000000)
  region size 4096K, 1 young (4096K), 1 survivors (4096K)
 Metaspace       used 11299K, committed 11456K, reserved 1114112K
  class space    used 1197K, committed 1280K, reserved 1048576K
}
Event: 1.641 GC heap before
{Heap before GC invocations=2 (full 0):
 garbage-first heap   total 126976K, used 55643K [0x00000006e0000000, 0x0000000800000000)
  region size 4096K, 12 young (49152K), 1 survivors (4096K)
 Metaspace       used 17946K, committed 18176K, reserved 1114112K
  class space    used 2097K, committed 2176K, reserved 1048576K
}
Event: 1.645 GC heap after
{Heap after GC invocations=3 (full 0):
 garbage-first heap   total 126976K, used 16879K [0x00000006e0000000, 0x0000000800000000)
  region size 4096K, 2 young (8192K), 2 survivors (8192K)
 Metaspace       used 17946K, committed 18176K, reserved 1114112K
  class space    used 2097K, committed 2176K, reserved 1048576K
}
Event: 4.443 GC heap before
{Heap before GC invocations=3 (full 0):
 garbage-first heap   total 126976K, used 33263K [0x00000006e0000000, 0x0000000800000000)
  region size 4096K, 7 young (28672K), 2 survivors (8192K)
 Metaspace       used 21272K, committed 21504K, reserved 1114112K
  class space    used 2612K, committed 2688K, reserved 1048576K
}
Event: 4.451 GC heap after
{Heap after GC invocations=4 (full 0):
 garbage-first heap   total 126976K, used 17883K [0x00000006e0000000, 0x0000000800000000)
  region size 4096K, 1 young (4096K), 1 survivors (4096K)
 Metaspace       used 21272K, committed 21504K, reserved 1114112K
  class space    used 2612K, committed 2688K, reserved 1048576K
}
Event: 13.385 GC heap before
{Heap before GC invocations=5 (full 0):
 garbage-first heap   total 98304K, used 71131K [0x00000006e0000000, 0x0000000800000000)
  region size 4096K, 14 young (57344K), 1 survivors (4096K)
 Metaspace       used 29007K, committed 29376K, reserved 1114112K
  class space    used 3929K, committed 4096K, reserved 1048576K
}
Event: 13.392 GC heap after
{Heap after GC invocations=6 (full 0):
 garbage-first heap   total 98304K, used 20513K [0x00000006e0000000, 0x0000000800000000)
  region size 4096K, 1 young (4096K), 1 survivors (4096K)
 Metaspace       used 29007K, committed 29376K, reserved 1114112K
  class space    used 3929K, committed 4096K, reserved 1048576K
}
Event: 13.856 GC heap before
{Heap before GC invocations=6 (full 0):
 garbage-first heap   total 98304K, used 24609K [0x00000006e0000000, 0x0000000800000000)
  region size 4096K, 2 young (8192K), 1 survivors (4096K)
 Metaspace       used 29458K, committed 29760K, reserved 1114112K
  class space    used 4003K, committed 4160K, reserved 1048576K
}
Event: 13.860 GC heap after
{Heap after GC invocations=7 (full 0):
 garbage-first heap   total 98304K, used 20827K [0x00000006e0000000, 0x0000000800000000)
  region size 4096K, 1 young (4096K), 1 survivors (4096K)
 Metaspace       used 29458K, committed 29760K, reserved 1114112K
  class space    used 4003K, committed 4160K, reserved 1048576K
}
Event: 16.799 GC heap before
{Heap before GC invocations=7 (full 0):
 garbage-first heap   total 98304K, used 61787K [0x00000006e0000000, 0x0000000800000000)
  region size 4096K, 11 young (45056K), 1 survivors (4096K)
 Metaspace       used 35436K, committed 35776K, reserved 1114112K
  class space    used 4961K, committed 5120K, reserved 1048576K
}
Event: 16.804 GC heap after
{Heap after GC invocations=8 (full 0):
 garbage-first heap   total 98304K, used 22795K [0x00000006e0000000, 0x0000000800000000)
  region size 4096K, 1 young (4096K), 1 survivors (4096K)
 Metaspace       used 35436K, committed 35776K, reserved 1114112K
  class space    used 4961K, committed 5120K, reserved 1048576K
}
Event: 16.820 GC heap before
{Heap before GC invocations=8 (full 0):
 garbage-first heap   total 98304K, used 22795K [0x00000006e0000000, 0x0000000800000000)
  region size 4096K, 2 young (8192K), 1 survivors (4096K)
 Metaspace       used 35662K, committed 35968K, reserved 1114112K
  class space    used 4979K, committed 5120K, reserved 1048576K
}
Event: 16.823 GC heap after
{Heap after GC invocations=9 (full 0):
 garbage-first heap   total 98304K, used 22892K [0x00000006e0000000, 0x0000000800000000)
  region size 4096K, 1 young (4096K), 1 survivors (4096K)
 Metaspace       used 35662K, committed 35968K, reserved 1114112K
  class space    used 4979K, committed 5120K, reserved 1048576K
}
Event: 17.642 GC heap before
{Heap before GC invocations=10 (full 0):
 garbage-first heap   total 98304K, used 67948K [0x00000006e0000000, 0x0000000800000000)
  region size 4096K, 13 young (53248K), 1 survivors (4096K)
 Metaspace       used 41525K, committed 41920K, reserved 1114112K
  class space    used 5564K, committed 5760K, reserved 1048576K
}
Event: 17.646 GC heap after
{Heap after GC invocations=11 (full 0):
 garbage-first heap   total 98304K, used 29088K [0x00000006e0000000, 0x0000000800000000)
  region size 4096K, 2 young (8192K), 2 survivors (8192K)
 Metaspace       used 41525K, committed 41920K, reserved 1114112K
  class space    used 5564K, committed 5760K, reserved 1048576K
}

