# JRE version: OpenJDK Runtime Environment (17.0.7) (build 17.0.7+0-17.0.7b1000.6-10550314)
# Java VM: OpenJDK 64-Bit Server VM (17.0.7+0-17.0.7b1000.6-10550314, mixed mode, tiered, compressed oops, compressed class ptrs, g1 gc, linux-amd64)
GC Precious Log:
 CPUs: 6 total, 6 available
 Memory: 7792M
 Large Page Support: Disabled
 NUMA Support: Disabled
 Compressed Oops: Enabled (Zero based)
 Heap Region Size: 4M
 Heap Min Capacity: 8M
 Heap Initial Capacity: 124M
 Heap Max Capacity: 4608M
 Pre-touch: Disabled
 Parallel Workers: 6
 Concurrent Workers: 2
 Concurrent Refinement Workers: 6
 Periodic GC: Disabled
Heap:
 garbage-first heap   total 446464K, used 363074K [0x00000006e0000000, 0x0000000800000000)
  region size 4096K, 31 young (126976K), 2 survivors (8192K)
 Metaspace       used 130239K, committed 130944K, reserved 1179648K
  class space    used 17664K, committed 17984K, reserved 1048576K
GC Heap History (20 events):
Event: 10.448 GC heap after
{Heap after GC invocations=35 (full 0):
 garbage-first heap   total 335872K, used 179814K [0x00000006e0000000, 0x0000000800000000)
  region size 4096K, 1 young (4096K), 1 survivors (4096K)
 Metaspace       used 110965K, committed 111616K, reserved 1179648K
  class space    used 14831K, committed 15104K, reserved 1048576K
}
Event: 10.836 GC heap before
{Heap before GC invocations=36 (full 0):
 garbage-first heap   total 348160K, used 265830K [0x00000006e0000000, 0x0000000800000000)
  region size 4096K, 22 young (90112K), 1 survivors (4096K)
 Metaspace       used 111101K, committed 111744K, reserved 1179648K
  class space    used 14841K, committed 15168K, reserved 1048576K
}
Event: 10.842 GC heap after
{Heap after GC invocations=37 (full 0):
 garbage-first heap   total 348160K, used 181947K [0x00000006e0000000, 0x0000000800000000)
  region size 4096K, 2 young (8192K), 2 survivors (8192K)
 Metaspace       used 111101K, committed 111744K, reserved 1179648K
  class space    used 14841K, committed 15168K, reserved 1048576K
}
Event: 11.308 GC heap before
{Heap before GC invocations=37 (full 0):
 garbage-first heap   total 348160K, used 276155K [0x00000006e0000000, 0x0000000800000000)
  region size 4096K, 25 young (102400K), 2 survivors (8192K)
 Metaspace       used 111257K, committed 111936K, reserved 1179648K
  class space    used 14847K, committed 15168K, reserved 1048576K
}
Event: 11.319 GC heap after
{Heap after GC invocations=38 (full 0):
 garbage-first heap   total 348160K, used 185120K [0x00000006e0000000, 0x0000000800000000)
  region size 4096K, 3 young (12288K), 3 survivors (12288K)
 Metaspace       used 111257K, committed 111936K, reserved 1179648K
  class space    used 14847K, committed 15168K, reserved 1048576K
}
Event: 12.200 GC heap before
{Heap before GC invocations=39 (full 0):
 garbage-first heap   total 356352K, used 275232K [0x00000006e0000000, 0x0000000800000000)
  region size 4096K, 26 young (106496K), 3 survivors (12288K)
 Metaspace       used 111792K, committed 112448K, reserved 1179648K
  class space    used 14899K, committed 15232K, reserved 1048576K
}
Event: 12.228 GC heap after
{Heap after GC invocations=40 (full 0):
 garbage-first heap   total 356352K, used 189314K [0x00000006e0000000, 0x0000000800000000)
  region size 4096K, 3 young (12288K), 3 survivors (12288K)
 Metaspace       used 111792K, committed 112448K, reserved 1179648K
  class space    used 14899K, committed 15232K, reserved 1048576K
}
Event: 12.746 GC heap before
{Heap before GC invocations=40 (full 0):
 garbage-first heap   total 356352K, used 291714K [0x00000006e0000000, 0x0000000800000000)
  region size 4096K, 28 young (114688K), 3 survivors (12288K)
 Metaspace       used 112827K, committed 113536K, reserved 1179648K
  class space    used 15020K, committed 15360K, reserved 1048576K
}
Event: 12.762 GC heap after
{Heap after GC invocations=41 (full 0):
 garbage-first heap   total 356352K, used 197509K [0x00000006e0000000, 0x0000000800000000)
  region size 4096K, 4 young (16384K), 4 survivors (16384K)
 Metaspace       used 112827K, committed 113536K, reserved 1179648K
  class space    used 15020K, committed 15360K, reserved 1048576K
}
Event: 13.419 GC heap before
{Heap before GC invocations=42 (full 0):
 garbage-first heap   total 356352K, used 291717K [0x00000006e0000000, 0x0000000800000000)
  region size 4096K, 27 young (110592K), 4 survivors (16384K)
 Metaspace       used 115901K, committed 116608K, reserved 1179648K
  class space    used 15472K, committed 15808K, reserved 1048576K
}
Event: 13.433 GC heap after
{Heap after GC invocations=43 (full 0):
 garbage-first heap   total 356352K, used 205019K [0x00000006e0000000, 0x0000000800000000)
  region size 4096K, 4 young (16384K), 4 survivors (16384K)
 Metaspace       used 115901K, committed 116608K, reserved 1179648K
  class space    used 15472K, committed 15808K, reserved 1048576K
}
Event: 13.451 GC heap before
{Heap before GC invocations=43 (full 0):
 garbage-first heap   total 356352K, used 209115K [0x00000006e0000000, 0x0000000800000000)
  region size 4096K, 5 young (20480K), 4 survivors (16384K)
 Metaspace       used 116366K, committed 117120K, reserved 1179648K
  class space    used 15536K, committed 15872K, reserved 1048576K
}
Event: 13.462 GC heap after
{Heap after GC invocations=44 (full 0):
 garbage-first heap   total 446464K, used 199682K [0x00000006e0000000, 0x0000000800000000)
  region size 4096K, 1 young (4096K), 1 survivors (4096K)
 Metaspace       used 116366K, committed 117120K, reserved 1179648K
  class space    used 15536K, committed 15872K, reserved 1048576K
}
Event: 13.817 GC heap before
{Heap before GC invocations=44 (full 0):
 garbage-first heap   total 446464K, used 351234K [0x00000006e0000000, 0x0000000800000000)
  region size 4096K, 39 young (159744K), 1 survivors (4096K)
 Metaspace       used 123681K, committed 124480K, reserved 1179648K
  class space    used 16605K, committed 16960K, reserved 1048576K
}
Event: 13.829 GC heap after
{Heap after GC invocations=45 (full 0):
 garbage-first heap   total 446464K, used 220070K [0x00000006e0000000, 0x0000000800000000)
  region size 4096K, 5 young (20480K), 5 survivors (20480K)
 Metaspace       used 123681K, committed 124480K, reserved 1179648K
  class space    used 16605K, committed 16960K, reserved 1048576K
}
Event: 14.072 GC heap before
{Heap before GC invocations=45 (full 0):
 garbage-first heap   total 446464K, used 351142K [0x00000006e0000000, 0x0000000800000000)
  region size 4096K, 37 young (151552K), 5 survivors (20480K)
 Metaspace       used 127295K, committed 128064K, reserved 1179648K
  class space    used 17231K, committed 17600K, reserved 1048576K
}
Event: 14.087 GC heap after
{Heap after GC invocations=46 (full 0):
 garbage-first heap   total 446464K, used 237857K [0x00000006e0000000, 0x0000000800000000)
  region size 4096K, 5 young (20480K), 5 survivors (20480K)
 Metaspace       used 127295K, committed 128064K, reserved 1179648K
  class space    used 17231K, committed 17600K, reserved 1048576K
}
Event: 14.361 GC heap before
{Heap before GC invocations=46 (full 0):
 garbage-first heap   total 446464K, used 356641K [0x00000006e0000000, 0x0000000800000000)
  region size 4096K, 34 young (139264K), 5 survivors (20480K)
 Metaspace       used 129021K, committed 129856K, reserved 1179648K
  class space    used 17481K, committed 17856K, reserved 1048576K
}
Event: 14.372 GC heap after
{Heap after GC invocations=47 (full 0):
 garbage-first heap   total 446464K, used 244290K [0x00000006e0000000, 0x0000000800000000)
  region size 4096K, 2 young (8192K), 2 survivors (8192K)
 Metaspace       used 129021K, committed 129856K, reserved 1179648K
  class space    used 17481K, committed 17856K, reserved 1048576K
}
Event: 14.533 GC heap before
{Heap before GC invocations=47 (full 0):
 garbage-first heap   total 446464K, used 363074K [0x00000006e0000000, 0x0000000800000000)
  region size 4096K, 31 young (126976K), 2 survivors (8192K)
 Metaspace       used 130239K, committed 130944K, reserved 1179648K
  class space    used 17664K, committed 17984K, reserved 1048576K
}

