# JRE version: OpenJDK Runtime Environment (17.0.7) (build 17.0.7+0-17.0.7b1000.6-10550314)
# Java VM: OpenJDK 64-Bit Server VM (17.0.7+0-17.0.7b1000.6-10550314, mixed mode, tiered, compressed oops, compressed class ptrs, g1 gc, linux-amd64)
GC Precious Log:
 CPUs: 6 total, 6 available
 Memory: 7792M
 Large Page Support: Disabled
 NUMA Support: Disabled
 Compressed Oops: Enabled (Zero based)
 Heap Region Size: 4M
 Heap Min Capacity: 8M
 Heap Initial Capacity: 124M
 Heap Max Capacity: 4608M
 Pre-touch: Disabled
 Parallel Workers: 6
 Concurrent Workers: 2
 Concurrent Refinement Workers: 6
 Periodic GC: Disabled
Heap:
 garbage-first heap   total 143360K, used 97847K [0x00000006e0000000, 0x0000000800000000)
  region size 4096K, 19 young (77824K), 2 survivors (8192K)
 Metaspace       used 53107K, committed 53632K, reserved 1114112K
  class space    used 7131K, committed 7360K, reserved 1048576K
GC Heap History (20 events):
Event: 0.393 GC heap before
{Heap before GC invocations=1 (full 0):
 garbage-first heap   total 126976K, used 25693K [0x00000006e0000000, 0x0000000800000000)
  region size 4096K, 5 young (20480K), 1 survivors (4096K)
 Metaspace       used 11308K, committed 11456K, reserved 1114112K
  class space    used 1197K, committed 1280K, reserved 1048576K
}
Event: 0.398 GC heap after
{Heap after GC invocations=2 (full 0):
 garbage-first heap   total 126976K, used 10650K [0x00000006e0000000, 0x0000000800000000)
  region size 4096K, 1 young (4096K), 1 survivors (4096K)
 Metaspace       used 11308K, committed 11456K, reserved 1114112K
  class space    used 1197K, committed 1280K, reserved 1048576K
}
Event: 0.783 GC heap before
{Heap before GC invocations=2 (full 0):
 garbage-first heap   total 126976K, used 55706K [0x00000006e0000000, 0x0000000800000000)
  region size 4096K, 12 young (49152K), 1 survivors (4096K)
 Metaspace       used 17902K, committed 18112K, reserved 1114112K
  class space    used 2097K, committed 2176K, reserved 1048576K
}
Event: 0.786 GC heap after
{Heap after GC invocations=3 (full 0):
 garbage-first heap   total 126976K, used 17049K [0x00000006e0000000, 0x0000000800000000)
  region size 4096K, 2 young (8192K), 2 survivors (8192K)
 Metaspace       used 17902K, committed 18112K, reserved 1114112K
  class space    used 2097K, committed 2176K, reserved 1048576K
}
Event: 0.944 GC heap before
{Heap before GC invocations=3 (full 0):
 garbage-first heap   total 126976K, used 33433K [0x00000006e0000000, 0x0000000800000000)
  region size 4096K, 7 young (28672K), 2 survivors (8192K)
 Metaspace       used 21256K, committed 21504K, reserved 1114112K
  class space    used 2616K, committed 2752K, reserved 1048576K
}
Event: 0.949 GC heap after
{Heap after GC invocations=4 (full 0):
 garbage-first heap   total 126976K, used 18348K [0x00000006e0000000, 0x0000000800000000)
  region size 4096K, 1 young (4096K), 1 survivors (4096K)
 Metaspace       used 21256K, committed 21504K, reserved 1114112K
  class space    used 2616K, committed 2752K, reserved 1048576K
}
Event: 1.462 GC heap before
{Heap before GC invocations=5 (full 0):
 garbage-first heap   total 98304K, used 71596K [0x00000006e0000000, 0x0000000800000000)
  region size 4096K, 14 young (57344K), 1 survivors (4096K)
 Metaspace       used 28992K, committed 29312K, reserved 1114112K
  class space    used 3930K, committed 4096K, reserved 1048576K
}
Event: 1.466 GC heap after
{Heap after GC invocations=6 (full 0):
 garbage-first heap   total 98304K, used 20876K [0x00000006e0000000, 0x0000000800000000)
  region size 4096K, 1 young (4096K), 1 survivors (4096K)
 Metaspace       used 28992K, committed 29312K, reserved 1114112K
  class space    used 3930K, committed 4096K, reserved 1048576K
}
Event: 1.496 GC heap before
{Heap before GC invocations=6 (full 0):
 garbage-first heap   total 98304K, used 24972K [0x00000006e0000000, 0x0000000800000000)
  region size 4096K, 2 young (8192K), 1 survivors (4096K)
 Metaspace       used 29422K, committed 29760K, reserved 1114112K
  class space    used 4006K, committed 4160K, reserved 1048576K
}
Event: 1.500 GC heap after
{Heap after GC invocations=7 (full 0):
 garbage-first heap   total 98304K, used 21040K [0x00000006e0000000, 0x0000000800000000)
  region size 4096K, 1 young (4096K), 1 survivors (4096K)
 Metaspace       used 29422K, committed 29760K, reserved 1114112K
  class space    used 4006K, committed 4160K, reserved 1048576K
}
Event: 1.827 GC heap before
{Heap before GC invocations=7 (full 0):
 garbage-first heap   total 98304K, used 62000K [0x00000006e0000000, 0x0000000800000000)
  region size 4096K, 11 young (45056K), 1 survivors (4096K)
 Metaspace       used 35248K, committed 35648K, reserved 1114112K
  class space    used 4938K, committed 5120K, reserved 1048576K
}
Event: 1.829 GC heap after
{Heap after GC invocations=8 (full 0):
 garbage-first heap   total 98304K, used 22894K [0x00000006e0000000, 0x0000000800000000)
  region size 4096K, 1 young (4096K), 1 survivors (4096K)
 Metaspace       used 35248K, committed 35648K, reserved 1114112K
  class space    used 4938K, committed 5120K, reserved 1048576K
}
Event: 1.855 GC heap before
{Heap before GC invocations=8 (full 0):
 garbage-first heap   total 98304K, used 22894K [0x00000006e0000000, 0x0000000800000000)
  region size 4096K, 2 young (8192K), 1 survivors (4096K)
 Metaspace       used 35639K, committed 35968K, reserved 1114112K
  class space    used 4989K, committed 5184K, reserved 1048576K
}
Event: 1.857 GC heap after
{Heap after GC invocations=9 (full 0):
 garbage-first heap   total 98304K, used 23213K [0x00000006e0000000, 0x0000000800000000)
  region size 4096K, 1 young (4096K), 1 survivors (4096K)
 Metaspace       used 35639K, committed 35968K, reserved 1114112K
  class space    used 4989K, committed 5184K, reserved 1048576K
}
Event: 2.157 GC heap before
{Heap before GC invocations=10 (full 0):
 garbage-first heap   total 98304K, used 64173K [0x00000006e0000000, 0x0000000800000000)
  region size 4096K, 12 young (49152K), 1 survivors (4096K)
 Metaspace       used 41425K, committed 41792K, reserved 1114112K
  class space    used 5557K, committed 5696K, reserved 1048576K
}
Event: 2.162 GC heap after
{Heap after GC invocations=11 (full 0):
 garbage-first heap   total 98304K, used 28195K [0x00000006e0000000, 0x0000000800000000)
  region size 4096K, 2 young (8192K), 2 survivors (8192K)
 Metaspace       used 41425K, committed 41792K, reserved 1114112K
  class space    used 5557K, committed 5696K, reserved 1048576K
}
Event: 2.428 GC heap before
{Heap before GC invocations=12 (full 0):
 garbage-first heap   total 98304K, used 60963K [0x00000006e0000000, 0x0000000800000000)
  region size 4096K, 11 young (45056K), 2 survivors (8192K)
 Metaspace       used 46588K, committed 46976K, reserved 1114112K
  class space    used 6167K, committed 6336K, reserved 1048576K
}
Event: 2.435 GC heap after
{Heap after GC invocations=13 (full 0):
 garbage-first heap   total 98304K, used 30716K [0x00000006e0000000, 0x0000000800000000)
  region size 4096K, 1 young (4096K), 1 survivors (4096K)
 Metaspace       used 46588K, committed 46976K, reserved 1114112K
  class space    used 6167K, committed 6336K, reserved 1048576K
}
Event: 2.673 GC heap before
{Heap before GC invocations=13 (full 0):
 garbage-first heap   total 98304K, used 71676K [0x00000006e0000000, 0x0000000800000000)
  region size 4096K, 11 young (45056K), 1 survivors (4096K)
 Metaspace       used 49279K, committed 49792K, reserved 1114112K
  class space    used 6601K, committed 6848K, reserved 1048576K
}
Event: 2.677 GC heap after
{Heap after GC invocations=14 (full 0):
 garbage-first heap   total 143360K, used 32311K [0x00000006e0000000, 0x0000000800000000)
  region size 4096K, 2 young (8192K), 2 survivors (8192K)
 Metaspace       used 49279K, committed 49792K, reserved 1114112K
  class space    used 6601K, committed 6848K, reserved 1048576K
}

