# JRE version: OpenJDK Runtime Environment (17.0.7) (build 17.0.7+0-17.0.7b1000.6-10550314)
# Java VM: OpenJDK 64-Bit Server VM (17.0.7+0-17.0.7b1000.6-10550314, mixed mode, tiered, compressed oops, compressed class ptrs, g1 gc, linux-amd64)
GC Precious Log:
 CPUs: 6 total, 6 available
 Memory: 7792M
 Large Page Support: Disabled
 NUMA Support: Disabled
 Compressed Oops: Enabled (Zero based)
 Heap Region Size: 4M
 Heap Min Capacity: 8M
 Heap Initial Capacity: 124M
 Heap Max Capacity: 4608M
 Pre-touch: Disabled
 Parallel Workers: 6
 Concurrent Workers: 2
 Concurrent Refinement Workers: 6
 Periodic GC: Disabled
Heap:
 garbage-first heap   total 479232K, used 350541K [0x00000006e0000000, 0x0000000800000000)
  region size 4096K, 34 young (139264K), 1 survivors (4096K)
 Metaspace       used 140597K, committed 141696K, reserved 1179648K
  class space    used 18471K, committed 19008K, reserved 1048576K
GC Heap History (20 events):
Event: 166.762 GC heap before
{Heap before GC invocations=74 (full 0):
 garbage-first heap   total 385024K, used 272522K [0x00000006e0000000, 0x0000000800000000)
  region size 4096K, 15 young (61440K), 1 survivors (4096K)
 Metaspace       used 122353K, committed 123392K, reserved 1179648K
  class space    used 16359K, committed 16896K, reserved 1048576K
}
Event: 166.770 GC heap after
{Heap after GC invocations=75 (full 0):
 garbage-first heap   total 385024K, used 229760K [0x00000006e0000000, 0x0000000800000000)
  region size 4096K, 2 young (8192K), 2 survivors (8192K)
 Metaspace       used 122353K, committed 123392K, reserved 1179648K
  class space    used 16359K, committed 16896K, reserved 1048576K
}
Event: 166.789 GC heap before
{Heap before GC invocations=75 (full 0):
 garbage-first heap   total 385024K, used 233856K [0x00000006e0000000, 0x0000000800000000)
  region size 4096K, 3 young (12288K), 2 survivors (8192K)
 Metaspace       used 122353K, committed 123392K, reserved 1179648K
  class space    used 16359K, committed 16896K, reserved 1048576K
}
Event: 166.798 GC heap after
{Heap after GC invocations=76 (full 0):
 garbage-first heap   total 385024K, used 232235K [0x00000006e0000000, 0x0000000800000000)
  region size 4096K, 1 young (4096K), 1 survivors (4096K)
 Metaspace       used 122353K, committed 123392K, reserved 1179648K
  class space    used 16359K, committed 16896K, reserved 1048576K
}
Event: 175.102 GC heap before
{Heap before GC invocations=77 (full 0):
 garbage-first heap   total 417792K, used 322347K [0x00000006e0000000, 0x0000000800000000)
  region size 4096K, 21 young (86016K), 1 survivors (4096K)
 Metaspace       used 124005K, committed 125056K, reserved 1179648K
  class space    used 16493K, committed 17024K, reserved 1048576K
}
Event: 175.110 GC heap after
{Heap after GC invocations=78 (full 0):
 garbage-first heap   total 417792K, used 247552K [0x00000006e0000000, 0x0000000800000000)
  region size 4096K, 3 young (12288K), 3 survivors (12288K)
 Metaspace       used 124005K, committed 125056K, reserved 1179648K
  class space    used 16493K, committed 17024K, reserved 1048576K
}
Event: 175.182 GC heap before
{Heap before GC invocations=78 (full 0):
 garbage-first heap   total 417792K, used 255744K [0x00000006e0000000, 0x0000000800000000)
  region size 4096K, 5 young (20480K), 3 survivors (12288K)
 Metaspace       used 124050K, committed 125120K, reserved 1179648K
  class space    used 16496K, committed 17024K, reserved 1048576K
}
Event: 175.191 GC heap after
{Heap after GC invocations=79 (full 0):
 garbage-first heap   total 417792K, used 248807K [0x00000006e0000000, 0x0000000800000000)
  region size 4096K, 1 young (4096K), 1 survivors (4096K)
 Metaspace       used 124050K, committed 125120K, reserved 1179648K
  class space    used 16496K, committed 17024K, reserved 1048576K
}
Event: 183.031 GC heap before
{Heap before GC invocations=79 (full 0):
 garbage-first heap   total 417792K, used 322535K [0x00000006e0000000, 0x0000000800000000)
  region size 4096K, 20 young (81920K), 1 survivors (4096K)
 Metaspace       used 127017K, committed 128064K, reserved 1179648K
  class space    used 16749K, committed 17280K, reserved 1048576K
}
Event: 183.043 GC heap after
{Heap after GC invocations=80 (full 0):
 garbage-first heap   total 417792K, used 254693K [0x00000006e0000000, 0x0000000800000000)
  region size 4096K, 2 young (8192K), 2 survivors (8192K)
 Metaspace       used 127017K, committed 128064K, reserved 1179648K
  class space    used 16749K, committed 17280K, reserved 1048576K
}
Event: 185.656 GC heap before
{Heap before GC invocations=81 (full 0):
 garbage-first heap   total 479232K, used 324325K [0x00000006e0000000, 0x0000000800000000)
  region size 4096K, 21 young (86016K), 2 survivors (8192K)
 Metaspace       used 128417K, committed 129408K, reserved 1179648K
  class space    used 16899K, committed 17408K, reserved 1048576K
}
Event: 185.663 GC heap after
{Heap after GC invocations=82 (full 0):
 garbage-first heap   total 479232K, used 247906K [0x00000006e0000000, 0x0000000800000000)
  region size 4096K, 1 young (4096K), 1 survivors (4096K)
 Metaspace       used 128417K, committed 129408K, reserved 1179648K
  class space    used 16899K, committed 17408K, reserved 1048576K
}
Event: 186.049 GC heap before
{Heap before GC invocations=82 (full 0):
 garbage-first heap   total 479232K, used 264290K [0x00000006e0000000, 0x0000000800000000)
  region size 4096K, 5 young (20480K), 1 survivors (4096K)
 Metaspace       used 128980K, committed 130048K, reserved 1179648K
  class space    used 16953K, committed 17472K, reserved 1048576K
}
Event: 186.055 GC heap after
{Heap after GC invocations=83 (full 0):
 garbage-first heap   total 479232K, used 221133K [0x00000006e0000000, 0x0000000800000000)
  region size 4096K, 1 young (4096K), 1 survivors (4096K)
 Metaspace       used 128980K, committed 130048K, reserved 1179648K
  class space    used 16953K, committed 17472K, reserved 1048576K
}
Event: 213.855 GC heap before
{Heap before GC invocations=83 (full 0):
 garbage-first heap   total 479232K, used 389069K [0x00000006e0000000, 0x0000000800000000)
  region size 4096K, 43 young (176128K), 1 survivors (4096K)
 Metaspace       used 131083K, committed 132160K, reserved 1179648K
  class space    used 17188K, committed 17728K, reserved 1048576K
}
Event: 213.865 GC heap after
{Heap after GC invocations=84 (full 0):
 garbage-first heap   total 479232K, used 231411K [0x00000006e0000000, 0x0000000800000000)
  region size 4096K, 4 young (16384K), 4 survivors (16384K)
 Metaspace       used 131083K, committed 132160K, reserved 1179648K
  class space    used 17188K, committed 17728K, reserved 1048576K
}
Event: 219.509 GC heap before
{Heap before GC invocations=85 (full 0):
 garbage-first heap   total 479232K, used 378867K [0x00000006e0000000, 0x0000000800000000)
  region size 4096K, 41 young (167936K), 4 survivors (16384K)
 Metaspace       used 132437K, committed 133504K, reserved 1179648K
  class space    used 17377K, committed 17920K, reserved 1048576K
}
Event: 219.518 GC heap after
{Heap after GC invocations=86 (full 0):
 garbage-first heap   total 479232K, used 239291K [0x00000006e0000000, 0x0000000800000000)
  region size 4096K, 5 young (20480K), 5 survivors (20480K)
 Metaspace       used 132437K, committed 133504K, reserved 1179648K
  class space    used 17377K, committed 17920K, reserved 1048576K
}
Event: 219.667 GC heap before
{Heap before GC invocations=86 (full 0):
 garbage-first heap   total 479232K, used 243387K [0x00000006e0000000, 0x0000000800000000)
  region size 4096K, 6 young (24576K), 5 survivors (20480K)
 Metaspace       used 132512K, committed 133568K, reserved 1179648K
  class space    used 17385K, committed 17920K, reserved 1048576K
}
Event: 219.677 GC heap after
{Heap after GC invocations=87 (full 0):
 garbage-first heap   total 479232K, used 223565K [0x00000006e0000000, 0x0000000800000000)
  region size 4096K, 1 young (4096K), 1 survivors (4096K)
 Metaspace       used 132512K, committed 133568K, reserved 1179648K
  class space    used 17385K, committed 17920K, reserved 1048576K
}

