# JRE version: OpenJDK Runtime Environment (17.0.7) (build 17.0.7+0-17.0.7b1000.6-10550314)
# Java VM: OpenJDK 64-Bit Server VM (17.0.7+0-17.0.7b1000.6-10550314, mixed mode, tiered, compressed oops, compressed class ptrs, g1 gc, linux-amd64)
GC Precious Log:
 CPUs: 6 total, 6 available
 Memory: 7792M
 Large Page Support: Disabled
 NUMA Support: Disabled
 Compressed Oops: Enabled (Zero based)
 Heap Region Size: 4M
 Heap Min Capacity: 8M
 Heap Initial Capacity: 124M
 Heap Max Capacity: 4608M
 Pre-touch: Disabled
 Parallel Workers: 6
 Concurrent Workers: 2
 Concurrent Refinement Workers: 6
 Periodic GC: Disabled
Heap:
 garbage-first heap   total 98304K, used 58220K [0x00000006e0000000, 0x0000000800000000)
  region size 4096K, 10 young (40960K), 1 survivors (4096K)
 Metaspace       used 34627K, committed 34880K, reserved 1114112K
  class space    used 4822K, committed 4928K, reserved 1048576K
GC Heap History (13 events):
Event: 0.227 GC heap before
{Heap before GC invocations=0 (full 0):
 garbage-first heap   total 126976K, used 16384K [0x00000006e0000000, 0x0000000800000000)
  region size 4096K, 4 young (16384K), 0 survivors (0K)
 Metaspace       used 7801K, committed 7936K, reserved 1114112K
  class space    used 692K, committed 768K, reserved 1048576K
}
Event: 0.230 GC heap after
{Heap after GC invocations=1 (full 0):
 garbage-first heap   total 126976K, used 9469K [0x00000006e0000000, 0x0000000800000000)
  region size 4096K, 1 young (4096K), 1 survivors (4096K)
 Metaspace       used 7801K, committed 7936K, reserved 1114112K
  class space    used 692K, committed 768K, reserved 1048576K
}
Event: 0.402 GC heap before
{Heap before GC invocations=1 (full 0):
 garbage-first heap   total 126976K, used 25853K [0x00000006e0000000, 0x0000000800000000)
  region size 4096K, 5 young (20480K), 1 survivors (4096K)
 Metaspace       used 11292K, committed 11456K, reserved 1114112K
  class space    used 1199K, committed 1280K, reserved 1048576K
}
Event: 0.406 GC heap after
{Heap after GC invocations=2 (full 0):
 garbage-first heap   total 126976K, used 10830K [0x00000006e0000000, 0x0000000800000000)
  region size 4096K, 1 young (4096K), 1 survivors (4096K)
 Metaspace       used 11292K, committed 11456K, reserved 1114112K
  class space    used 1199K, committed 1280K, reserved 1048576K
}
Event: 0.802 GC heap before
{Heap before GC invocations=2 (full 0):
 garbage-first heap   total 126976K, used 51790K [0x00000006e0000000, 0x0000000800000000)
  region size 4096K, 12 young (49152K), 1 survivors (4096K)
 Metaspace       used 19004K, committed 19200K, reserved 1114112K
  class space    used 2255K, committed 2368K, reserved 1048576K
}
Event: 0.806 GC heap after
{Heap after GC invocations=3 (full 0):
 garbage-first heap   total 126976K, used 17436K [0x00000006e0000000, 0x0000000800000000)
  region size 4096K, 2 young (8192K), 2 survivors (8192K)
 Metaspace       used 19004K, committed 19200K, reserved 1114112K
  class space    used 2255K, committed 2368K, reserved 1048576K
}
Event: 1.236 GC heap before
{Heap before GC invocations=3 (full 0):
 garbage-first heap   total 126976K, used 25628K [0x00000006e0000000, 0x0000000800000000)
  region size 4096K, 5 young (20480K), 2 survivors (8192K)
 Metaspace       used 21235K, committed 21504K, reserved 1114112K
  class space    used 2612K, committed 2752K, reserved 1048576K
}
Event: 1.243 GC heap after
{Heap after GC invocations=4 (full 0):
 garbage-first heap   total 126976K, used 18420K [0x00000006e0000000, 0x0000000800000000)
  region size 4096K, 1 young (4096K), 1 survivors (4096K)
 Metaspace       used 21235K, committed 21504K, reserved 1114112K
  class space    used 2612K, committed 2752K, reserved 1048576K
}
Event: 3.221 GC heap before
{Heap before GC invocations=5 (full 0):
 garbage-first heap   total 98304K, used 71668K [0x00000006e0000000, 0x0000000800000000)
  region size 4096K, 14 young (57344K), 1 survivors (4096K)
 Metaspace       used 28917K, committed 29184K, reserved 1114112K
  class space    used 3913K, committed 4032K, reserved 1048576K
}
Event: 3.224 GC heap after
{Heap after GC invocations=6 (full 0):
 garbage-first heap   total 98304K, used 20857K [0x00000006e0000000, 0x0000000800000000)
  region size 4096K, 1 young (4096K), 1 survivors (4096K)
 Metaspace       used 28917K, committed 29184K, reserved 1114112K
  class space    used 3913K, committed 4032K, reserved 1048576K
}
Event: 3.331 GC heap before
{Heap before GC invocations=6 (full 0):
 garbage-first heap   total 98304K, used 24953K [0x00000006e0000000, 0x0000000800000000)
  region size 4096K, 2 young (8192K), 1 survivors (4096K)
 Metaspace       used 29334K, committed 29568K, reserved 1114112K
  class space    used 3984K, committed 4096K, reserved 1048576K
}
Event: 3.336 GC heap after
{Heap after GC invocations=7 (full 0):
 garbage-first heap   total 98304K, used 21356K [0x00000006e0000000, 0x0000000800000000)
  region size 4096K, 1 young (4096K), 1 survivors (4096K)
 Metaspace       used 29334K, committed 29568K, reserved 1114112K
  class space    used 3984K, committed 4096K, reserved 1048576K
}
Event: 4.755 GC heap before
{Heap before GC invocations=7 (full 0):
 garbage-first heap   total 98304K, used 58220K [0x00000006e0000000, 0x0000000800000000)
  region size 4096K, 10 young (40960K), 1 survivors (4096K)
 Metaspace       used 34627K, committed 34880K, reserved 1114112K
  class space    used 4822K, committed 4928K, reserved 1048576K
}

