# JRE version: OpenJDK Runtime Environment (17.0.7) (build 17.0.7+0-17.0.7b1000.6-10550314)
# Java VM: OpenJDK 64-Bit Server VM (17.0.7+0-17.0.7b1000.6-10550314, mixed mode, tiered, compressed oops, compressed class ptrs, g1 gc, linux-amd64)
GC Precious Log:
 CPUs: 6 total, 6 available
 Memory: 7792M
 Large Page Support: Disabled
 NUMA Support: Disabled
 Compressed Oops: Enabled (Zero based)
 Heap Region Size: 4M
 Heap Min Capacity: 8M
 Heap Initial Capacity: 124M
 Heap Max Capacity: 4608M
 Pre-touch: Disabled
 Parallel Workers: 6
 Concurrent Workers: 2
 Concurrent Refinement Workers: 6
 Periodic GC: Disabled
Heap:
 garbage-first heap   total 262144K, used 156857K [0x00000006e0000000, 0x0000000800000000)
  region size 4096K, 7 young (28672K), 2 survivors (8192K)
 Metaspace       used 106368K, committed 107200K, reserved 1179648K
  class space    used 14527K, committed 14912K, reserved 1048576K
GC Heap History (20 events):
Event: 30.807 GC heap before
{Heap before GC invocations=43 (full 0):
 garbage-first heap   total 184320K, used 133206K [0x00000006e0000000, 0x0000000800000000)
  region size 4096K, 10 young (40960K), 2 survivors (8192K)
 Metaspace       used 91506K, committed 92224K, reserved 1179648K
  class space    used 12683K, committed 12992K, reserved 1048576K
}
Event: 30.814 GC heap after
{Heap after GC invocations=44 (full 0):
 garbage-first heap   total 184320K, used 106522K [0x00000006e0000000, 0x0000000800000000)
  region size 4096K, 2 young (8192K), 2 survivors (8192K)
 Metaspace       used 91506K, committed 92224K, reserved 1179648K
  class space    used 12683K, committed 12992K, reserved 1048576K
}
Event: 31.942 GC heap before
{Heap before GC invocations=44 (full 0):
 garbage-first heap   total 184320K, used 143386K [0x00000006e0000000, 0x0000000800000000)
  region size 4096K, 11 young (45056K), 2 survivors (8192K)
 Metaspace       used 91732K, committed 92352K, reserved 1179648K
  class space    used 12685K, committed 12992K, reserved 1048576K
}
Event: 31.947 GC heap after
{Heap after GC invocations=45 (full 0):
 garbage-first heap   total 221184K, used 108042K [0x00000006e0000000, 0x0000000800000000)
  region size 4096K, 2 young (8192K), 2 survivors (8192K)
 Metaspace       used 91732K, committed 92352K, reserved 1179648K
  class space    used 12685K, committed 12992K, reserved 1048576K
}
Event: 33.227 GC heap before
{Heap before GC invocations=46 (full 0):
 garbage-first heap   total 221184K, used 165386K [0x00000006e0000000, 0x0000000800000000)
  region size 4096K, 17 young (69632K), 2 survivors (8192K)
 Metaspace       used 92239K, committed 92928K, reserved 1179648K
  class space    used 12723K, committed 13056K, reserved 1048576K
}
Event: 33.231 GC heap after
{Heap after GC invocations=47 (full 0):
 garbage-first heap   total 221184K, used 112678K [0x00000006e0000000, 0x0000000800000000)
  region size 4096K, 3 young (12288K), 3 survivors (12288K)
 Metaspace       used 92239K, committed 92928K, reserved 1179648K
  class space    used 12723K, committed 13056K, reserved 1048576K
}
Event: 34.862 GC heap before
{Heap before GC invocations=47 (full 0):
 garbage-first heap   total 221184K, used 165926K [0x00000006e0000000, 0x0000000800000000)
  region size 4096K, 17 young (69632K), 3 survivors (12288K)
 Metaspace       used 92499K, committed 93184K, reserved 1179648K
  class space    used 12741K, committed 13056K, reserved 1048576K
}
Event: 34.880 GC heap after
{Heap after GC invocations=48 (full 0):
 garbage-first heap   total 221184K, used 117056K [0x00000006e0000000, 0x0000000800000000)
  region size 4096K, 2 young (8192K), 2 survivors (8192K)
 Metaspace       used 92499K, committed 93184K, reserved 1179648K
  class space    used 12741K, committed 13056K, reserved 1048576K
}
Event: 35.951 GC heap before
{Heap before GC invocations=48 (full 0):
 garbage-first heap   total 221184K, used 166208K [0x00000006e0000000, 0x0000000800000000)
  region size 4096K, 15 young (61440K), 2 survivors (8192K)
 Metaspace       used 93608K, committed 94336K, reserved 1179648K
  class space    used 12830K, committed 13120K, reserved 1048576K
}
Event: 35.959 GC heap after
{Heap after GC invocations=49 (full 0):
 garbage-first heap   total 221184K, used 119978K [0x00000006e0000000, 0x0000000800000000)
  region size 4096K, 2 young (8192K), 2 survivors (8192K)
 Metaspace       used 93608K, committed 94336K, reserved 1179648K
  class space    used 12830K, committed 13120K, reserved 1048576K
}
Event: 37.200 GC heap before
{Heap before GC invocations=50 (full 0):
 garbage-first heap   total 221184K, used 169130K [0x00000006e0000000, 0x0000000800000000)
  region size 4096K, 15 young (61440K), 2 survivors (8192K)
 Metaspace       used 97903K, committed 98624K, reserved 1179648K
  class space    used 13419K, committed 13760K, reserved 1048576K
}
Event: 37.213 GC heap after
{Heap after GC invocations=51 (full 0):
 garbage-first heap   total 221184K, used 123969K [0x00000006e0000000, 0x0000000800000000)
  region size 4096K, 2 young (8192K), 2 survivors (8192K)
 Metaspace       used 97903K, committed 98624K, reserved 1179648K
  class space    used 13419K, committed 13760K, reserved 1048576K
}
Event: 39.417 GC heap before
{Heap before GC invocations=51 (full 0):
 garbage-first heap   total 221184K, used 169025K [0x00000006e0000000, 0x0000000800000000)
  region size 4096K, 14 young (57344K), 2 survivors (8192K)
 Metaspace       used 98795K, committed 99520K, reserved 1179648K
  class space    used 13539K, committed 13888K, reserved 1048576K
}
Event: 39.430 GC heap after
{Heap after GC invocations=52 (full 0):
 garbage-first heap   total 221184K, used 128620K [0x00000006e0000000, 0x0000000800000000)
  region size 4096K, 2 young (8192K), 2 survivors (8192K)
 Metaspace       used 98795K, committed 99520K, reserved 1179648K
  class space    used 13539K, committed 13888K, reserved 1048576K
}
Event: 47.567 GC heap before
{Heap before GC invocations=53 (full 0):
 garbage-first heap   total 233472K, used 169580K [0x00000006e0000000, 0x0000000800000000)
  region size 4096K, 13 young (53248K), 2 survivors (8192K)
 Metaspace       used 101720K, committed 102464K, reserved 1179648K
  class space    used 13935K, committed 14272K, reserved 1048576K
}
Event: 47.573 GC heap after
{Heap after GC invocations=54 (full 0):
 garbage-first heap   total 233472K, used 132816K [0x00000006e0000000, 0x0000000800000000)
  region size 4096K, 2 young (8192K), 2 survivors (8192K)
 Metaspace       used 101720K, committed 102464K, reserved 1179648K
  class space    used 13935K, committed 14272K, reserved 1048576K
}
Event: 48.660 GC heap before
{Heap before GC invocations=54 (full 0):
 garbage-first heap   total 233472K, used 181968K [0x00000006e0000000, 0x0000000800000000)
  region size 4096K, 15 young (61440K), 2 survivors (8192K)
 Metaspace       used 102803K, committed 103616K, reserved 1179648K
  class space    used 14060K, committed 14464K, reserved 1048576K
}
Event: 48.668 GC heap after
{Heap after GC invocations=55 (full 0):
 garbage-first heap   total 233472K, used 138109K [0x00000006e0000000, 0x0000000800000000)
  region size 4096K, 2 young (8192K), 2 survivors (8192K)
 Metaspace       used 102803K, committed 103616K, reserved 1179648K
  class space    used 14060K, committed 14464K, reserved 1048576K
}
Event: 49.721 GC heap before
{Heap before GC invocations=55 (full 0):
 garbage-first heap   total 233472K, used 183165K [0x00000006e0000000, 0x0000000800000000)
  region size 4096K, 14 young (57344K), 2 survivors (8192K)
 Metaspace       used 105103K, committed 105856K, reserved 1179648K
  class space    used 14367K, committed 14720K, reserved 1048576K
}
Event: 49.727 GC heap after
{Heap after GC invocations=56 (full 0):
 garbage-first heap   total 233472K, used 140473K [0x00000006e0000000, 0x0000000800000000)
  region size 4096K, 2 young (8192K), 2 survivors (8192K)
 Metaspace       used 105103K, committed 105856K, reserved 1179648K
  class space    used 14367K, committed 14720K, reserved 1048576K
}

