# JRE version: OpenJDK Runtime Environment (8.0_152-b01) (build 1.8.0_152-release-915-b01)
# Java VM: OpenJDK 64-Bit Server VM (25.152-b01 mixed mode linux-amd64 compressed oops)
Heap:
 PSYoungGen      total 929280K, used 78286K [0x000000076ab00000, 0x00000007acc00000, 0x00000007c0000000)
  eden space 808960K, 0% used [0x000000076ab00000,0x000000076ab00000,0x000000079c100000)
  from space 120320K, 65% used [0x00000007a4100000,0x00000007a8d73b60,0x00000007ab680000)
  to   space 131072K, 0% used [0x000000079c100000,0x000000079c100000,0x00000007a4100000)
 ParOldGen       total 427520K, used 427249K [0x00000006c0000000, 0x00000006da180000, 0x000000076ab00000)
  object space 427520K, 99% used [0x00000006c0000000,0x00000006da13c600,0x00000006da180000)
 Metaspace       used 6638K, capacity 7346K, committed 7552K, reserved 1056768K
  class space    used 606K, capacity 618K, committed 640K, reserved 1048576K
GC Heap History (10 events):
Event: 3.971 GC heap after
Heap after GC invocations=15 (full 2):
 PSYoungGen      total 581120K, used 52911K [0x000000076ab00000, 0x000000079a780000, 0x00000007c0000000)
  eden space 506880K, 0% used [0x000000076ab00000,0x000000076ab00000,0x0000000789a00000)
  from space 74240K, 71% used [0x0000000789a00000,0x000000078cdabc28,0x000000078e280000)
  to   space 78848K, 0% used [0x0000000795a80000,0x0000000795a80000,0x000000079a780000)
 ParOldGen       total 282112K, used 208895K [0x00000006c0000000, 0x00000006d1380000, 0x000000076ab00000)
  object space 282112K, 74% used [0x00000006c0000000,0x00000006ccbffd30,0x00000006d1380000)
 Metaspace       used 6615K, capacity 7346K, committed 7552K, reserved 1056768K
  class space    used 605K, capacity 618K, committed 640K, reserved 1048576K
}
Event: 5.034 GC heap before
{Heap before GC invocations=16 (full 2):
 PSYoungGen      total 581120K, used 559791K [0x000000076ab00000, 0x000000079a780000, 0x00000007c0000000)
  eden space 506880K, 100% used [0x000000076ab00000,0x0000000789a00000,0x0000000789a00000)
  from space 74240K, 71% used [0x0000000789a00000,0x000000078cdabc28,0x000000078e280000)
  to   space 78848K, 0% used [0x0000000795a80000,0x0000000795a80000,0x000000079a780000)
 ParOldGen       total 282112K, used 208895K [0x00000006c0000000, 0x00000006d1380000, 0x000000076ab00000)
  object space 282112K, 74% used [0x00000006c0000000,0x00000006ccbffd30,0x00000006d1380000)
 Metaspace       used 6623K, capacity 7346K, committed 7552K, reserved 1056768K
  class space    used 605K, capacity 618K, committed 640K, reserved 1048576K
Event: 19.055 GC heap after
Heap after GC invocations=16 (full 2):
 PSYoungGen      total 674304K, used 78839K [0x000000076ab00000, 0x00000007a2400000, 0x00000007c0000000)
  eden space 595456K, 0% used [0x000000076ab00000,0x000000076ab00000,0x000000078f080000)
  from space 78848K, 99% used [0x0000000795a80000,0x000000079a77df58,0x000000079a780000)
  to   space 108544K, 0% used [0x000000078f080000,0x000000078f080000,0x0000000795a80000)
 ParOldGen       total 282112K, used 253146K [0x00000006c0000000, 0x00000006d1380000, 0x000000076ab00000)
  object space 282112K, 89% used [0x00000006c0000000,0x00000006cf736ab8,0x00000006d1380000)
 Metaspace       used 6623K, capacity 7346K, committed 7552K, reserved 1056768K
  class space    used 605K, capacity 618K, committed 640K, reserved 1048576K
}
Event: 19.310 GC heap before
{Heap before GC invocations=17 (full 3):
 PSYoungGen      total 674304K, used 78839K [0x000000076ab00000, 0x00000007a2400000, 0x00000007c0000000)
  eden space 595456K, 0% used [0x000000076ab00000,0x000000076ab00000,0x000000078f080000)
  from space 78848K, 99% used [0x0000000795a80000,0x000000079a77df58,0x000000079a780000)
  to   space 108544K, 0% used [0x000000078f080000,0x000000078f080000,0x0000000795a80000)
 ParOldGen       total 282112K, used 253146K [0x00000006c0000000, 0x00000006d1380000, 0x000000076ab00000)
  object space 282112K, 89% used [0x00000006c0000000,0x00000006cf736ab8,0x00000006d1380000)
 Metaspace       used 6623K, capacity 7346K, committed 7552K, reserved 1056768K
  class space    used 605K, capacity 618K, committed 640K, reserved 1048576K
Event: 20.655 GC heap after
Heap after GC invocations=17 (full 3):
 PSYoungGen      total 674304K, used 43334K [0x000000076ab00000, 0x00000007a2400000, 0x00000007c0000000)
  eden space 595456K, 0% used [0x000000076ab00000,0x000000076ab00000,0x000000078f080000)
  from space 78848K, 54% used [0x0000000795a80000,0x00000007984d1b18,0x000000079a780000)
  to   space 108544K, 0% used [0x000000078f080000,0x000000078f080000,0x0000000795a80000)
 ParOldGen       total 427520K, used 281714K [0x00000006c0000000, 0x00000006da180000, 0x000000076ab00000)
  object space 427520K, 65% used [0x00000006c0000000,0x00000006d131c938,0x00000006da180000)
 Metaspace       used 6623K, capacity 7346K, committed 7552K, reserved 1056768K
  class space    used 605K, capacity 618K, committed 640K, reserved 1048576K
}
Event: 37.704 GC heap before
{Heap before GC invocations=18 (full 3):
 PSYoungGen      total 674304K, used 638790K [0x000000076ab00000, 0x00000007a2400000, 0x00000007c0000000)
  eden space 595456K, 100% used [0x000000076ab00000,0x000000078f080000,0x000000078f080000)
  from space 78848K, 54% used [0x0000000795a80000,0x00000007984d1b18,0x000000079a780000)
  to   space 108544K, 0% used [0x000000078f080000,0x000000078f080000,0x0000000795a80000)
 ParOldGen       total 427520K, used 281714K [0x00000006c0000000, 0x00000006da180000, 0x000000076ab00000)
  object space 427520K, 65% used [0x00000006c0000000,0x00000006d131c938,0x00000006da180000)
 Metaspace       used 6635K, capacity 7346K, committed 7552K, reserved 1056768K
  class space    used 606K, capacity 618K, committed 640K, reserved 1048576K
Event: 41.903 GC heap after
Heap after GC invocations=18 (full 3):
 PSYoungGen      total 704000K, used 90374K [0x000000076ab00000, 0x00000007ab680000, 0x00000007c0000000)
  eden space 595456K, 0% used [0x000000076ab00000,0x000000076ab00000,0x000000078f080000)
  from space 108544K, 83% used [0x000000078f080000,0x00000007948c1b78,0x0000000795a80000)
  to   space 120320K, 0% used [0x00000007a4100000,0x00000007a4100000,0x00000007ab680000)
 ParOldGen       total 427520K, used 324617K [0x00000006c0000000, 0x00000006da180000, 0x000000076ab00000)
  object space 427520K, 75% used [0x00000006c0000000,0x00000006d3d02788,0x00000006da180000)
 Metaspace       used 6635K, capacity 7346K, committed 7552K, reserved 1056768K
  class space    used 606K, capacity 618K, committed 640K, reserved 1048576K
}
Event: 97.914 GC heap before
{Heap before GC invocations=19 (full 3):
 PSYoungGen      total 704000K, used 685830K [0x000000076ab00000, 0x00000007ab680000, 0x00000007c0000000)
  eden space 595456K, 100% used [0x000000076ab00000,0x000000078f080000,0x000000078f080000)
  from space 108544K, 83% used [0x000000078f080000,0x00000007948c1b78,0x0000000795a80000)
  to   space 120320K, 0% used [0x00000007a4100000,0x00000007a4100000,0x00000007ab680000)
 ParOldGen       total 427520K, used 324617K [0x00000006c0000000, 0x00000006da180000, 0x000000076ab00000)
  object space 427520K, 75% used [0x00000006c0000000,0x00000006d3d02788,0x00000006da180000)
 Metaspace       used 6638K, capacity 7346K, committed 7552K, reserved 1056768K
  class space    used 606K, capacity 618K, committed 640K, reserved 1048576K
Event: 120.689 GC heap after
Heap after GC invocations=19 (full 3):
 PSYoungGen      total 929280K, used 93030K [0x000000076ab00000, 0x00000007acc00000, 0x00000007c0000000)
  eden space 808960K, 0% used [0x000000076ab00000,0x000000076ab00000,0x000000079c100000)
  from space 120320K, 77% used [0x00000007a4100000,0x00000007a9bd9a30,0x00000007ab680000)
  to   space 131072K, 0% used [0x000000079c100000,0x000000079c100000,0x00000007a4100000)
 ParOldGen       total 427520K, used 414711K [0x00000006c0000000, 0x00000006da180000, 0x000000076ab00000)
  object space 427520K, 97% used [0x00000006c0000000,0x00000006d94fdd40,0x00000006da180000)
 Metaspace       used 6638K, capacity 7346K, committed 7552K, reserved 1056768K
  class space    used 606K, capacity 618K, committed 640K, reserved 1048576K
}
Event: 121.550 GC heap before
{Heap before GC invocations=20 (full 4):
 PSYoungGen      total 929280K, used 93030K [0x000000076ab00000, 0x00000007acc00000, 0x00000007c0000000)
  eden space 808960K, 0% used [0x000000076ab00000,0x000000076ab00000,0x000000079c100000)
  from space 120320K, 77% used [0x00000007a4100000,0x00000007a9bd9a30,0x00000007ab680000)
  to   space 131072K, 0% used [0x000000079c100000,0x000000079c100000,0x00000007a4100000)
 ParOldGen       total 427520K, used 414711K [0x00000006c0000000, 0x00000006da180000, 0x000000076ab00000)
  object space 427520K, 97% used [0x00000006c0000000,0x00000006d94fdd40,0x00000006da180000)
 Metaspace       used 6638K, capacity 7346K, committed 7552K, reserved 1056768K
  class space    used 606K, capacity 618K, committed 640K, reserved 1048576K

