# JRE version: OpenJDK Runtime Environment (8.0_152-b01) (build 1.8.0_152-release-915-b01)
# Java VM: OpenJDK 64-Bit Server VM (25.152-b01 mixed mode linux-amd64 compressed oops)
Heap:
 PSYoungGen      total 848896K, used 25374K [0x000000076ab00000, 0x00000007a8380000, 0x00000007c0000000)
  eden space 743936K, 0% used [0x000000076ab00000,0x000000076ab00000,0x0000000798180000)
  from space 104960K, 24% used [0x000000079f200000,0x00000007a0ac7b48,0x00000007a5880000)
  to   space 115200K, 0% used [0x0000000798180000,0x0000000798180000,0x000000079f200000)
 ParOldGen       total 451584K, used 451523K [0x00000006c0000000, 0x00000006db900000, 0x000000076ab00000)
  object space 451584K, 99% used [0x00000006c0000000,0x00000006db8f0e30,0x00000006db900000)
 Metaspace       used 6671K, capacity 7348K, committed 7552K, reserved 1056768K
  class space    used 610K, capacity 620K, committed 640K, reserved 1048576K
GC Heap History (10 events):
Event: 3.978 GC heap after
Heap after GC invocations=15 (full 2):
 PSYoungGen      total 538112K, used 67561K [0x000000076ab00000, 0x0000000798300000, 0x00000007c0000000)
  eden space 470528K, 0% used [0x000000076ab00000,0x000000076ab00000,0x0000000787680000)
  from space 67584K, 99% used [0x0000000787680000,0x000000078b87a6d0,0x000000078b880000)
  to   space 94208K, 0% used [0x0000000792700000,0x0000000792700000,0x0000000798300000)
 ParOldGen       total 286208K, used 205413K [0x00000006c0000000, 0x00000006d1780000, 0x000000076ab00000)
  object space 286208K, 71% used [0x00000006c0000000,0x00000006cc8997d8,0x00000006d1780000)
 Metaspace       used 6640K, capacity 7348K, committed 7552K, reserved 1056768K
  class space    used 609K, capacity 620K, committed 640K, reserved 1048576K
}
Event: 5.388 GC heap before
{Heap before GC invocations=16 (full 2):
 PSYoungGen      total 538112K, used 538089K [0x000000076ab00000, 0x0000000798300000, 0x00000007c0000000)
  eden space 470528K, 100% used [0x000000076ab00000,0x0000000787680000,0x0000000787680000)
  from space 67584K, 99% used [0x0000000787680000,0x000000078b87a6d0,0x000000078b880000)
  to   space 94208K, 0% used [0x0000000792700000,0x0000000792700000,0x0000000798300000)
 ParOldGen       total 286208K, used 205413K [0x00000006c0000000, 0x00000006d1780000, 0x000000076ab00000)
  object space 286208K, 71% used [0x00000006c0000000,0x00000006cc8997d8,0x00000006d1780000)
 Metaspace       used 6657K, capacity 7348K, committed 7552K, reserved 1056768K
  class space    used 610K, capacity 620K, committed 640K, reserved 1048576K
Event: 9.962 GC heap after
Heap after GC invocations=16 (full 2):
 PSYoungGen      total 652288K, used 48199K [0x000000076ab00000, 0x000000079bc00000, 0x00000007c0000000)
  eden space 558080K, 0% used [0x000000076ab00000,0x000000076ab00000,0x000000078cc00000)
  from space 94208K, 51% used [0x0000000792700000,0x0000000795611e88,0x0000000798300000)
  to   space 93184K, 0% used [0x000000078cc00000,0x000000078cc00000,0x0000000792700000)
 ParOldGen       total 286208K, used 272229K [0x00000006c0000000, 0x00000006d1780000, 0x000000076ab00000)
  object space 286208K, 95% used [0x00000006c0000000,0x00000006d09d9720,0x00000006d1780000)
 Metaspace       used 6657K, capacity 7348K, committed 7552K, reserved 1056768K
  class space    used 610K, capacity 620K, committed 640K, reserved 1048576K
}
Event: 9.962 GC heap before
{Heap before GC invocations=17 (full 3):
 PSYoungGen      total 652288K, used 48199K [0x000000076ab00000, 0x000000079bc00000, 0x00000007c0000000)
  eden space 558080K, 0% used [0x000000076ab00000,0x000000076ab00000,0x000000078cc00000)
  from space 94208K, 51% used [0x0000000792700000,0x0000000795611e88,0x0000000798300000)
  to   space 93184K, 0% used [0x000000078cc00000,0x000000078cc00000,0x0000000792700000)
 ParOldGen       total 286208K, used 272229K [0x00000006c0000000, 0x00000006d1780000, 0x000000076ab00000)
  object space 286208K, 95% used [0x00000006c0000000,0x00000006d09d9720,0x00000006d1780000)
 Metaspace       used 6657K, capacity 7348K, committed 7552K, reserved 1056768K
  class space    used 610K, capacity 620K, committed 640K, reserved 1048576K
Event: 10.950 GC heap after
Heap after GC invocations=17 (full 3):
 PSYoungGen      total 652288K, used 24428K [0x000000076ab00000, 0x000000079bc00000, 0x00000007c0000000)
  eden space 558080K, 0% used [0x000000076ab00000,0x000000076ab00000,0x000000078cc00000)
  from space 94208K, 25% used [0x0000000792700000,0x0000000793edb048,0x0000000798300000)
  to   space 93184K, 0% used [0x000000078cc00000,0x000000078cc00000,0x0000000792700000)
 ParOldGen       total 451584K, used 285934K [0x00000006c0000000, 0x00000006db900000, 0x000000076ab00000)
  object space 451584K, 63% used [0x00000006c0000000,0x00000006d173b9b8,0x00000006db900000)
 Metaspace       used 6657K, capacity 7348K, committed 7552K, reserved 1056768K
  class space    used 610K, capacity 620K, committed 640K, reserved 1048576K
}
Event: 11.854 GC heap before
{Heap before GC invocations=18 (full 3):
 PSYoungGen      total 652288K, used 582508K [0x000000076ab00000, 0x000000079bc00000, 0x00000007c0000000)
  eden space 558080K, 100% used [0x000000076ab00000,0x000000078cc00000,0x000000078cc00000)
  from space 94208K, 25% used [0x0000000792700000,0x0000000793edb048,0x0000000798300000)
  to   space 93184K, 0% used [0x000000078cc00000,0x000000078cc00000,0x0000000792700000)
 ParOldGen       total 451584K, used 285934K [0x00000006c0000000, 0x00000006db900000, 0x000000076ab00000)
  object space 451584K, 63% used [0x00000006c0000000,0x00000006d173b9b8,0x00000006db900000)
 Metaspace       used 6666K, capacity 7348K, committed 7552K, reserved 1056768K
  class space    used 610K, capacity 620K, committed 640K, reserved 1048576K
Event: 13.209 GC heap after
Heap after GC invocations=18 (full 3):
 PSYoungGen      total 651264K, used 82368K [0x000000076ab00000, 0x00000007a5880000, 0x00000007c0000000)
  eden space 558080K, 0% used [0x000000076ab00000,0x000000076ab00000,0x000000078cc00000)
  from space 93184K, 88% used [0x000000078cc00000,0x0000000791c70000,0x0000000792700000)
  to   space 104960K, 0% used [0x000000079f200000,0x000000079f200000,0x00000007a5880000)
 ParOldGen       total 451584K, used 310436K [0x00000006c0000000, 0x00000006db900000, 0x000000076ab00000)
  object space 451584K, 68% used [0x00000006c0000000,0x00000006d2f290e0,0x00000006db900000)
 Metaspace       used 6666K, capacity 7348K, committed 7552K, reserved 1056768K
  class space    used 610K, capacity 620K, committed 640K, reserved 1048576K
}
Event: 14.948 GC heap before
{Heap before GC invocations=19 (full 3):
 PSYoungGen      total 651264K, used 640448K [0x000000076ab00000, 0x00000007a5880000, 0x00000007c0000000)
  eden space 558080K, 100% used [0x000000076ab00000,0x000000078cc00000,0x000000078cc00000)
  from space 93184K, 88% used [0x000000078cc00000,0x0000000791c70000,0x0000000792700000)
  to   space 104960K, 0% used [0x000000079f200000,0x000000079f200000,0x00000007a5880000)
 ParOldGen       total 451584K, used 310436K [0x00000006c0000000, 0x00000006db900000, 0x000000076ab00000)
  object space 451584K, 68% used [0x00000006c0000000,0x00000006d2f290e0,0x00000006db900000)
 Metaspace       used 6671K, capacity 7348K, committed 7552K, reserved 1056768K
  class space    used 610K, capacity 620K, committed 640K, reserved 1048576K
Event: 19.127 GC heap after
Heap after GC invocations=19 (full 3):
 PSYoungGen      total 848896K, used 85970K [0x000000076ab00000, 0x00000007a8380000, 0x00000007c0000000)
  eden space 743936K, 0% used [0x000000076ab00000,0x000000076ab00000,0x0000000798180000)
  from space 104960K, 81% used [0x000000079f200000,0x00000007a45f4a90,0x00000007a5880000)
  to   space 115200K, 0% used [0x0000000798180000,0x0000000798180000,0x000000079f200000)
 ParOldGen       total 451584K, used 392556K [0x00000006c0000000, 0x00000006db900000, 0x000000076ab00000)
  object space 451584K, 86% used [0x00000006c0000000,0x00000006d7f5b0b8,0x00000006db900000)
 Metaspace       used 6671K, capacity 7348K, committed 7552K, reserved 1056768K
  class space    used 610K, capacity 620K, committed 640K, reserved 1048576K
}
Event: 19.386 GC heap before
{Heap before GC invocations=20 (full 4):
 PSYoungGen      total 848896K, used 85970K [0x000000076ab00000, 0x00000007a8380000, 0x00000007c0000000)
  eden space 743936K, 0% used [0x000000076ab00000,0x000000076ab00000,0x0000000798180000)
  from space 104960K, 81% used [0x000000079f200000,0x00000007a45f4a90,0x00000007a5880000)
  to   space 115200K, 0% used [0x0000000798180000,0x0000000798180000,0x000000079f200000)
 ParOldGen       total 451584K, used 392556K [0x00000006c0000000, 0x00000006db900000, 0x000000076ab00000)
  object space 451584K, 86% used [0x00000006c0000000,0x00000006d7f5b0b8,0x00000006db900000)
 Metaspace       used 6671K, capacity 7348K, committed 7552K, reserved 1056768K
  class space    used 610K, capacity 620K, committed 640K, reserved 1048576K

