# JRE version: OpenJDK Runtime Environment (8.0_152-b01) (build 1.8.0_152-release-915-b01)
# Java VM: OpenJDK 64-Bit Server VM (25.152-b01 mixed mode linux-amd64 compressed oops)
Heap:
 PSYoungGen      total 1094656K, used 41755K [0x000000076ab00000, 0x00000007c0000000, 0x00000007c0000000)
  eden space 883712K, 0% used [0x000000076ab00000,0x000000076ab00000,0x00000007a0a00000)
  from space 210944K, 19% used [0x00000007a0a00000,0x00000007a32c6e80,0x00000007ad800000)
  to   space 216064K, 0% used [0x00000007b2d00000,0x00000007b2d00000,0x00000007c0000000)
 ParOldGen       total 680448K, used 680322K [0x00000006c0000000, 0x00000006e9880000, 0x000000076ab00000)
  object space 680448K, 99% used [0x00000006c0000000,0x00000006e98608f0,0x00000006e9880000)
 Metaspace       used 6655K, capacity 7346K, committed 7552K, reserved 1056768K
  class space    used 607K, capacity 618K, committed 640K, reserved 1048576K
GC Heap History (10 events):
Event: 5.775 GC heap after
Heap after GC invocations=15 (full 3):
 PSYoungGen      total 844288K, used 107106K [0x000000076ab00000, 0x00000007a7680000, 0x00000007c0000000)
  eden space 731648K, 0% used [0x000000076ab00000,0x000000076ab00000,0x0000000797580000)
  from space 112640K, 95% used [0x00000007a0880000,0x00000007a7118ab8,0x00000007a7680000)
  to   space 131584K, 0% used [0x0000000797580000,0x0000000797580000,0x000000079f600000)
 ParOldGen       total 449024K, used 279489K [0x00000006c0000000, 0x00000006db680000, 0x000000076ab00000)
  object space 449024K, 62% used [0x00000006c0000000,0x00000006d10f0720,0x00000006db680000)
 Metaspace       used 6635K, capacity 7346K, committed 7552K, reserved 1056768K
  class space    used 606K, capacity 618K, committed 640K, reserved 1048576K
}
Event: 6.397 GC heap before
{Heap before GC invocations=16 (full 3):
 PSYoungGen      total 844288K, used 838754K [0x000000076ab00000, 0x00000007a7680000, 0x00000007c0000000)
  eden space 731648K, 100% used [0x000000076ab00000,0x0000000797580000,0x0000000797580000)
  from space 112640K, 95% used [0x00000007a0880000,0x00000007a7118ab8,0x00000007a7680000)
  to   space 131584K, 0% used [0x0000000797580000,0x0000000797580000,0x000000079f600000)
 ParOldGen       total 449024K, used 279489K [0x00000006c0000000, 0x00000006db680000, 0x000000076ab00000)
  object space 449024K, 62% used [0x00000006c0000000,0x00000006d10f0720,0x00000006db680000)
 Metaspace       used 6640K, capacity 7346K, committed 7552K, reserved 1056768K
  class space    used 606K, capacity 618K, committed 640K, reserved 1048576K
Event: 6.684 GC heap after
Heap after GC invocations=16 (full 3):
 PSYoungGen      total 863232K, used 131558K [0x000000076ab00000, 0x00000007b8c00000, 0x00000007c0000000)
  eden space 731648K, 0% used [0x000000076ab00000,0x000000076ab00000,0x0000000797580000)
  from space 131584K, 99% used [0x0000000797580000,0x000000079f5f9a80,0x000000079f600000)
  to   space 184320K, 0% used [0x00000007ad800000,0x00000007ad800000,0x00000007b8c00000)
 ParOldGen       total 449024K, used 361721K [0x00000006c0000000, 0x00000006db680000, 0x000000076ab00000)
  object space 449024K, 80% used [0x00000006c0000000,0x00000006d613e668,0x00000006db680000)
 Metaspace       used 6640K, capacity 7346K, committed 7552K, reserved 1056768K
  class space    used 606K, capacity 618K, committed 640K, reserved 1048576K
}
Event: 7.289 GC heap before
{Heap before GC invocations=17 (full 3):
 PSYoungGen      total 863232K, used 863206K [0x000000076ab00000, 0x00000007b8c00000, 0x00000007c0000000)
  eden space 731648K, 100% used [0x000000076ab00000,0x0000000797580000,0x0000000797580000)
  from space 131584K, 99% used [0x0000000797580000,0x000000079f5f9a80,0x000000079f600000)
  to   space 184320K, 0% used [0x00000007ad800000,0x00000007ad800000,0x00000007b8c00000)
 ParOldGen       total 449024K, used 361721K [0x00000006c0000000, 0x00000006db680000, 0x000000076ab00000)
  object space 449024K, 80% used [0x00000006c0000000,0x00000006d613e668,0x00000006db680000)
 Metaspace       used 6642K, capacity 7346K, committed 7552K, reserved 1056768K
  class space    used 606K, capacity 618K, committed 640K, reserved 1048576K
Event: 8.683 GC heap after
Heap after GC invocations=17 (full 3):
 PSYoungGen      total 1068032K, used 169588K [0x000000076ab00000, 0x00000007bf580000, 0x00000007c0000000)
  eden space 883712K, 0% used [0x000000076ab00000,0x000000076ab00000,0x00000007a0a00000)
  from space 184320K, 92% used [0x00000007ad800000,0x00000007b7d9d198,0x00000007b8c00000)
  to   space 210944K, 0% used [0x00000007a0a00000,0x00000007a0a00000,0x00000007ad800000)
 ParOldGen       total 449024K, used 435446K [0x00000006c0000000, 0x00000006db680000, 0x000000076ab00000)
  object space 449024K, 96% used [0x00000006c0000000,0x00000006da93db88,0x00000006db680000)
 Metaspace       used 6642K, capacity 7346K, committed 7552K, reserved 1056768K
  class space    used 606K, capacity 618K, committed 640K, reserved 1048576K
}
Event: 8.683 GC heap before
{Heap before GC invocations=18 (full 4):
 PSYoungGen      total 1068032K, used 169588K [0x000000076ab00000, 0x00000007bf580000, 0x00000007c0000000)
  eden space 883712K, 0% used [0x000000076ab00000,0x000000076ab00000,0x00000007a0a00000)
  from space 184320K, 92% used [0x00000007ad800000,0x00000007b7d9d198,0x00000007b8c00000)
  to   space 210944K, 0% used [0x00000007a0a00000,0x00000007a0a00000,0x00000007ad800000)
 ParOldGen       total 449024K, used 435446K [0x00000006c0000000, 0x00000006db680000, 0x000000076ab00000)
  object space 449024K, 96% used [0x00000006c0000000,0x00000006da93db88,0x00000006db680000)
 Metaspace       used 6642K, capacity 7346K, committed 7552K, reserved 1056768K
  class space    used 606K, capacity 618K, committed 640K, reserved 1048576K
Event: 10.062 GC heap after
Heap after GC invocations=18 (full 4):
 PSYoungGen      total 1068032K, used 151423K [0x000000076ab00000, 0x00000007bf580000, 0x00000007c0000000)
  eden space 883712K, 0% used [0x000000076ab00000,0x000000076ab00000,0x00000007a0a00000)
  from space 184320K, 82% used [0x00000007ad800000,0x00000007b6bdfc10,0x00000007b8c00000)
  to   space 210944K, 0% used [0x00000007a0a00000,0x00000007a0a00000,0x00000007ad800000)
 ParOldGen       total 680448K, used 448986K [0x00000006c0000000, 0x00000006e9880000, 0x000000076ab00000)
  object space 680448K, 65% used [0x00000006c0000000,0x00000006db676928,0x00000006e9880000)
 Metaspace       used 6642K, capacity 7346K, committed 7552K, reserved 1056768K
  class space    used 606K, capacity 618K, committed 640K, reserved 1048576K
}
Event: 15.912 GC heap before
{Heap before GC invocations=19 (full 4):
 PSYoungGen      total 1068032K, used 1035135K [0x000000076ab00000, 0x00000007bf580000, 0x00000007c0000000)
  eden space 883712K, 100% used [0x000000076ab00000,0x00000007a0a00000,0x00000007a0a00000)
  from space 184320K, 82% used [0x00000007ad800000,0x00000007b6bdfc10,0x00000007b8c00000)
  to   space 210944K, 0% used [0x00000007a0a00000,0x00000007a0a00000,0x00000007ad800000)
 ParOldGen       total 680448K, used 448986K [0x00000006c0000000, 0x00000006e9880000, 0x000000076ab00000)
  object space 680448K, 65% used [0x00000006c0000000,0x00000006db676928,0x00000006e9880000)
 Metaspace       used 6655K, capacity 7346K, committed 7552K, reserved 1056768K
  class space    used 607K, capacity 618K, committed 640K, reserved 1048576K
Event: 28.928 GC heap after
Heap after GC invocations=19 (full 4):
 PSYoungGen      total 1094656K, used 124883K [0x000000076ab00000, 0x00000007c0000000, 0x00000007c0000000)
  eden space 883712K, 0% used [0x000000076ab00000,0x000000076ab00000,0x00000007a0a00000)
  from space 210944K, 59% used [0x00000007a0a00000,0x00000007a83f4f00,0x00000007ad800000)
  to   space 216064K, 0% used [0x00000007b2d00000,0x00000007b2d00000,0x00000007c0000000)
 ParOldGen       total 680448K, used 601674K [0x00000006c0000000, 0x00000006e9880000, 0x000000076ab00000)
  object space 680448K, 88% used [0x00000006c0000000,0x00000006e4b929e0,0x00000006e9880000)
 Metaspace       used 6655K, capacity 7346K, committed 7552K, reserved 1056768K
  class space    used 607K, capacity 618K, committed 640K, reserved 1048576K
}
Event: 28.928 GC heap before
{Heap before GC invocations=20 (full 5):
 PSYoungGen      total 1094656K, used 124883K [0x000000076ab00000, 0x00000007c0000000, 0x00000007c0000000)
  eden space 883712K, 0% used [0x000000076ab00000,0x000000076ab00000,0x00000007a0a00000)
  from space 210944K, 59% used [0x00000007a0a00000,0x00000007a83f4f00,0x00000007ad800000)
  to   space 216064K, 0% used [0x00000007b2d00000,0x00000007b2d00000,0x00000007c0000000)
 ParOldGen       total 680448K, used 601674K [0x00000006c0000000, 0x00000006e9880000, 0x000000076ab00000)
  object space 680448K, 88% used [0x00000006c0000000,0x00000006e4b929e0,0x00000006e9880000)
 Metaspace       used 6655K, capacity 7346K, committed 7552K, reserved 1056768K
  class space    used 607K, capacity 618K, committed 640K, reserved 1048576K

