# JRE version: OpenJDK Runtime Environment (8.0_152-b01) (build 1.8.0_152-release-915-b01)
# Java VM: OpenJDK 64-Bit Server VM (25.152-b01 mixed mode linux-amd64 compressed oops)
Heap:
 PSYoungGen      total 1014784K, used 41807K [0x000000076ab00000, 0x00000007c0000000, 0x00000007c0000000)
  eden space 880640K, 0% used [0x000000076ab00000,0x000000076ab00000,0x00000007a0700000)
  from space 134144K, 31% used [0x00000007a0700000,0x00000007a2fd3cf0,0x00000007a8a00000)
  to   space 190976K, 0% used [0x00000007b4580000,0x00000007b4580000,0x00000007c0000000)
 ParOldGen       total 601600K, used 601480K [0x00000006c0000000, 0x00000006e4b80000, 0x000000076ab00000)
  object space 601600K, 99% used [0x00000006c0000000,0x00000006e4b62088,0x00000006e4b80000)
 Metaspace       used 6641K, capacity 7346K, committed 7552K, reserved 1056768K
  class space    used 606K, capacity 618K, committed 640K, reserved 1048576K
GC Heap History (10 events):
Event: 43.887 GC heap after
Heap after GC invocations=17 (full 3):
 PSYoungGen      total 702464K, used 43328K [0x000000076ab00000, 0x000000079db00000, 0x00000007c0000000)
  eden space 621568K, 0% used [0x000000076ab00000,0x000000076ab00000,0x0000000790a00000)
  from space 80896K, 53% used [0x0000000796180000,0x0000000798bd0040,0x000000079b080000)
  to   space 89600K, 0% used [0x0000000790a00000,0x0000000790a00000,0x0000000796180000)
 ParOldGen       total 418816K, used 275694K [0x00000006c0000000, 0x00000006d9900000, 0x000000076ab00000)
  object space 418816K, 65% used [0x00000006c0000000,0x00000006d0d3b920,0x00000006d9900000)
 Metaspace       used 6632K, capacity 7346K, committed 7552K, reserved 1056768K
  class space    used 606K, capacity 618K, committed 640K, reserved 1048576K
}
Event: 54.790 GC heap before
{Heap before GC invocations=18 (full 3):
 PSYoungGen      total 702464K, used 664896K [0x000000076ab00000, 0x000000079db00000, 0x00000007c0000000)
  eden space 621568K, 100% used [0x000000076ab00000,0x0000000790a00000,0x0000000790a00000)
  from space 80896K, 53% used [0x0000000796180000,0x0000000798bd0040,0x000000079b080000)
  to   space 89600K, 0% used [0x0000000790a00000,0x0000000790a00000,0x0000000796180000)
 ParOldGen       total 418816K, used 275694K [0x00000006c0000000, 0x00000006d9900000, 0x000000076ab00000)
  object space 418816K, 65% used [0x00000006c0000000,0x00000006d0d3b920,0x00000006d9900000)
 Metaspace       used 6639K, capacity 7346K, committed 7552K, reserved 1056768K
  class space    used 606K, capacity 618K, committed 640K, reserved 1048576K
Event: 62.933 GC heap after
Heap after GC invocations=18 (full 3):
 PSYoungGen      total 711168K, used 89578K [0x000000076ab00000, 0x00000007b0200000, 0x00000007c0000000)
  eden space 621568K, 0% used [0x000000076ab00000,0x000000076ab00000,0x0000000790a00000)
  from space 89600K, 99% used [0x0000000790a00000,0x000000079617a9b8,0x0000000796180000)
  to   space 122880K, 0% used [0x00000007a8a00000,0x00000007a8a00000,0x00000007b0200000)
 ParOldGen       total 418816K, used 325561K [0x00000006c0000000, 0x00000006d9900000, 0x000000076ab00000)
  object space 418816K, 77% used [0x00000006c0000000,0x00000006d3dee780,0x00000006d9900000)
 Metaspace       used 6639K, capacity 7346K, committed 7552K, reserved 1056768K
  class space    used 606K, capacity 618K, committed 640K, reserved 1048576K
}
Event: 71.697 GC heap before
{Heap before GC invocations=19 (full 3):
 PSYoungGen      total 711168K, used 711146K [0x000000076ab00000, 0x00000007b0200000, 0x00000007c0000000)
  eden space 621568K, 100% used [0x000000076ab00000,0x0000000790a00000,0x0000000790a00000)
  from space 89600K, 99% used [0x0000000790a00000,0x000000079617a9b8,0x0000000796180000)
  to   space 122880K, 0% used [0x00000007a8a00000,0x00000007a8a00000,0x00000007b0200000)
 ParOldGen       total 418816K, used 325561K [0x00000006c0000000, 0x00000006d9900000, 0x000000076ab00000)
  object space 418816K, 77% used [0x00000006c0000000,0x00000006d3dee780,0x00000006d9900000)
 Metaspace       used 6641K, capacity 7346K, committed 7552K, reserved 1056768K
  class space    used 606K, capacity 618K, committed 640K, reserved 1048576K
Event: 78.235 GC heap after
Heap after GC invocations=19 (full 3):
 PSYoungGen      total 1003520K, used 95706K [0x000000076ab00000, 0x00000007b1c80000, 0x00000007c0000000)
  eden space 880640K, 0% used [0x000000076ab00000,0x000000076ab00000,0x00000007a0700000)
  from space 122880K, 77% used [0x00000007a8a00000,0x00000007ae776918,0x00000007b0200000)
  to   space 134144K, 0% used [0x00000007a0700000,0x00000007a0700000,0x00000007a8a00000)
 ParOldGen       total 418816K, used 415579K [0x00000006c0000000, 0x00000006d9900000, 0x000000076ab00000)
  object space 418816K, 99% used [0x00000006c0000000,0x00000006d95d6dc0,0x00000006d9900000)
 Metaspace       used 6641K, capacity 7346K, committed 7552K, reserved 1056768K
  class space    used 606K, capacity 618K, committed 640K, reserved 1048576K
}
Event: 78.815 GC heap before
{Heap before GC invocations=20 (full 4):
 PSYoungGen      total 1003520K, used 95706K [0x000000076ab00000, 0x00000007b1c80000, 0x00000007c0000000)
  eden space 880640K, 0% used [0x000000076ab00000,0x000000076ab00000,0x00000007a0700000)
  from space 122880K, 77% used [0x00000007a8a00000,0x00000007ae776918,0x00000007b0200000)
  to   space 134144K, 0% used [0x00000007a0700000,0x00000007a0700000,0x00000007a8a00000)
 ParOldGen       total 418816K, used 415579K [0x00000006c0000000, 0x00000006d9900000, 0x000000076ab00000)
  object space 418816K, 99% used [0x00000006c0000000,0x00000006d95d6dc0,0x00000006d9900000)
 Metaspace       used 6641K, capacity 7346K, committed 7552K, reserved 1056768K
  class space    used 606K, capacity 618K, committed 640K, reserved 1048576K
Event: 81.202 GC heap after
Heap after GC invocations=20 (full 4):
 PSYoungGen      total 1003520K, used 90178K [0x000000076ab00000, 0x00000007b1c80000, 0x00000007c0000000)
  eden space 880640K, 0% used [0x000000076ab00000,0x000000076ab00000,0x00000007a0700000)
  from space 122880K, 73% used [0x00000007a8a00000,0x00000007ae2108d0,0x00000007b0200000)
  to   space 134144K, 0% used [0x00000007a0700000,0x00000007a0700000,0x00000007a8a00000)
 ParOldGen       total 601600K, used 418806K [0x00000006c0000000, 0x00000006e4b80000, 0x000000076ab00000)
  object space 601600K, 69% used [0x00000006c0000000,0x00000006d98fda68,0x00000006e4b80000)
 Metaspace       used 6641K, capacity 7346K, committed 7552K, reserved 1056768K
  class space    used 606K, capacity 618K, committed 640K, reserved 1048576K
}
Event: 96.182 GC heap before
{Heap before GC invocations=21 (full 4):
 PSYoungGen      total 1003520K, used 970818K [0x000000076ab00000, 0x00000007b1c80000, 0x00000007c0000000)
  eden space 880640K, 100% used [0x000000076ab00000,0x00000007a0700000,0x00000007a0700000)
  from space 122880K, 73% used [0x00000007a8a00000,0x00000007ae2108d0,0x00000007b0200000)
  to   space 134144K, 0% used [0x00000007a0700000,0x00000007a0700000,0x00000007a8a00000)
 ParOldGen       total 601600K, used 418806K [0x00000006c0000000, 0x00000006e4b80000, 0x000000076ab00000)
  object space 601600K, 69% used [0x00000006c0000000,0x00000006d98fda68,0x00000006e4b80000)
 Metaspace       used 6641K, capacity 7346K, committed 7552K, reserved 1056768K
  class space    used 606K, capacity 618K, committed 640K, reserved 1048576K
Event: 120.848 GC heap after
Heap after GC invocations=21 (full 4):
 PSYoungGen      total 1014784K, used 134135K [0x000000076ab00000, 0x00000007c0000000, 0x00000007c0000000)
  eden space 880640K, 0% used [0x000000076ab00000,0x000000076ab00000,0x00000007a0700000)
  from space 134144K, 99% used [0x00000007a0700000,0x00000007a89fdc50,0x00000007a8a00000)
  to   space 190976K, 0% used [0x00000007b4580000,0x00000007b4580000,0x00000007c0000000)
 ParOldGen       total 601600K, used 511844K [0x00000006c0000000, 0x00000006e4b80000, 0x000000076ab00000)
  object space 601600K, 85% used [0x00000006c0000000,0x00000006df3d92a0,0x00000006e4b80000)
 Metaspace       used 6641K, capacity 7346K, committed 7552K, reserved 1056768K
  class space    used 606K, capacity 618K, committed 640K, reserved 1048576K
}
Event: 120.848 GC heap before
{Heap before GC invocations=22 (full 5):
 PSYoungGen      total 1014784K, used 134135K [0x000000076ab00000, 0x00000007c0000000, 0x00000007c0000000)
  eden space 880640K, 0% used [0x000000076ab00000,0x000000076ab00000,0x00000007a0700000)
  from space 134144K, 99% used [0x00000007a0700000,0x00000007a89fdc50,0x00000007a8a00000)
  to   space 190976K, 0% used [0x00000007b4580000,0x00000007b4580000,0x00000007c0000000)
 ParOldGen       total 601600K, used 511844K [0x00000006c0000000, 0x00000006e4b80000, 0x000000076ab00000)
  object space 601600K, 85% used [0x00000006c0000000,0x00000006df3d92a0,0x00000006e4b80000)
 Metaspace       used 6641K, capacity 7346K, committed 7552K, reserved 1056768K
  class space    used 606K, capacity 618K, committed 640K, reserved 1048576K

