# JRE version: OpenJDK Runtime Environment (8.0_152-b01) (build 1.8.0_152-release-915-b01)
# Java VM: OpenJDK 64-Bit Server VM (25.152-b01 mixed mode linux-amd64 compressed oops)
Heap:
 PSYoungGen      total 834048K, used 113124K [0x000000076ab00000, 0x00000007a7300000, 0x00000007c0000000)
  eden space 720896K, 0% used [0x000000076ab00000,0x000000076ab00000,0x0000000796b00000)
  from space 113152K, 99% used [0x0000000796b00000,0x000000079d979298,0x000000079d980000)
  to   space 99840K, 0% used [0x000000079d980000,0x000000079d980000,0x00000007a3b00000)
 ParOldGen       total 640000K, used 499933K [0x00000006c0000000, 0x00000006e7100000, 0x000000076ab00000)
  object space 640000K, 78% used [0x00000006c0000000,0x00000006de8374b0,0x00000006e7100000)
 Metaspace       used 6684K, capacity 7348K, committed 7552K, reserved 1056768K
  class space    used 610K, capacity 620K, committed 640K, reserved 1048576K
GC Heap History (10 events):
Event: 13.048 GC heap after
Heap after GC invocations=17 (full 3):
 PSYoungGen      total 691712K, used 55334K [0x000000076ab00000, 0x000000079e580000, 0x00000007c0000000)
  eden space 612864K, 0% used [0x000000076ab00000,0x000000076ab00000,0x0000000790180000)
  from space 78848K, 70% used [0x0000000795300000,0x0000000798909898,0x000000079a000000)
  to   space 83456K, 0% used [0x0000000790180000,0x0000000790180000,0x0000000795300000)
 ParOldGen       total 321536K, used 271818K [0x00000006c0000000, 0x00000006d3a00000, 0x000000076ab00000)
  object space 321536K, 84% used [0x00000006c0000000,0x00000006d09729a8,0x00000006d3a00000)
 Metaspace       used 6666K, capacity 7348K, committed 7552K, reserved 1056768K
  class space    used 609K, capacity 620K, committed 640K, reserved 1048576K
}
Event: 13.048 GC heap before
{Heap before GC invocations=18 (full 4):
 PSYoungGen      total 691712K, used 55334K [0x000000076ab00000, 0x000000079e580000, 0x00000007c0000000)
  eden space 612864K, 0% used [0x000000076ab00000,0x000000076ab00000,0x0000000790180000)
  from space 78848K, 70% used [0x0000000795300000,0x0000000798909898,0x000000079a000000)
  to   space 83456K, 0% used [0x0000000790180000,0x0000000790180000,0x0000000795300000)
 ParOldGen       total 321536K, used 271818K [0x00000006c0000000, 0x00000006d3a00000, 0x000000076ab00000)
  object space 321536K, 84% used [0x00000006c0000000,0x00000006d09729a8,0x00000006d3a00000)
 Metaspace       used 6666K, capacity 7348K, committed 7552K, reserved 1056768K
  class space    used 609K, capacity 620K, committed 640K, reserved 1048576K
Event: 13.524 GC heap after
Heap after GC invocations=18 (full 4):
 PSYoungGen      total 691712K, used 0K [0x000000076ab00000, 0x000000079e580000, 0x00000007c0000000)
  eden space 612864K, 0% used [0x000000076ab00000,0x000000076ab00000,0x0000000790180000)
  from space 78848K, 0% used [0x0000000795300000,0x0000000795300000,0x000000079a000000)
  to   space 83456K, 0% used [0x0000000790180000,0x0000000790180000,0x0000000795300000)
 ParOldGen       total 460800K, used 319519K [0x00000006c0000000, 0x00000006dc200000, 0x000000076ab00000)
  object space 460800K, 69% used [0x00000006c0000000,0x00000006d3807f70,0x00000006dc200000)
 Metaspace       used 6666K, capacity 7348K, committed 7552K, reserved 1056768K
  class space    used 609K, capacity 620K, committed 640K, reserved 1048576K
}
Event: 19.200 GC heap before
{Heap before GC invocations=19 (full 4):
 PSYoungGen      total 691712K, used 612864K [0x000000076ab00000, 0x000000079e580000, 0x00000007c0000000)
  eden space 612864K, 100% used [0x000000076ab00000,0x0000000790180000,0x0000000790180000)
  from space 78848K, 0% used [0x0000000795300000,0x0000000795300000,0x000000079a000000)
  to   space 83456K, 0% used [0x0000000790180000,0x0000000790180000,0x0000000795300000)
 ParOldGen       total 460800K, used 319519K [0x00000006c0000000, 0x00000006dc200000, 0x000000076ab00000)
  object space 460800K, 69% used [0x00000006c0000000,0x00000006d3807f70,0x00000006dc200000)
 Metaspace       used 6678K, capacity 7348K, committed 7552K, reserved 1056768K
  class space    used 610K, capacity 620K, committed 640K, reserved 1048576K
Event: 19.285 GC heap after
Heap after GC invocations=19 (full 4):
 PSYoungGen      total 696320K, used 83456K [0x000000076ab00000, 0x00000007a3b00000, 0x00000007c0000000)
  eden space 612864K, 0% used [0x000000076ab00000,0x000000076ab00000,0x0000000790180000)
  from space 83456K, 100% used [0x0000000790180000,0x0000000795300000,0x0000000795300000)
  to   space 99840K, 0% used [0x000000079d980000,0x000000079d980000,0x00000007a3b00000)
 ParOldGen       total 460800K, used 326625K [0x00000006c0000000, 0x00000006dc200000, 0x000000076ab00000)
  object space 460800K, 70% used [0x00000006c0000000,0x00000006d3ef87a0,0x00000006dc200000)
 Metaspace       used 6678K, capacity 7348K, committed 7552K, reserved 1056768K
  class space    used 610K, capacity 620K, committed 640K, reserved 1048576K
}
Event: 22.823 GC heap before
{Heap before GC invocations=20 (full 4):
 PSYoungGen      total 696320K, used 696320K [0x000000076ab00000, 0x00000007a3b00000, 0x00000007c0000000)
  eden space 612864K, 100% used [0x000000076ab00000,0x0000000790180000,0x0000000790180000)
  from space 83456K, 100% used [0x0000000790180000,0x0000000795300000,0x0000000795300000)
  to   space 99840K, 0% used [0x000000079d980000,0x000000079d980000,0x00000007a3b00000)
 ParOldGen       total 460800K, used 326625K [0x00000006c0000000, 0x00000006dc200000, 0x000000076ab00000)
  object space 460800K, 70% used [0x00000006c0000000,0x00000006d3ef87a0,0x00000006dc200000)
 Metaspace       used 6684K, capacity 7348K, committed 7552K, reserved 1056768K
  class space    used 610K, capacity 620K, committed 640K, reserved 1048576K
Event: 33.393 GC heap after
Heap after GC invocations=20 (full 4):
 PSYoungGen      total 820736K, used 90999K [0x000000076ab00000, 0x00000007a7300000, 0x00000007c0000000)
  eden space 720896K, 0% used [0x000000076ab00000,0x000000076ab00000,0x0000000796b00000)
  from space 99840K, 91% used [0x000000079d980000,0x00000007a325de68,0x00000007a3b00000)
  to   space 113152K, 0% used [0x0000000796b00000,0x0000000796b00000,0x000000079d980000)
 ParOldGen       total 460800K, used 410048K [0x00000006c0000000, 0x00000006dc200000, 0x000000076ab00000)
  object space 460800K, 88% used [0x00000006c0000000,0x00000006d9070340,0x00000006dc200000)
 Metaspace       used 6684K, capacity 7348K, committed 7552K, reserved 1056768K
  class space    used 610K, capacity 620K, committed 640K, reserved 1048576K
}
Event: 33.393 GC heap before
{Heap before GC invocations=21 (full 5):
 PSYoungGen      total 820736K, used 90999K [0x000000076ab00000, 0x00000007a7300000, 0x00000007c0000000)
  eden space 720896K, 0% used [0x000000076ab00000,0x000000076ab00000,0x0000000796b00000)
  from space 99840K, 91% used [0x000000079d980000,0x00000007a325de68,0x00000007a3b00000)
  to   space 113152K, 0% used [0x0000000796b00000,0x0000000796b00000,0x000000079d980000)
 ParOldGen       total 460800K, used 410048K [0x00000006c0000000, 0x00000006dc200000, 0x000000076ab00000)
  object space 460800K, 88% used [0x00000006c0000000,0x00000006d9070340,0x00000006dc200000)
 Metaspace       used 6684K, capacity 7348K, committed 7552K, reserved 1056768K
  class space    used 610K, capacity 620K, committed 640K, reserved 1048576K
Event: 35.838 GC heap after
Heap after GC invocations=21 (full 5):
 PSYoungGen      total 820736K, used 38551K [0x000000076ab00000, 0x00000007a7300000, 0x00000007c0000000)
  eden space 720896K, 0% used [0x000000076ab00000,0x000000076ab00000,0x0000000796b00000)
  from space 99840K, 38% used [0x000000079d980000,0x000000079ff25e48,0x00000007a3b00000)
  to   space 113152K, 0% used [0x0000000796b00000,0x0000000796b00000,0x000000079d980000)
 ParOldGen       total 640000K, used 460691K [0x00000006c0000000, 0x00000006e7100000, 0x000000076ab00000)
  object space 640000K, 71% used [0x00000006c0000000,0x00000006dc1e4f38,0x00000006e7100000)
 Metaspace       used 6684K, capacity 7348K, committed 7552K, reserved 1056768K
  class space    used 610K, capacity 620K, committed 640K, reserved 1048576K
}
Event: 44.318 GC heap before
{Heap before GC invocations=22 (full 5):
 PSYoungGen      total 820736K, used 759447K [0x000000076ab00000, 0x00000007a7300000, 0x00000007c0000000)
  eden space 720896K, 100% used [0x000000076ab00000,0x0000000796b00000,0x0000000796b00000)
  from space 99840K, 38% used [0x000000079d980000,0x000000079ff25e48,0x00000007a3b00000)
  to   space 113152K, 0% used [0x0000000796b00000,0x0000000796b00000,0x000000079d980000)
 ParOldGen       total 640000K, used 460691K [0x00000006c0000000, 0x00000006e7100000, 0x000000076ab00000)
  object space 640000K, 71% used [0x00000006c0000000,0x00000006dc1e4f38,0x00000006e7100000)
 Metaspace       used 6684K, capacity 7348K, committed 7552K, reserved 1056768K
  class space    used 610K, capacity 620K, committed 640K, reserved 1048576K

