# JRE version: OpenJDK Runtime Environment (8.0_152-b01) (build 1.8.0_152-release-915-b01)
# Java VM: OpenJDK 64-Bit Server VM (25.152-b01 mixed mode linux-amd64 compressed oops)
Heap:
 PSYoungGen      total 1092096K, used 24534K [0x000000076ab00000, 0x00000007c0000000, 0x00000007c0000000)
  eden space 823296K, 0% used [0x000000076ab00000,0x000000076ab00000,0x000000079cf00000)
  from space 268800K, 9% used [0x00000007af400000,0x00000007b0bf5ba8,0x00000007bfa80000)
  to   space 287232K, 0% used [0x000000079cf00000,0x000000079cf00000,0x00000007ae780000)
 ParOldGen       total 920576K, used 920248K [0x00000006c0000000, 0x00000006f8300000, 0x000000076ab00000)
  object space 920576K, 99% used [0x00000006c0000000,0x00000006f82ae160,0x00000006f8300000)
 Metaspace       used 6866K, capacity 7512K, committed 7680K, reserved 1056768K
  class space    used 622K, capacity 656K, committed 768K, reserved 1048576K
GC Heap History (10 events):
Event: 7.752 GC heap after
Heap after GC invocations=21 (full 4):
 PSYoungGen      total 851456K, used 108313K [0x000000076ab00000, 0x00000007ae300000, 0x00000007c0000000)
  eden space 713216K, 0% used [0x000000076ab00000,0x000000076ab00000,0x0000000796380000)
  from space 138240K, 78% used [0x0000000796380000,0x000000079cd467e0,0x000000079ea80000)
  to   space 150528K, 0% used [0x00000007a5000000,0x00000007a5000000,0x00000007ae300000)
 ParOldGen       total 647680K, used 491657K [0x00000006c0000000, 0x00000006e7880000, 0x000000076ab00000)
  object space 647680K, 75% used [0x00000006c0000000,0x00000006de022560,0x00000006e7880000)
 Metaspace       used 6638K, capacity 7346K, committed 7552K, reserved 1056768K
  class space    used 607K, capacity 618K, committed 640K, reserved 1048576K
}
Event: 8.277 GC heap before
{Heap before GC invocations=22 (full 4):
 PSYoungGen      total 851456K, used 821529K [0x000000076ab00000, 0x00000007ae300000, 0x00000007c0000000)
  eden space 713216K, 100% used [0x000000076ab00000,0x0000000796380000,0x0000000796380000)
  from space 138240K, 78% used [0x0000000796380000,0x000000079cd467e0,0x000000079ea80000)
  to   space 150528K, 0% used [0x00000007a5000000,0x00000007a5000000,0x00000007ae300000)
 ParOldGen       total 647680K, used 491657K [0x00000006c0000000, 0x00000006e7880000, 0x000000076ab00000)
  object space 647680K, 75% used [0x00000006c0000000,0x00000006de022560,0x00000006e7880000)
 Metaspace       used 6641K, capacity 7346K, committed 7552K, reserved 1056768K
  class space    used 607K, capacity 618K, committed 640K, reserved 1048576K
Event: 8.478 GC heap after
Heap after GC invocations=22 (full 4):
 PSYoungGen      total 904192K, used 150513K [0x000000076ab00000, 0x00000007b4c80000, 0x00000007c0000000)
  eden space 753664K, 0% used [0x000000076ab00000,0x000000076ab00000,0x0000000798b00000)
  from space 150528K, 99% used [0x00000007a5000000,0x00000007ae2fc450,0x00000007ae300000)
  to   space 201728K, 0% used [0x0000000798b00000,0x0000000798b00000,0x00000007a5000000)
 ParOldGen       total 647680K, used 561070K [0x00000006c0000000, 0x00000006e7880000, 0x000000076ab00000)
  object space 647680K, 86% used [0x00000006c0000000,0x00000006e23eb940,0x00000006e7880000)
 Metaspace       used 6641K, capacity 7346K, committed 7552K, reserved 1056768K
  class space    used 607K, capacity 618K, committed 640K, reserved 1048576K
}
Event: 8.478 GC heap before
{Heap before GC invocations=23 (full 5):
 PSYoungGen      total 904192K, used 150513K [0x000000076ab00000, 0x00000007b4c80000, 0x00000007c0000000)
  eden space 753664K, 0% used [0x000000076ab00000,0x000000076ab00000,0x0000000798b00000)
  from space 150528K, 99% used [0x00000007a5000000,0x00000007ae2fc450,0x00000007ae300000)
  to   space 201728K, 0% used [0x0000000798b00000,0x0000000798b00000,0x00000007a5000000)
 ParOldGen       total 647680K, used 561070K [0x00000006c0000000, 0x00000006e7880000, 0x000000076ab00000)
  object space 647680K, 86% used [0x00000006c0000000,0x00000006e23eb940,0x00000006e7880000)
 Metaspace       used 6641K, capacity 7346K, committed 7552K, reserved 1056768K
  class space    used 607K, capacity 618K, committed 640K, reserved 1048576K
Event: 12.419 GC heap after
Heap after GC invocations=23 (full 5):
 PSYoungGen      total 904192K, used 58671K [0x000000076ab00000, 0x00000007b4c80000, 0x00000007c0000000)
  eden space 753664K, 0% used [0x000000076ab00000,0x000000076ab00000,0x0000000798b00000)
  from space 150528K, 38% used [0x00000007a5000000,0x00000007a894bcb0,0x00000007ae300000)
  to   space 201728K, 0% used [0x0000000798b00000,0x0000000798b00000,0x00000007a5000000)
 ParOldGen       total 906240K, used 647327K [0x00000006c0000000, 0x00000006f7500000, 0x000000076ab00000)
  object space 906240K, 71% used [0x00000006c0000000,0x00000006e7827cf8,0x00000006f7500000)
 Metaspace       used 6641K, capacity 7346K, committed 7552K, reserved 1056768K
  class space    used 607K, capacity 618K, committed 640K, reserved 1048576K
}
Event: 24.502 GC heap before
{Heap before GC invocations=24 (full 5):
 PSYoungGen      total 904192K, used 812335K [0x000000076ab00000, 0x00000007b4c80000, 0x00000007c0000000)
  eden space 753664K, 100% used [0x000000076ab00000,0x0000000798b00000,0x0000000798b00000)
  from space 150528K, 38% used [0x00000007a5000000,0x00000007a894bcb0,0x00000007ae300000)
  to   space 201728K, 0% used [0x0000000798b00000,0x0000000798b00000,0x00000007a5000000)
 ParOldGen       total 906240K, used 647327K [0x00000006c0000000, 0x00000006f7500000, 0x000000076ab00000)
  object space 906240K, 71% used [0x00000006c0000000,0x00000006e7827cf8,0x00000006f7500000)
 Metaspace       used 6799K, capacity 7480K, committed 7552K, reserved 1056768K
  class space    used 617K, capacity 624K, committed 640K, reserved 1048576K
Event: 32.807 GC heap after
Heap after GC invocations=24 (full 5):
 PSYoungGen      total 955392K, used 201716K [0x000000076ab00000, 0x00000007bfa80000, 0x00000007c0000000)
  eden space 753664K, 0% used [0x000000076ab00000,0x000000076ab00000,0x0000000798b00000)
  from space 201728K, 99% used [0x0000000798b00000,0x00000007a4ffd1d0,0x00000007a5000000)
  to   space 268800K, 0% used [0x00000007af400000,0x00000007af400000,0x00000007bfa80000)
 ParOldGen       total 906240K, used 734405K [0x00000006c0000000, 0x00000006f7500000, 0x000000076ab00000)
  object space 906240K, 81% used [0x00000006c0000000,0x00000006ecd315b0,0x00000006f7500000)
 Metaspace       used 6799K, capacity 7480K, committed 7552K, reserved 1056768K
  class space    used 617K, capacity 624K, committed 640K, reserved 1048576K
}
Event: 36.414 GC heap before
{Heap before GC invocations=25 (full 5):
 PSYoungGen      total 955392K, used 955380K [0x000000076ab00000, 0x00000007bfa80000, 0x00000007c0000000)
  eden space 753664K, 100% used [0x000000076ab00000,0x0000000798b00000,0x0000000798b00000)
  from space 201728K, 99% used [0x0000000798b00000,0x00000007a4ffd1d0,0x00000007a5000000)
  to   space 268800K, 0% used [0x00000007af400000,0x00000007af400000,0x00000007bfa80000)
 ParOldGen       total 906240K, used 734405K [0x00000006c0000000, 0x00000006f7500000, 0x000000076ab00000)
  object space 906240K, 81% used [0x00000006c0000000,0x00000006ecd315b0,0x00000006f7500000)
 Metaspace       used 6866K, capacity 7512K, committed 7680K, reserved 1056768K
  class space    used 622K, capacity 656K, committed 768K, reserved 1048576K
Event: 61.813 GC heap after
Heap after GC invocations=25 (full 5):
 PSYoungGen      total 1092096K, used 191140K [0x000000076ab00000, 0x00000007c0000000, 0x00000007c0000000)
  eden space 823296K, 0% used [0x000000076ab00000,0x000000076ab00000,0x000000079cf00000)
  from space 268800K, 71% used [0x00000007af400000,0x00000007baea9210,0x00000007bfa80000)
  to   space 287232K, 0% used [0x000000079cf00000,0x000000079cf00000,0x00000007ae780000)
 ParOldGen       total 920576K, used 919644K [0x00000006c0000000, 0x00000006f8300000, 0x000000076ab00000)
  object space 920576K, 99% used [0x00000006c0000000,0x00000006f8217318,0x00000006f8300000)
 Metaspace       used 6866K, capacity 7512K, committed 7680K, reserved 1056768K
  class space    used 622K, capacity 656K, committed 768K, reserved 1048576K
}
Event: 68.376 GC heap before
{Heap before GC invocations=26 (full 6):
 PSYoungGen      total 1092096K, used 191140K [0x000000076ab00000, 0x00000007c0000000, 0x00000007c0000000)
  eden space 823296K, 0% used [0x000000076ab00000,0x000000076ab00000,0x000000079cf00000)
  from space 268800K, 71% used [0x00000007af400000,0x00000007baea9210,0x00000007bfa80000)
  to   space 287232K, 0% used [0x000000079cf00000,0x000000079cf00000,0x00000007ae780000)
 ParOldGen       total 920576K, used 919644K [0x00000006c0000000, 0x00000006f8300000, 0x000000076ab00000)
  object space 920576K, 99% used [0x00000006c0000000,0x00000006f8217318,0x00000006f8300000)
 Metaspace       used 6866K, capacity 7512K, committed 7680K, reserved 1056768K
  class space    used 622K, capacity 656K, committed 768K, reserved 1048576K

