# JRE version: OpenJDK Runtime Environment (8.0_152-b01) (build 1.8.0_152-release-915-b01)
# Java VM: OpenJDK 64-Bit Server VM (25.152-b01 mixed mode linux-amd64 compressed oops)
Heap:
 PSYoungGen      total 725504K, used 95210K [0x000000076ab00000, 0x000000079f080000, 0x00000007c0000000)
  eden space 630272K, 0% used [0x000000076ab00000,0x000000076ab00000,0x0000000791280000)
  from space 95232K, 99% used [0x0000000791280000,0x0000000796f7a918,0x0000000796f80000)
  to   space 84480K, 0% used [0x0000000796f80000,0x0000000796f80000,0x000000079c200000)
 ParOldGen       total 387584K, used 380754K [0x00000006c0000000, 0x00000006d7a80000, 0x000000076ab00000)
  object space 387584K, 98% used [0x00000006c0000000,0x00000006d73d4b00,0x00000006d7a80000)
 Metaspace       used 6623K, capacity 7344K, committed 7552K, reserved 1056768K
  class space    used 604K, capacity 616K, committed 640K, reserved 1048576K
GC Heap History (10 events):
Event: 5.901 GC heap after
Heap after GC invocations=14 (full 2):
 PSYoungGen      total 423424K, used 46778K [0x000000076ab00000, 0x0000000792400000, 0x00000007c0000000)
  eden space 367104K, 0% used [0x000000076ab00000,0x000000076ab00000,0x0000000781180000)
  from space 56320K, 83% used [0x0000000781180000,0x0000000783f2e888,0x0000000784880000)
  to   space 76800K, 0% used [0x000000078d900000,0x000000078d900000,0x0000000792400000)
 ParOldGen       total 256000K, used 161214K [0x00000006c0000000, 0x00000006cfa00000, 0x000000076ab00000)
  object space 256000K, 62% used [0x00000006c0000000,0x00000006c9d6f838,0x00000006cfa00000)
 Metaspace       used 6588K, capacity 7344K, committed 7552K, reserved 1056768K
  class space    used 602K, capacity 616K, committed 640K, reserved 1048576K
}
Event: 10.340 GC heap before
{Heap before GC invocations=15 (full 2):
 PSYoungGen      total 423424K, used 413882K [0x000000076ab00000, 0x0000000792400000, 0x00000007c0000000)
  eden space 367104K, 100% used [0x000000076ab00000,0x0000000781180000,0x0000000781180000)
  from space 56320K, 83% used [0x0000000781180000,0x0000000783f2e888,0x0000000784880000)
  to   space 76800K, 0% used [0x000000078d900000,0x000000078d900000,0x0000000792400000)
 ParOldGen       total 256000K, used 161214K [0x00000006c0000000, 0x00000006cfa00000, 0x000000076ab00000)
  object space 256000K, 62% used [0x00000006c0000000,0x00000006c9d6f838,0x00000006cfa00000)
 Metaspace       used 6603K, capacity 7344K, committed 7552K, reserved 1056768K
  class space    used 604K, capacity 616K, committed 640K, reserved 1048576K
Event: 11.739 GC heap after
Heap after GC invocations=15 (full 2):
 PSYoungGen      total 546816K, used 48503K [0x000000076ab00000, 0x0000000791b00000, 0x00000007c0000000)
  eden space 479232K, 0% used [0x000000076ab00000,0x000000076ab00000,0x0000000787f00000)
  from space 67584K, 71% used [0x000000078d900000,0x000000079085de60,0x0000000791b00000)
  to   space 79872K, 0% used [0x0000000787f00000,0x0000000787f00000,0x000000078cd00000)
 ParOldGen       total 256000K, used 207404K [0x00000006c0000000, 0x00000006cfa00000, 0x000000076ab00000)
  object space 256000K, 81% used [0x00000006c0000000,0x00000006cca8b238,0x00000006cfa00000)
 Metaspace       used 6603K, capacity 7344K, committed 7552K, reserved 1056768K
  class space    used 604K, capacity 616K, committed 640K, reserved 1048576K
}
Event: 15.000 GC heap before
{Heap before GC invocations=16 (full 2):
 PSYoungGen      total 546816K, used 527735K [0x000000076ab00000, 0x0000000791b00000, 0x00000007c0000000)
  eden space 479232K, 100% used [0x000000076ab00000,0x0000000787f00000,0x0000000787f00000)
  from space 67584K, 71% used [0x000000078d900000,0x000000079085de60,0x0000000791b00000)
  to   space 79872K, 0% used [0x0000000787f00000,0x0000000787f00000,0x000000078cd00000)
 ParOldGen       total 256000K, used 207404K [0x00000006c0000000, 0x00000006cfa00000, 0x000000076ab00000)
  object space 256000K, 81% used [0x00000006c0000000,0x00000006cca8b238,0x00000006cfa00000)
 Metaspace       used 6612K, capacity 7344K, committed 7552K, reserved 1056768K
  class space    used 604K, capacity 616K, committed 640K, reserved 1048576K
Event: 17.598 GC heap after
Heap after GC invocations=16 (full 2):
 PSYoungGen      total 559104K, used 55818K [0x000000076ab00000, 0x000000079c200000, 0x00000007c0000000)
  eden space 479232K, 0% used [0x000000076ab00000,0x000000076ab00000,0x0000000787f00000)
  from space 79872K, 69% used [0x0000000787f00000,0x000000078b582a40,0x000000078cd00000)
  to   space 84480K, 0% used [0x0000000796f80000,0x0000000796f80000,0x000000079c200000)
 ParOldGen       total 256000K, used 255723K [0x00000006c0000000, 0x00000006cfa00000, 0x000000076ab00000)
  object space 256000K, 99% used [0x00000006c0000000,0x00000006cf9badb0,0x00000006cfa00000)
 Metaspace       used 6612K, capacity 7344K, committed 7552K, reserved 1056768K
  class space    used 604K, capacity 616K, committed 640K, reserved 1048576K
}
Event: 18.283 GC heap before
{Heap before GC invocations=17 (full 3):
 PSYoungGen      total 559104K, used 55818K [0x000000076ab00000, 0x000000079c200000, 0x00000007c0000000)
  eden space 479232K, 0% used [0x000000076ab00000,0x000000076ab00000,0x0000000787f00000)
  from space 79872K, 69% used [0x0000000787f00000,0x000000078b582a40,0x000000078cd00000)
  to   space 84480K, 0% used [0x0000000796f80000,0x0000000796f80000,0x000000079c200000)
 ParOldGen       total 256000K, used 255723K [0x00000006c0000000, 0x00000006cfa00000, 0x000000076ab00000)
  object space 256000K, 99% used [0x00000006c0000000,0x00000006cf9badb0,0x00000006cfa00000)
 Metaspace       used 6612K, capacity 7344K, committed 7552K, reserved 1056768K
  class space    used 604K, capacity 616K, committed 640K, reserved 1048576K
Event: 18.837 GC heap after
Heap after GC invocations=17 (full 3):
 PSYoungGen      total 559104K, used 48791K [0x000000076ab00000, 0x000000079c200000, 0x00000007c0000000)
  eden space 479232K, 0% used [0x000000076ab00000,0x000000076ab00000,0x0000000787f00000)
  from space 79872K, 61% used [0x0000000787f00000,0x000000078aea5df0,0x000000078cd00000)
  to   space 84480K, 0% used [0x0000000796f80000,0x0000000796f80000,0x000000079c200000)
 ParOldGen       total 387584K, used 255782K [0x00000006c0000000, 0x00000006d7a80000, 0x000000076ab00000)
  object space 387584K, 65% used [0x00000006c0000000,0x00000006cf9c9958,0x00000006d7a80000)
 Metaspace       used 6612K, capacity 7344K, committed 7552K, reserved 1056768K
  class space    used 604K, capacity 616K, committed 640K, reserved 1048576K
}
Event: 21.576 GC heap before
{Heap before GC invocations=18 (full 3):
 PSYoungGen      total 559104K, used 528023K [0x000000076ab00000, 0x000000079c200000, 0x00000007c0000000)
  eden space 479232K, 100% used [0x000000076ab00000,0x0000000787f00000,0x0000000787f00000)
  from space 79872K, 61% used [0x0000000787f00000,0x000000078aea5df0,0x000000078cd00000)
  to   space 84480K, 0% used [0x0000000796f80000,0x0000000796f80000,0x000000079c200000)
 ParOldGen       total 387584K, used 255782K [0x00000006c0000000, 0x00000006d7a80000, 0x000000076ab00000)
  object space 387584K, 65% used [0x00000006c0000000,0x00000006cf9c9958,0x00000006d7a80000)
 Metaspace       used 6616K, capacity 7344K, committed 7552K, reserved 1056768K
  class space    used 604K, capacity 616K, committed 640K, reserved 1048576K
Event: 23.927 GC heap after
Heap after GC invocations=18 (full 3):
 PSYoungGen      total 714752K, used 75168K [0x000000076ab00000, 0x000000079f080000, 0x00000007c0000000)
  eden space 630272K, 0% used [0x000000076ab00000,0x000000076ab00000,0x0000000791280000)
  from space 84480K, 88% used [0x0000000796f80000,0x000000079b8e81e0,0x000000079c200000)
  to   space 95232K, 0% used [0x0000000791280000,0x0000000791280000,0x0000000796f80000)
 ParOldGen       total 387584K, used 304712K [0x00000006c0000000, 0x00000006d7a80000, 0x000000076ab00000)
  object space 387584K, 78% used [0x00000006c0000000,0x00000006d2992170,0x00000006d7a80000)
 Metaspace       used 6616K, capacity 7344K, committed 7552K, reserved 1056768K
  class space    used 604K, capacity 616K, committed 640K, reserved 1048576K
}
Event: 33.207 GC heap before
{Heap before GC invocations=19 (full 3):
 PSYoungGen      total 714752K, used 705440K [0x000000076ab00000, 0x000000079f080000, 0x00000007c0000000)
  eden space 630272K, 100% used [0x000000076ab00000,0x0000000791280000,0x0000000791280000)
  from space 84480K, 88% used [0x0000000796f80000,0x000000079b8e81e0,0x000000079c200000)
  to   space 95232K, 0% used [0x0000000791280000,0x0000000791280000,0x0000000796f80000)
 ParOldGen       total 387584K, used 304712K [0x00000006c0000000, 0x00000006d7a80000, 0x000000076ab00000)
  object space 387584K, 78% used [0x00000006c0000000,0x00000006d2992170,0x00000006d7a80000)
 Metaspace       used 6623K, capacity 7344K, committed 7552K, reserved 1056768K
  class space    used 604K, capacity 616K, committed 640K, reserved 1048576K

