# JRE version: OpenJDK Runtime Environment (8.0_152-b01) (build 1.8.0_152-release-915-b01)
# Java VM: OpenJDK 64-Bit Server VM (25.152-b01 mixed mode linux-amd64 compressed oops)
Heap:
 PSYoungGen      total 950784K, used 71831K [0x000000076ab00000, 0x00000007ac600000, 0x00000007c0000000)
  eden space 825344K, 0% used [0x000000076ab00000,0x000000076ab00000,0x000000079d100000)
  from space 125440K, 57% used [0x000000079d100000,0x00000007a1725ff0,0x00000007a4b80000)
  to   space 79872K, 0% used [0x00000007a7800000,0x00000007a7800000,0x00000007ac600000)
 ParOldGen       total 805376K, used 761103K [0x00000006c0000000, 0x00000006f1280000, 0x000000076ab00000)
  object space 805376K, 94% used [0x00000006c0000000,0x00000006ee743c00,0x00000006f1280000)
 Metaspace       used 6629K, capacity 7344K, committed 7552K, reserved 1056768K
  class space    used 605K, capacity 616K, committed 640K, reserved 1048576K
GC Heap History (10 events):
Event: 39.037 GC heap after
Heap after GC invocations=20 (full 5):
 PSYoungGen      total 753152K, used 74242K [0x000000076ab00000, 0x00000007a3780000, 0x00000007c0000000)
  eden space 644608K, 0% used [0x000000076ab00000,0x000000076ab00000,0x0000000792080000)
  from space 108544K, 68% used [0x0000000799200000,0x000000079da80908,0x000000079fc00000)
  to   space 116224K, 0% used [0x0000000792080000,0x0000000792080000,0x0000000799200000)
 ParOldGen       total 585728K, used 426449K [0x00000006c0000000, 0x00000006e3c00000, 0x000000076ab00000)
  object space 585728K, 72% used [0x00000006c0000000,0x00000006da0745f0,0x00000006e3c00000)
 Metaspace       used 6617K, capacity 7344K, committed 7552K, reserved 1056768K
  class space    used 604K, capacity 616K, committed 640K, reserved 1048576K
}
Event: 47.027 GC heap before
{Heap before GC invocations=21 (full 5):
 PSYoungGen      total 753152K, used 718850K [0x000000076ab00000, 0x00000007a3780000, 0x00000007c0000000)
  eden space 644608K, 100% used [0x000000076ab00000,0x0000000792080000,0x0000000792080000)
  from space 108544K, 68% used [0x0000000799200000,0x000000079da80908,0x000000079fc00000)
  to   space 116224K, 0% used [0x0000000792080000,0x0000000792080000,0x0000000799200000)
 ParOldGen       total 585728K, used 426449K [0x00000006c0000000, 0x00000006e3c00000, 0x000000076ab00000)
  object space 585728K, 72% used [0x00000006c0000000,0x00000006da0745f0,0x00000006e3c00000)
 Metaspace       used 6617K, capacity 7344K, committed 7552K, reserved 1056768K
  class space    used 604K, capacity 616K, committed 640K, reserved 1048576K
Event: 48.982 GC heap after
Heap after GC invocations=21 (full 5):
 PSYoungGen      total 760832K, used 101554K [0x000000076ab00000, 0x00000007af800000, 0x00000007c0000000)
  eden space 644608K, 0% used [0x000000076ab00000,0x000000076ab00000,0x0000000792080000)
  from space 116224K, 87% used [0x0000000792080000,0x00000007983ac908,0x0000000799200000)
  to   space 131072K, 0% used [0x00000007a7800000,0x00000007a7800000,0x00000007af800000)
 ParOldGen       total 585728K, used 501070K [0x00000006c0000000, 0x00000006e3c00000, 0x000000076ab00000)
  object space 585728K, 85% used [0x00000006c0000000,0x00000006de953b28,0x00000006e3c00000)
 Metaspace       used 6617K, capacity 7344K, committed 7552K, reserved 1056768K
  class space    used 604K, capacity 616K, committed 640K, reserved 1048576K
}
Event: 56.564 GC heap before
{Heap before GC invocations=22 (full 5):
 PSYoungGen      total 760832K, used 746162K [0x000000076ab00000, 0x00000007af800000, 0x00000007c0000000)
  eden space 644608K, 100% used [0x000000076ab00000,0x0000000792080000,0x0000000792080000)
  from space 116224K, 87% used [0x0000000792080000,0x00000007983ac908,0x0000000799200000)
  to   space 131072K, 0% used [0x00000007a7800000,0x00000007a7800000,0x00000007af800000)
 ParOldGen       total 585728K, used 501070K [0x00000006c0000000, 0x00000006e3c00000, 0x000000076ab00000)
  object space 585728K, 85% used [0x00000006c0000000,0x00000006de953b28,0x00000006e3c00000)
 Metaspace       used 6629K, capacity 7344K, committed 7552K, reserved 1056768K
  class space    used 605K, capacity 616K, committed 640K, reserved 1048576K
Event: 84.336 GC heap after
Heap after GC invocations=22 (full 5):
 PSYoungGen      total 760832K, used 746162K [0x000000076ab00000, 0x00000007af800000, 0x00000007c0000000)
  eden space 644608K, 100% used [0x000000076ab00000,0x0000000792080000,0x0000000792080000)
  from space 116224K, 87% used [0x0000000792080000,0x00000007983ac908,0x0000000799200000)
  to   space 131072K, 99% used [0x00000007a7800000,0x00000007af7f83b0,0x00000007af800000)
 ParOldGen       total 619008K, used 618441K [0x00000006c0000000, 0x00000006e5c80000, 0x000000076ab00000)
  object space 619008K, 99% used [0x00000006c0000000,0x00000006e5bf2540,0x00000006e5c80000)
 Metaspace       used 6629K, capacity 7344K, committed 7552K, reserved 1056768K
  class space    used 605K, capacity 616K, committed 640K, reserved 1048576K
}
Event: 84.355 GC heap before
{Heap before GC invocations=23 (full 6):
 PSYoungGen      total 760832K, used 746162K [0x000000076ab00000, 0x00000007af800000, 0x00000007c0000000)
  eden space 644608K, 100% used [0x000000076ab00000,0x0000000792080000,0x0000000792080000)
  from space 116224K, 87% used [0x0000000792080000,0x00000007983ac908,0x0000000799200000)
  to   space 131072K, 99% used [0x00000007a7800000,0x00000007af7f83b0,0x00000007af800000)
 ParOldGen       total 619008K, used 618441K [0x00000006c0000000, 0x00000006e5c80000, 0x000000076ab00000)
  object space 619008K, 99% used [0x00000006c0000000,0x00000006e5bf2540,0x00000006e5c80000)
 Metaspace       used 6629K, capacity 7344K, committed 7552K, reserved 1056768K
  class space    used 605K, capacity 616K, committed 640K, reserved 1048576K
Event: 87.647 GC heap after
Heap after GC invocations=23 (full 6):
 PSYoungGen      total 760832K, used 136292K [0x000000076ab00000, 0x00000007af800000, 0x00000007c0000000)
  eden space 644608K, 21% used [0x000000076ab00000,0x00000007730193f8,0x0000000792080000)
  from space 116224K, 0% used [0x0000000792080000,0x0000000792080000,0x0000000799200000)
  to   space 131072K, 0% used [0x00000007a7800000,0x00000007a7800000,0x00000007af800000)
 ParOldGen       total 805376K, used 618878K [0x00000006c0000000, 0x00000006f1280000, 0x000000076ab00000)
  object space 805376K, 76% used [0x00000006c0000000,0x00000006e5c5f9a8,0x00000006f1280000)
 Metaspace       used 6629K, capacity 7344K, committed 7552K, reserved 1056768K
  class space    used 605K, capacity 616K, committed 640K, reserved 1048576K
}
Event: 89.828 GC heap before
{Heap before GC invocations=24 (full 6):
 PSYoungGen      total 760832K, used 644608K [0x000000076ab00000, 0x00000007af800000, 0x00000007c0000000)
  eden space 644608K, 100% used [0x000000076ab00000,0x0000000792080000,0x0000000792080000)
  from space 116224K, 0% used [0x0000000792080000,0x0000000792080000,0x0000000799200000)
  to   space 131072K, 0% used [0x00000007a7800000,0x00000007a7800000,0x00000007af800000)
 ParOldGen       total 805376K, used 618878K [0x00000006c0000000, 0x00000006f1280000, 0x000000076ab00000)
  object space 805376K, 76% used [0x00000006c0000000,0x00000006e5c5f9a8,0x00000006f1280000)
 Metaspace       used 6629K, capacity 7344K, committed 7552K, reserved 1056768K
  class space    used 605K, capacity 616K, committed 640K, reserved 1048576K
Event: 91.899 GC heap after
Heap after GC invocations=24 (full 6):
 PSYoungGen      total 905216K, used 55212K [0x000000076ab00000, 0x00000007ac600000, 0x00000007c0000000)
  eden space 825344K, 0% used [0x000000076ab00000,0x000000076ab00000,0x000000079d100000)
  from space 79872K, 69% used [0x00000007a7800000,0x00000007aadeb050,0x00000007ac600000)
  to   space 125440K, 0% used [0x000000079d100000,0x000000079d100000,0x00000007a4b80000)
 ParOldGen       total 805376K, used 706479K [0x00000006c0000000, 0x00000006f1280000, 0x000000076ab00000)
  object space 805376K, 87% used [0x00000006c0000000,0x00000006eb1ebe88,0x00000006f1280000)
 Metaspace       used 6629K, capacity 7344K, committed 7552K, reserved 1056768K
  class space    used 605K, capacity 616K, committed 640K, reserved 1048576K
}
Event: 93.608 GC heap before
{Heap before GC invocations=25 (full 6):
 PSYoungGen      total 905216K, used 880556K [0x000000076ab00000, 0x00000007ac600000, 0x00000007c0000000)
  eden space 825344K, 100% used [0x000000076ab00000,0x000000079d100000,0x000000079d100000)
  from space 79872K, 69% used [0x00000007a7800000,0x00000007aadeb050,0x00000007ac600000)
  to   space 125440K, 0% used [0x000000079d100000,0x000000079d100000,0x00000007a4b80000)
 ParOldGen       total 805376K, used 706479K [0x00000006c0000000, 0x00000006f1280000, 0x000000076ab00000)
  object space 805376K, 87% used [0x00000006c0000000,0x00000006eb1ebe88,0x00000006f1280000)
 Metaspace       used 6629K, capacity 7344K, committed 7552K, reserved 1056768K
  class space    used 605K, capacity 616K, committed 640K, reserved 1048576K

