# JRE version: OpenJDK Runtime Environment (8.0_152-b01) (build 1.8.0_152-release-915-b01)
# Java VM: OpenJDK 64-Bit Server VM (25.152-b01 mixed mode linux-amd64 compressed oops)
Heap:
 PSYoungGen      total 822272K, used 80048K [0x000000076ab00000, 0x00000007aa800000, 0x00000007c0000000)
  eden space 694784K, 0% used [0x000000076ab00000,0x000000076ab00000,0x0000000795180000)
  from space 127488K, 62% used [0x000000079d400000,0x00000007a222c140,0x00000007a5080000)
  to   space 133632K, 0% used [0x0000000795180000,0x0000000795180000,0x000000079d400000)
 ParOldGen       total 394752K, used 394352K [0x00000006c0000000, 0x00000006d8180000, 0x000000076ab00000)
  object space 394752K, 99% used [0x00000006c0000000,0x00000006d811c1f0,0x00000006d8180000)
 Metaspace       used 6634K, capacity 7346K, committed 7552K, reserved 1056768K
  class space    used 605K, capacity 618K, committed 640K, reserved 1048576K
GC Heap History (10 events):
Event: 5.318 GC heap after
Heap after GC invocations=15 (full 2):
 PSYoungGen      total 531968K, used 45344K [0x000000076ab00000, 0x000000079a880000, 0x00000007c0000000)
  eden space 442880K, 0% used [0x000000076ab00000,0x000000076ab00000,0x0000000785b80000)
  from space 89088K, 50% used [0x0000000785b80000,0x00000007887c8290,0x000000078b280000)
  to   space 88576K, 0% used [0x0000000795200000,0x0000000795200000,0x000000079a880000)
 ParOldGen       total 258560K, used 210652K [0x00000006c0000000, 0x00000006cfc80000, 0x000000076ab00000)
  object space 258560K, 81% used [0x00000006c0000000,0x00000006ccdb7258,0x00000006cfc80000)
 Metaspace       used 6620K, capacity 7346K, committed 7552K, reserved 1056768K
  class space    used 605K, capacity 618K, committed 640K, reserved 1048576K
}
Event: 5.318 GC heap before
{Heap before GC invocations=16 (full 3):
 PSYoungGen      total 531968K, used 45344K [0x000000076ab00000, 0x000000079a880000, 0x00000007c0000000)
  eden space 442880K, 0% used [0x000000076ab00000,0x000000076ab00000,0x0000000785b80000)
  from space 89088K, 50% used [0x0000000785b80000,0x00000007887c8290,0x000000078b280000)
  to   space 88576K, 0% used [0x0000000795200000,0x0000000795200000,0x000000079a880000)
 ParOldGen       total 258560K, used 210652K [0x00000006c0000000, 0x00000006cfc80000, 0x000000076ab00000)
  object space 258560K, 81% used [0x00000006c0000000,0x00000006ccdb7258,0x00000006cfc80000)
 Metaspace       used 6620K, capacity 7346K, committed 7552K, reserved 1056768K
  class space    used 605K, capacity 618K, committed 640K, reserved 1048576K
Event: 5.610 GC heap after
Heap after GC invocations=16 (full 3):
 PSYoungGen      total 531968K, used 0K [0x000000076ab00000, 0x000000079a880000, 0x00000007c0000000)
  eden space 442880K, 0% used [0x000000076ab00000,0x000000076ab00000,0x0000000785b80000)
  from space 89088K, 0% used [0x0000000785b80000,0x0000000785b80000,0x000000078b280000)
  to   space 88576K, 0% used [0x0000000795200000,0x0000000795200000,0x000000079a880000)
 ParOldGen       total 387072K, used 250886K [0x00000006c0000000, 0x00000006d7a00000, 0x000000076ab00000)
  object space 387072K, 64% used [0x00000006c0000000,0x00000006cf501958,0x00000006d7a00000)
 Metaspace       used 6620K, capacity 7346K, committed 7552K, reserved 1056768K
  class space    used 605K, capacity 618K, committed 640K, reserved 1048576K
}
Event: 6.024 GC heap before
{Heap before GC invocations=17 (full 3):
 PSYoungGen      total 531968K, used 442880K [0x000000076ab00000, 0x000000079a880000, 0x00000007c0000000)
  eden space 442880K, 100% used [0x000000076ab00000,0x0000000785b80000,0x0000000785b80000)
  from space 89088K, 0% used [0x0000000785b80000,0x0000000785b80000,0x000000078b280000)
  to   space 88576K, 0% used [0x0000000795200000,0x0000000795200000,0x000000079a880000)
 ParOldGen       total 387072K, used 250886K [0x00000006c0000000, 0x00000006d7a00000, 0x000000076ab00000)
  object space 387072K, 64% used [0x00000006c0000000,0x00000006cf501958,0x00000006d7a00000)
 Metaspace       used 6626K, capacity 7346K, committed 7552K, reserved 1056768K
  class space    used 605K, capacity 618K, committed 640K, reserved 1048576K
Event: 6.068 GC heap after
Heap after GC invocations=17 (full 3):
 PSYoungGen      total 623104K, used 62143K [0x000000076ab00000, 0x0000000798f00000, 0x00000007c0000000)
  eden space 560640K, 0% used [0x000000076ab00000,0x000000076ab00000,0x000000078ce80000)
  from space 62464K, 99% used [0x0000000795200000,0x0000000798eaff20,0x0000000798f00000)
  to   space 93696K, 0% used [0x000000078d800000,0x000000078d800000,0x0000000793380000)
 ParOldGen       total 387072K, used 250886K [0x00000006c0000000, 0x00000006d7a00000, 0x000000076ab00000)
  object space 387072K, 64% used [0x00000006c0000000,0x00000006cf501958,0x00000006d7a00000)
 Metaspace       used 6626K, capacity 7346K, committed 7552K, reserved 1056768K
  class space    used 605K, capacity 618K, committed 640K, reserved 1048576K
}
Event: 6.763 GC heap before
{Heap before GC invocations=18 (full 3):
 PSYoungGen      total 623104K, used 622783K [0x000000076ab00000, 0x0000000798f00000, 0x00000007c0000000)
  eden space 560640K, 100% used [0x000000076ab00000,0x000000078ce80000,0x000000078ce80000)
  from space 62464K, 99% used [0x0000000795200000,0x0000000798eaff20,0x0000000798f00000)
  to   space 93696K, 0% used [0x000000078d800000,0x000000078d800000,0x0000000793380000)
 ParOldGen       total 387072K, used 250886K [0x00000006c0000000, 0x00000006d7a00000, 0x000000076ab00000)
  object space 387072K, 64% used [0x00000006c0000000,0x00000006cf501958,0x00000006d7a00000)
 Metaspace       used 6630K, capacity 7346K, committed 7552K, reserved 1056768K
  class space    used 605K, capacity 618K, committed 640K, reserved 1048576K
Event: 6.850 GC heap after
Heap after GC invocations=18 (full 3):
 PSYoungGen      total 664064K, used 93671K [0x000000076ab00000, 0x00000007a5080000, 0x00000007c0000000)
  eden space 570368K, 0% used [0x000000076ab00000,0x000000076ab00000,0x000000078d800000)
  from space 93696K, 99% used [0x000000078d800000,0x0000000793379cd8,0x0000000793380000)
  to   space 127488K, 0% used [0x000000079d400000,0x000000079d400000,0x00000007a5080000)
 ParOldGen       total 387072K, used 299875K [0x00000006c0000000, 0x00000006d7a00000, 0x000000076ab00000)
  object space 387072K, 77% used [0x00000006c0000000,0x00000006d24d8d10,0x00000006d7a00000)
 Metaspace       used 6630K, capacity 7346K, committed 7552K, reserved 1056768K
  class space    used 605K, capacity 618K, committed 640K, reserved 1048576K
}
Event: 8.896 GC heap before
{Heap before GC invocations=19 (full 3):
 PSYoungGen      total 664064K, used 664039K [0x000000076ab00000, 0x00000007a5080000, 0x00000007c0000000)
  eden space 570368K, 100% used [0x000000076ab00000,0x000000078d800000,0x000000078d800000)
  from space 93696K, 99% used [0x000000078d800000,0x0000000793379cd8,0x0000000793380000)
  to   space 127488K, 0% used [0x000000079d400000,0x000000079d400000,0x00000007a5080000)
 ParOldGen       total 387072K, used 299875K [0x00000006c0000000, 0x00000006d7a00000, 0x000000076ab00000)
  object space 387072K, 77% used [0x00000006c0000000,0x00000006d24d8d10,0x00000006d7a00000)
 Metaspace       used 6634K, capacity 7346K, committed 7552K, reserved 1056768K
  class space    used 605K, capacity 618K, committed 640K, reserved 1048576K
Event: 34.977 GC heap after
Heap after GC invocations=19 (full 3):
 PSYoungGen      total 822272K, used 84578K [0x000000076ab00000, 0x00000007aa800000, 0x00000007c0000000)
  eden space 694784K, 0% used [0x000000076ab00000,0x000000076ab00000,0x0000000795180000)
  from space 127488K, 66% used [0x000000079d400000,0x00000007a2698a10,0x00000007a5080000)
  to   space 133632K, 0% used [0x0000000795180000,0x0000000795180000,0x000000079d400000)
 ParOldGen       total 394752K, used 393925K [0x00000006c0000000, 0x00000006d8180000, 0x000000076ab00000)
  object space 394752K, 99% used [0x00000006c0000000,0x00000006d80b1720,0x00000006d8180000)
 Metaspace       used 6634K, capacity 7346K, committed 7552K, reserved 1056768K
  class space    used 605K, capacity 618K, committed 640K, reserved 1048576K
}
Event: 36.775 GC heap before
{Heap before GC invocations=20 (full 4):
 PSYoungGen      total 822272K, used 84578K [0x000000076ab00000, 0x00000007aa800000, 0x00000007c0000000)
  eden space 694784K, 0% used [0x000000076ab00000,0x000000076ab00000,0x0000000795180000)
  from space 127488K, 66% used [0x000000079d400000,0x00000007a2698a10,0x00000007a5080000)
  to   space 133632K, 0% used [0x0000000795180000,0x0000000795180000,0x000000079d400000)
 ParOldGen       total 394752K, used 393925K [0x00000006c0000000, 0x00000006d8180000, 0x000000076ab00000)
  object space 394752K, 99% used [0x00000006c0000000,0x00000006d80b1720,0x00000006d8180000)
 Metaspace       used 6634K, capacity 7346K, committed 7552K, reserved 1056768K
  class space    used 605K, capacity 618K, committed 640K, reserved 1048576K

