# JRE version: OpenJDK Runtime Environment (8.0_152-b01) (build 1.8.0_152-release-915-b01)
# Java VM: OpenJDK 64-Bit Server VM (25.152-b01 mixed mode linux-amd64 compressed oops)
Heap:
 PSYoungGen      total 741376K, used 100507K [0x000000076ab00000, 0x000000079ed00000, 0x00000007c0000000)
  eden space 638976K, 0% used [0x000000076ab00000,0x000000076ab00000,0x0000000791b00000)
  from space 102400K, 98% used [0x0000000791b00000,0x0000000797d26da0,0x0000000797f00000)
  to   space 94208K, 0% used [0x0000000797f00000,0x0000000797f00000,0x000000079db00000)
 ParOldGen       total 632832K, used 492509K [0x00000006c0000000, 0x00000006e6a00000, 0x000000076ab00000)
  object space 632832K, 77% used [0x00000006c0000000,0x00000006de0f7590,0x00000006e6a00000)
 Metaspace       used 6649K, capacity 7346K, committed 7552K, reserved 1056768K
  class space    used 607K, capacity 618K, committed 640K, reserved 1048576K
GC Heap History (10 events):
Event: 139.210 GC heap after
Heap after GC invocations=16 (full 4):
 PSYoungGen      total 414208K, used 0K [0x000000076ab00000, 0x0000000790100000, 0x00000007c0000000)
  eden space 360448K, 0% used [0x000000076ab00000,0x000000076ab00000,0x0000000780b00000)
  from space 53760K, 0% used [0x0000000780b00000,0x0000000780b00000,0x0000000783f80000)
  to   space 72704K, 0% used [0x000000078ba00000,0x000000078ba00000,0x0000000790100000)
 ParOldGen       total 459776K, used 327021K [0x00000006c0000000, 0x00000006dc100000, 0x000000076ab00000)
  object space 459776K, 71% used [0x00000006c0000000,0x00000006d3f5b658,0x00000006dc100000)
 Metaspace       used 6625K, capacity 7346K, committed 7552K, reserved 1056768K
  class space    used 606K, capacity 618K, committed 640K, reserved 1048576K
}
Event: 159.832 GC heap before
{Heap before GC invocations=17 (full 4):
 PSYoungGen      total 414208K, used 360448K [0x000000076ab00000, 0x0000000790100000, 0x00000007c0000000)
  eden space 360448K, 100% used [0x000000076ab00000,0x0000000780b00000,0x0000000780b00000)
  from space 53760K, 0% used [0x0000000780b00000,0x0000000780b00000,0x0000000783f80000)
  to   space 72704K, 0% used [0x000000078ba00000,0x000000078ba00000,0x0000000790100000)
 ParOldGen       total 459776K, used 327021K [0x00000006c0000000, 0x00000006dc100000, 0x000000076ab00000)
  object space 459776K, 71% used [0x00000006c0000000,0x00000006d3f5b658,0x00000006dc100000)
 Metaspace       used 6635K, capacity 7346K, committed 7552K, reserved 1056768K
  class space    used 607K, capacity 618K, committed 640K, reserved 1048576K
Event: 161.259 GC heap after
Heap after GC invocations=17 (full 4):
 PSYoungGen      total 537600K, used 33365K [0x000000076ab00000, 0x000000078fe00000, 0x00000007c0000000)
  eden space 467968K, 0% used [0x000000076ab00000,0x000000076ab00000,0x0000000787400000)
  from space 69632K, 47% used [0x000000078ba00000,0x000000078da954b8,0x000000078fe00000)
  to   space 70656K, 0% used [0x0000000787400000,0x0000000787400000,0x000000078b900000)
 ParOldGen       total 459776K, used 327029K [0x00000006c0000000, 0x00000006dc100000, 0x000000076ab00000)
  object space 459776K, 71% used [0x00000006c0000000,0x00000006d3f5d658,0x00000006dc100000)
 Metaspace       used 6635K, capacity 7346K, committed 7552K, reserved 1056768K
  class space    used 607K, capacity 618K, committed 640K, reserved 1048576K
}
Event: 165.767 GC heap before
{Heap before GC invocations=18 (full 4):
 PSYoungGen      total 537600K, used 501333K [0x000000076ab00000, 0x000000078fe00000, 0x00000007c0000000)
  eden space 467968K, 100% used [0x000000076ab00000,0x0000000787400000,0x0000000787400000)
  from space 69632K, 47% used [0x000000078ba00000,0x000000078da954b8,0x000000078fe00000)
  to   space 70656K, 0% used [0x0000000787400000,0x0000000787400000,0x000000078b900000)
 ParOldGen       total 459776K, used 327029K [0x00000006c0000000, 0x00000006dc100000, 0x000000076ab00000)
  object space 459776K, 71% used [0x00000006c0000000,0x00000006d3f5d658,0x00000006dc100000)
 Metaspace       used 6640K, capacity 7346K, committed 7552K, reserved 1056768K
  class space    used 607K, capacity 618K, committed 640K, reserved 1048576K
Event: 169.251 GC heap after
Heap after GC invocations=18 (full 4):
 PSYoungGen      total 538624K, used 70630K [0x000000076ab00000, 0x000000079db00000, 0x00000007c0000000)
  eden space 467968K, 0% used [0x000000076ab00000,0x000000076ab00000,0x0000000787400000)
  from space 70656K, 99% used [0x0000000787400000,0x000000078b8f9930,0x000000078b900000)
  to   space 94208K, 0% used [0x0000000797f00000,0x0000000797f00000,0x000000079db00000)
 ParOldGen       total 459776K, used 357625K [0x00000006c0000000, 0x00000006dc100000, 0x000000076ab00000)
  object space 459776K, 77% used [0x00000006c0000000,0x00000006d5d3e4c0,0x00000006dc100000)
 Metaspace       used 6640K, capacity 7346K, committed 7552K, reserved 1056768K
  class space    used 607K, capacity 618K, committed 640K, reserved 1048576K
}
Event: 189.996 GC heap before
{Heap before GC invocations=19 (full 4):
 PSYoungGen      total 538624K, used 538598K [0x000000076ab00000, 0x000000079db00000, 0x00000007c0000000)
  eden space 467968K, 100% used [0x000000076ab00000,0x0000000787400000,0x0000000787400000)
  from space 70656K, 99% used [0x0000000787400000,0x000000078b8f9930,0x000000078b900000)
  to   space 94208K, 0% used [0x0000000797f00000,0x0000000797f00000,0x000000079db00000)
 ParOldGen       total 459776K, used 357625K [0x00000006c0000000, 0x00000006dc100000, 0x000000076ab00000)
  object space 459776K, 77% used [0x00000006c0000000,0x00000006d5d3e4c0,0x00000006dc100000)
 Metaspace       used 6647K, capacity 7346K, committed 7552K, reserved 1056768K
  class space    used 607K, capacity 618K, committed 640K, reserved 1048576K
Event: 196.985 GC heap after
Heap after GC invocations=19 (full 4):
 PSYoungGen      total 733184K, used 72786K [0x000000076ab00000, 0x000000079ed00000, 0x00000007c0000000)
  eden space 638976K, 0% used [0x000000076ab00000,0x000000076ab00000,0x0000000791b00000)
  from space 94208K, 77% used [0x0000000797f00000,0x000000079c614870,0x000000079db00000)
  to   space 102400K, 0% used [0x0000000791b00000,0x0000000791b00000,0x0000000797f00000)
 ParOldGen       total 459776K, used 428072K [0x00000006c0000000, 0x00000006dc100000, 0x000000076ab00000)
  object space 459776K, 93% used [0x00000006c0000000,0x00000006da20a0b0,0x00000006dc100000)
 Metaspace       used 6647K, capacity 7346K, committed 7552K, reserved 1056768K
  class space    used 607K, capacity 618K, committed 640K, reserved 1048576K
}
Event: 197.012 GC heap before
{Heap before GC invocations=20 (full 5):
 PSYoungGen      total 733184K, used 72786K [0x000000076ab00000, 0x000000079ed00000, 0x00000007c0000000)
  eden space 638976K, 0% used [0x000000076ab00000,0x000000076ab00000,0x0000000791b00000)
  from space 94208K, 77% used [0x0000000797f00000,0x000000079c614870,0x000000079db00000)
  to   space 102400K, 0% used [0x0000000791b00000,0x0000000791b00000,0x0000000797f00000)
 ParOldGen       total 459776K, used 428072K [0x00000006c0000000, 0x00000006dc100000, 0x000000076ab00000)
  object space 459776K, 93% used [0x00000006c0000000,0x00000006da20a0b0,0x00000006dc100000)
 Metaspace       used 6647K, capacity 7346K, committed 7552K, reserved 1056768K
  class space    used 607K, capacity 618K, committed 640K, reserved 1048576K
Event: 202.346 GC heap after
Heap after GC invocations=20 (full 5):
 PSYoungGen      total 733184K, used 33131K [0x000000076ab00000, 0x000000079ed00000, 0x00000007c0000000)
  eden space 638976K, 0% used [0x000000076ab00000,0x000000076ab00000,0x0000000791b00000)
  from space 94208K, 35% used [0x0000000797f00000,0x0000000799f5ac98,0x000000079db00000)
  to   space 102400K, 0% used [0x0000000791b00000,0x0000000791b00000,0x0000000797f00000)
 ParOldGen       total 632832K, used 459508K [0x00000006c0000000, 0x00000006e6a00000, 0x000000076ab00000)
  object space 632832K, 72% used [0x00000006c0000000,0x00000006dc0bd028,0x00000006e6a00000)
 Metaspace       used 6647K, capacity 7346K, committed 7552K, reserved 1056768K
  class space    used 607K, capacity 618K, committed 640K, reserved 1048576K
}
Event: 239.111 GC heap before
{Heap before GC invocations=21 (full 5):
 PSYoungGen      total 733184K, used 672107K [0x000000076ab00000, 0x000000079ed00000, 0x00000007c0000000)
  eden space 638976K, 100% used [0x000000076ab00000,0x0000000791b00000,0x0000000791b00000)
  from space 94208K, 35% used [0x0000000797f00000,0x0000000799f5ac98,0x000000079db00000)
  to   space 102400K, 0% used [0x0000000791b00000,0x0000000791b00000,0x0000000797f00000)
 ParOldGen       total 632832K, used 459508K [0x00000006c0000000, 0x00000006e6a00000, 0x000000076ab00000)
  object space 632832K, 72% used [0x00000006c0000000,0x00000006dc0bd028,0x00000006e6a00000)
 Metaspace       used 6649K, capacity 7346K, committed 7552K, reserved 1056768K
  class space    used 607K, capacity 618K, committed 640K, reserved 1048576K

